2025-07-08 22:12:20,632 INFO: 
------------------------ neosr ------------------------
Pytorch Version: 2.5.1+cu124. Running on gpu NVIDIA L4, with driver 535.247.01.
2025-07-08 22:12:21,673 INFO: Dataset [paired] is built.
2025-07-08 22:12:21,673 INFO: Training informations:
-------- Starting model: train_plksr_tiny_4x
-------- GPUs detected: 1
-------- Patch size: 32
-------- Dataset size: 1365
-------- Batch size per gpu: 4
-------- Accumulated batches: 4
-------- Required iters per epoch: 342
-------- Total epochs 1316 for total iters 450000.
2025-07-08 22:12:21,753 INFO: Dataset [paired] is built.
2025-07-08 22:12:21,753 INFO: Number of val images/folders: 162
2025-07-08 22:12:21,910 INFO: Using network [plksr].
2025-07-08 22:12:22,075 INFO: Using network [metagan].
2025-07-08 22:12:22,116 INFO: Loading plksr model from /teamspace/studios/this_studio/neosr/experiments/train_plksr_tiny_4x/models/net_g_30000.pth, with param key: [params].
2025-07-08 22:12:22,576 INFO: Loading metagan model from /teamspace/studios/this_studio/neosr/experiments/train_plksr_tiny_4x/models/net_d_30000.pth, with param key: [params].
2025-07-08 22:12:22,715 INFO: Using exponential-moving average.
2025-07-08 22:12:22,904 INFO: Loss [mssim_loss] enabled.
2025-07-08 22:12:22,904 INFO: Loss [gan_loss] enabled.
2025-07-08 22:12:22,904 INFO: Loss [wavelet-guided] enabled.
2025-07-08 22:12:22,904 INFO: Using model [image].
2025-07-08 22:12:23,030 INFO: [1;32mResuming training from epoch: 87, iter: 30000[0m
2025-07-08 22:12:31,806 INFO: AMP enabled with BF16.
2025-07-08 22:12:31,807 INFO: [1;32mStart training from epoch: 87, iter: 30000[0m
2025-07-08 22:14:22,088 INFO: [ epoch:  87 ] [ iter: 30,100 ] [ performance: 0.907 it/s ] [ lr: 1.00e-05 ] [ eta: 5 days, 20:16:05 ] [ l_g_mssim: 1.0250e-03 ] [ l_g_gan: 4.5129e+00 ] [ l_g_total: 4.5139e+00 ] [ l_d_real: 8.5429e-07 ] [ out_d_real: 1.4125e+01 ] [ l_d_fake: 1.3113e-06 ] [ out_d_fake: -1.5062e+01 ] [ l_d_total: 1.0828e-06 ] 
2025-07-08 22:15:07,163 INFO: [ epoch:  87 ] [ iter: 30,200 ] [ performance: 1.287 it/s ] [ lr: 1.00e-05 ] [ eta: 4 days, 0:10:42 ] [ l_g_mssim: 1.9991e-03 ] [ l_g_gan: 3.9234e+00 ] [ l_g_total: 3.9254e+00 ] [ l_d_real: 1.1764e-06 ] [ out_d_real: 1.3688e+01 ] [ l_d_fake: 2.3842e-06 ] [ out_d_fake: -1.3062e+01 ] [ l_d_total: 1.7803e-06 ] 
2025-07-08 22:15:51,011 INFO: [ epoch:  87 ] [ iter: 30,300 ] [ performance: 2.275 it/s ] [ lr: 1.00e-05 ] [ eta: 3 days, 9:05:36 ] [ l_g_mssim: 2.8729e-04 ] [ l_g_gan: 3.0328e+00 ] [ l_g_total: 3.0331e+00 ] [ l_d_real: 1.2182e-06 ] [ out_d_real: 1.4062e+01 ] [ l_d_fake: 5.3823e-05 ] [ out_d_fake: -1.0125e+01 ] [ l_d_total: 2.7521e-05 ] 
2025-07-08 22:16:40,963 INFO: [ epoch:  88 ] [ iter: 30,400 ] [ performance: 2.129 it/s ] [ lr: 1.00e-05 ] [ eta: 3 days, 3:20:47 ] [ l_g_mssim: 8.4698e-04 ] [ l_g_gan: 2.7827e+00 ] [ l_g_total: 2.7835e+00 ] [ l_d_real: 2.2904e-07 ] [ out_d_real: 1.5812e+01 ] [ l_d_fake: 2.2554e-04 ] [ out_d_fake: -9.2500e+00 ] [ l_d_total: 1.1289e-04 ] 
2025-07-08 22:17:26,184 INFO: [ epoch:  88 ] [ iter: 30,500 ] [ performance: 2.204 it/s ] [ lr: 1.00e-05 ] [ eta: 2 days, 22:47:34 ] [ l_g_mssim: 4.8882e-04 ] [ l_g_gan: 2.7557e+00 ] [ l_g_total: 2.7562e+00 ] [ l_d_real: 7.1296e-07 ] [ out_d_real: 1.4688e+01 ] [ l_d_fake: 1.6761e-04 ] [ out_d_fake: -9.1875e+00 ] [ l_d_total: 8.4161e-05 ] 
2025-07-08 22:18:14,525 INFO: [ epoch:  88 ] [ iter: 30,600 ] [ performance: 2.134 it/s ] [ lr: 1.00e-05 ] [ eta: 2 days, 20:21:43 ] [ l_g_mssim: 1.2375e-03 ] [ l_g_gan: 3.5191e+00 ] [ l_g_total: 3.5204e+00 ] [ l_d_real: 1.7218e-07 ] [ out_d_real: 1.6125e+01 ] [ l_d_fake: 1.6689e-05 ] [ out_d_fake: -1.1750e+01 ] [ l_d_total: 8.4307e-06 ] 
2025-07-08 22:19:03,691 INFO: [ epoch:  89 ] [ iter: 30,700 ] [ performance: 2.015 it/s ] [ lr: 1.00e-05 ] [ eta: 2 days, 18:45:37 ] [ l_g_mssim: 7.6362e-04 ] [ l_g_gan: 3.3844e+00 ] [ l_g_total: 3.3851e+00 ] [ l_d_real: 4.8675e-05 ] [ out_d_real: 1.1125e+01 ] [ l_d_fake: 1.3173e-05 ] [ out_d_fake: -1.1250e+01 ] [ l_d_total: 3.0924e-05 ] 
2025-07-08 22:19:47,587 INFO: [ epoch:  89 ] [ iter: 30,800 ] [ performance: 2.141 it/s ] [ lr: 1.00e-05 ] [ eta: 2 days, 16:47:18 ] [ l_g_mssim: 1.4611e-03 ] [ l_g_gan: 3.4113e+00 ] [ l_g_total: 3.4128e+00 ] [ l_d_real: 2.5490e-05 ] [ out_d_real: 1.1125e+01 ] [ l_d_fake: 1.3351e-05 ] [ out_d_fake: -1.1375e+01 ] [ l_d_total: 1.9421e-05 ] 
2025-07-08 22:20:33,062 INFO: [ epoch:  89 ] [ iter: 30,900 ] [ performance: 2.178 it/s ] [ lr: 1.00e-05 ] [ eta: 2 days, 15:27:23 ] [ l_g_mssim: 2.8651e-03 ] [ l_g_gan: 3.5590e+00 ] [ l_g_total: 3.5619e+00 ] [ l_d_real: 5.8113e-06 ] [ out_d_real: 1.2562e+01 ] [ l_d_fake: 7.6890e-06 ] [ out_d_fake: -1.1875e+01 ] [ l_d_total: 6.7502e-06 ] 
2025-07-08 22:21:14,984 INFO: [ epoch:  89 ] [ iter: 31,000 ] [ performance: 2.279 it/s ] [ lr: 1.00e-05 ] [ eta: 2 days, 13:58:30 ] [ l_g_mssim: 1.2629e-03 ] [ l_g_gan: 4.0840e+00 ] [ l_g_total: 4.0852e+00 ] [ l_d_real: 5.2506e-06 ] [ out_d_real: 1.3750e+01 ] [ l_d_fake: 1.8477e-06 ] [ out_d_fake: -1.3625e+01 ] [ l_d_total: 3.5492e-06 ] 
2025-07-08 22:22:02,688 INFO: [ epoch:  90 ] [ iter: 31,100 ] [ performance: 2.131 it/s ] [ lr: 1.00e-05 ] [ eta: 2 days, 13:22:24 ] [ l_g_mssim: 1.6920e-03 ] [ l_g_gan: 4.3945e+00 ] [ l_g_total: 4.3962e+00 ] [ l_d_real: 1.0409e-05 ] [ out_d_real: 1.1750e+01 ] [ l_d_fake: 4.7684e-07 ] [ out_d_fake: -1.4625e+01 ] [ l_d_total: 5.4428e-06 ] 
2025-07-08 22:22:45,010 INFO: [ epoch:  90 ] [ iter: 31,200 ] [ performance: 2.244 it/s ] [ lr: 1.00e-05 ] [ eta: 2 days, 12:20:51 ] [ l_g_mssim: 1.0819e-03 ] [ l_g_gan: 5.2324e+00 ] [ l_g_total: 5.2335e+00 ] [ l_d_real: 2.5403e-06 ] [ out_d_real: 1.3500e+01 ] [ l_d_fake: 5.9605e-08 ] [ out_d_fake: -1.7500e+01 ] [ l_d_total: 1.2999e-06 ] 
2025-07-08 22:23:30,532 INFO: [ epoch:  90 ] [ iter: 31,300 ] [ performance: 2.317 it/s ] [ lr: 1.00e-05 ] [ eta: 2 days, 11:45:51 ] [ l_g_mssim: 1.2284e-03 ] [ l_g_gan: 3.7805e+00 ] [ l_g_total: 3.7817e+00 ] [ l_d_real: 1.4875e-06 ] [ out_d_real: 1.3688e+01 ] [ l_d_fake: 4.1127e-06 ] [ out_d_fake: -1.2625e+01 ] [ l_d_total: 2.8001e-06 ] 
2025-07-08 22:24:20,213 INFO: [ epoch:  91 ] [ iter: 31,400 ] [ performance: 2.150 it/s ] [ lr: 1.00e-05 ] [ eta: 2 days, 11:36:30 ] [ l_g_mssim: 1.4354e-03 ] [ l_g_gan: 4.8633e+00 ] [ l_g_total: 4.8647e+00 ] [ l_d_real: 7.8868e-07 ] [ out_d_real: 1.4625e+01 ] [ l_d_fake: 0.0000e+00 ] [ out_d_fake: -1.6250e+01 ] [ l_d_total: 3.9434e-07 ] 
2025-07-08 22:25:03,877 INFO: [ epoch:  91 ] [ iter: 31,500 ] [ performance: 2.266 it/s ] [ lr: 1.00e-05 ] [ eta: 2 days, 11:00:16 ] [ l_g_mssim: 4.7936e-04 ] [ l_g_gan: 4.8164e+00 ] [ l_g_total: 4.8169e+00 ] [ l_d_real: 4.8240e-07 ] [ out_d_real: 1.4750e+01 ] [ l_d_fake: 8.3447e-07 ] [ out_d_fake: -1.6000e+01 ] [ l_d_total: 6.5843e-07 ] 
2025-07-08 22:25:49,543 INFO: [ epoch:  91 ] [ iter: 31,600 ] [ performance: 2.226 it/s ] [ lr: 1.00e-05 ] [ eta: 2 days, 10:37:13 ] [ l_g_mssim: 1.7866e-03 ] [ l_g_gan: 4.3828e+00 ] [ l_g_total: 4.3846e+00 ] [ l_d_real: 3.7303e-08 ] [ out_d_real: 1.7500e+01 ] [ l_d_fake: 7.7486e-07 ] [ out_d_fake: -1.4625e+01 ] [ l_d_total: 4.0608e-07 ] 
2025-07-08 22:26:26,557 INFO: [ epoch:  91 ] [ iter: 31,700 ] [ performance: 2.725 it/s ] [ lr: 1.00e-05 ] [ eta: 2 days, 9:41:18 ] [ l_g_mssim: 1.1231e-03 ] [ l_g_gan: 3.6973e+00 ] [ l_g_total: 3.6984e+00 ] [ l_d_real: 4.1176e-06 ] [ out_d_real: 1.2562e+01 ] [ l_d_fake: 5.9009e-06 ] [ out_d_fake: -1.2312e+01 ] [ l_d_total: 5.0092e-06 ] 
2025-07-08 22:27:19,935 INFO: [ epoch:  92 ] [ iter: 31,800 ] [ performance: 2.204 it/s ] [ lr: 1.00e-05 ] [ eta: 2 days, 9:54:55 ] [ l_g_mssim: 1.3712e-03 ] [ l_g_gan: 2.6801e+00 ] [ l_g_total: 2.6815e+00 ] [ l_d_real: 1.6094e-05 ] [ out_d_real: 1.1125e+01 ] [ l_d_fake: 1.4234e-04 ] [ out_d_fake: -8.9375e+00 ] [ l_d_total: 7.9215e-05 ] 
2025-07-08 22:28:02,931 INFO: [ epoch:  92 ] [ iter: 31,900 ] [ performance: 2.312 it/s ] [ lr: 1.00e-05 ] [ eta: 2 days, 9:28:55 ] [ l_g_mssim: 1.3696e-03 ] [ l_g_gan: 3.9586e+00 ] [ l_g_total: 3.9600e+00 ] [ l_d_real: 1.5961e-05 ] [ out_d_real: 1.1438e+01 ] [ l_d_fake: 2.0862e-06 ] [ out_d_fake: -1.3188e+01 ] [ l_d_total: 9.0237e-06 ] 
2025-07-08 22:28:45,315 INFO: [ epoch:  92 ] [ iter: 32,000 ] [ performance: 2.337 it/s ] [ lr: 1.00e-05 ] [ eta: 2 days, 9:03:19 ] [ l_g_mssim: 1.1438e-03 ] [ l_g_gan: 4.1273e+00 ] [ l_g_total: 4.1285e+00 ] [ l_d_real: 6.8004e-07 ] [ out_d_real: 1.4688e+01 ] [ l_d_fake: 1.2517e-06 ] [ out_d_fake: -1.3750e+01 ] [ l_d_total: 9.6587e-07 ] 
2025-07-08 22:29:29,099 INFO: [ epoch:  93 ] [ iter: 32,100 ] [ performance: 2.295 it/s ] [ lr: 1.00e-05 ] [ eta: 2 days, 8:44:44 ] [ l_g_mssim: 1.3008e-03 ] [ l_g_gan: 2.8131e+00 ] [ l_g_total: 2.8144e+00 ] [ l_d_real: 2.5788e-05 ] [ out_d_real: 1.0750e+01 ] [ l_d_fake: 1.7384e-04 ] [ out_d_fake: -9.3750e+00 ] [ l_d_total: 9.9812e-05 ] 
2025-07-08 22:30:10,069 INFO: [ epoch:  93 ] [ iter: 32,200 ] [ performance: 2.370 it/s ] [ lr: 1.00e-05 ] [ eta: 2 days, 8:18:51 ] [ l_g_mssim: 1.1340e-03 ] [ l_g_gan: 4.9605e+00 ] [ l_g_total: 4.9617e+00 ] [ l_d_real: 1.0680e-06 ] [ out_d_real: 1.3812e+01 ] [ l_d_fake: 0.0000e+00 ] [ out_d_fake: -1.6500e+01 ] [ l_d_total: 5.3402e-07 ] 
2025-07-08 22:30:51,335 INFO: [ epoch:  93 ] [ iter: 32,300 ] [ performance: 2.500 it/s ] [ lr: 1.00e-05 ] [ eta: 2 days, 7:56:04 ] [ l_g_mssim: 6.6779e-04 ] [ l_g_gan: 5.1375e+00 ] [ l_g_total: 5.1382e+00 ] [ l_d_real: 1.0416e-06 ] [ out_d_real: 1.4000e+01 ] [ l_d_fake: 0.0000e+00 ] [ out_d_fake: -1.7125e+01 ] [ l_d_total: 5.2078e-07 ] 
2025-07-08 22:31:32,892 INFO: [ epoch:  94 ] [ iter: 32,400 ] [ performance: 2.450 it/s ] [ lr: 1.00e-05 ] [ eta: 2 days, 7:35:58 ] [ l_g_mssim: 1.9377e-03 ] [ l_g_gan: 3.2391e+00 ] [ l_g_total: 3.2410e+00 ] [ l_d_real: 5.2354e-05 ] [ out_d_real: 1.0750e+01 ] [ l_d_fake: 2.2709e-05 ] [ out_d_fake: -1.0812e+01 ] [ l_d_total: 3.7531e-05 ] 
2025-07-08 22:32:11,048 INFO: [ epoch:  94 ] [ iter: 32,500 ] [ performance: 2.638 it/s ] [ lr: 1.00e-05 ] [ eta: 2 days, 7:07:57 ] [ l_g_mssim: 7.8835e-04 ] [ l_g_gan: 3.9598e+00 ] [ l_g_total: 3.9606e+00 ] [ l_d_real: 7.3791e-06 ] [ out_d_real: 1.2000e+01 ] [ l_d_fake: 2.8014e-06 ] [ out_d_fake: -1.3188e+01 ] [ l_d_total: 5.0903e-06 ] 
2025-07-08 22:32:49,507 INFO: [ epoch:  94 ] [ iter: 32,600 ] [ performance: 2.618 it/s ] [ lr: 1.00e-05 ] [ eta: 2 days, 6:42:51 ] [ l_g_mssim: 1.0065e-03 ] [ l_g_gan: 3.8613e+00 ] [ l_g_total: 3.8623e+00 ] [ l_d_real: 8.3280e-07 ] [ out_d_real: 1.4062e+01 ] [ l_d_fake: 2.7418e-06 ] [ out_d_fake: -1.2875e+01 ] [ l_d_total: 1.7873e-06 ] 
2025-07-08 22:33:29,046 INFO: [ epoch:  94 ] [ iter: 32,700 ] [ performance: 2.569 it/s ] [ lr: 1.00e-05 ] [ eta: 2 days, 6:22:21 ] [ l_g_mssim: 7.4865e-04 ] [ l_g_gan: 2.8676e+00 ] [ l_g_total: 2.8684e+00 ] [ l_d_real: 5.2058e-06 ] [ out_d_real: 1.2250e+01 ] [ l_d_fake: 7.7903e-05 ] [ out_d_fake: -9.5625e+00 ] [ l_d_total: 4.1555e-05 ] 
2025-07-08 22:34:08,351 INFO: [ epoch:  95 ] [ iter: 32,800 ] [ performance: 2.556 it/s ] [ lr: 1.00e-05 ] [ eta: 2 days, 6:02:41 ] [ l_g_mssim: 2.8465e-03 ] [ l_g_gan: 4.2797e+00 ] [ l_g_total: 4.2825e+00 ] [ l_d_real: 2.9628e-06 ] [ out_d_real: 1.3312e+01 ] [ l_d_fake: 8.3447e-07 ] [ out_d_fake: -1.4250e+01 ] [ l_d_total: 1.8986e-06 ] 
2025-07-08 22:34:46,657 INFO: [ epoch:  95 ] [ iter: 32,900 ] [ performance: 2.568 it/s ] [ lr: 1.00e-05 ] [ eta: 2 days, 5:41:56 ] [ l_g_mssim: 9.2238e-04 ] [ l_g_gan: 1.8458e+00 ] [ l_g_total: 1.8467e+00 ] [ l_d_real: 2.8313e-05 ] [ out_d_real: 1.1250e+01 ] [ l_d_fake: 1.2035e+00 ] [ out_d_fake: -4.9375e+00 ] [ l_d_total: 6.0176e-01 ] 
2025-07-08 22:35:24,185 INFO: [ epoch:  95 ] [ iter: 33,000 ] [ performance: 2.619 it/s ] [ lr: 1.00e-05 ] [ eta: 2 days, 5:20:44 ] [ l_g_mssim: 1.8328e-03 ] [ l_g_gan: 2.6966e+00 ] [ l_g_total: 2.6984e+00 ] [ l_d_real: 1.9194e-06 ] [ out_d_real: 1.4188e+01 ] [ l_d_fake: 4.3520e-04 ] [ out_d_fake: -9.0000e+00 ] [ l_d_total: 2.1856e-04 ] 
2025-07-08 22:36:08,751 INFO: [ epoch:  96 ] [ iter: 33,100 ] [ performance: 2.329 it/s ] [ lr: 1.00e-05 ] [ eta: 2 days, 5:16:37 ] [ l_g_mssim: 1.6951e-03 ] [ l_g_gan: 3.1137e+00 ] [ l_g_total: 3.1154e+00 ] [ l_d_real: 6.8448e-07 ] [ out_d_real: 1.5062e+01 ] [ l_d_fake: 3.7253e-05 ] [ out_d_fake: -1.0375e+01 ] [ l_d_total: 1.8969e-05 ] 
2025-07-08 22:36:46,965 INFO: [ epoch:  96 ] [ iter: 33,200 ] [ performance: 2.476 it/s ] [ lr: 1.00e-05 ] [ eta: 2 days, 4:58:56 ] [ l_g_mssim: 1.3982e-03 ] [ l_g_gan: 2.7961e+00 ] [ l_g_total: 2.7975e+00 ] [ l_d_real: 3.2482e-06 ] [ out_d_real: 1.2812e+01 ] [ l_d_fake: 1.1924e-04 ] [ out_d_fake: -9.3125e+00 ] [ l_d_total: 6.1244e-05 ] 
2025-07-08 22:37:22,810 INFO: [ epoch:  96 ] [ iter: 33,300 ] [ performance: 2.829 it/s ] [ lr: 1.00e-05 ] [ eta: 2 days, 4:37:18 ] [ l_g_mssim: 7.4888e-04 ] [ l_g_gan: 3.5777e+00 ] [ l_g_total: 3.5785e+00 ] [ l_d_real: 1.1212e-05 ] [ out_d_real: 1.2250e+01 ] [ l_d_fake: 8.1062e-06 ] [ out_d_fake: -1.1938e+01 ] [ l_d_total: 9.6592e-06 ] 
2025-07-08 22:37:59,936 INFO: [ epoch:  96 ] [ iter: 33,400 ] [ performance: 2.754 it/s ] [ lr: 1.00e-05 ] [ eta: 2 days, 4:19:30 ] [ l_g_mssim: 1.1490e-03 ] [ l_g_gan: 3.6680e+00 ] [ l_g_total: 3.6691e+00 ] [ l_d_real: 2.6891e-05 ] [ out_d_real: 1.0625e+01 ] [ l_d_fake: 5.8413e-06 ] [ out_d_fake: -1.2250e+01 ] [ l_d_total: 1.6366e-05 ] 
2025-07-08 22:38:41,538 INFO: [ epoch:  97 ] [ iter: 33,500 ] [ performance: 2.668 it/s ] [ lr: 1.00e-05 ] [ eta: 2 days, 4:11:35 ] [ l_g_mssim: 1.3535e-03 ] [ l_g_gan: 3.1342e+00 ] [ l_g_total: 3.1356e+00 ] [ l_d_real: 2.6806e-05 ] [ out_d_real: 1.1062e+01 ] [ l_d_fake: 2.2042e-04 ] [ out_d_fake: -1.0438e+01 ] [ l_d_total: 1.2361e-04 ] 
2025-07-08 22:39:20,982 INFO: [ epoch:  97 ] [ iter: 33,600 ] [ performance: 2.594 it/s ] [ lr: 1.00e-05 ] [ eta: 2 days, 3:59:54 ] [ l_g_mssim: 2.4173e-04 ] [ l_g_gan: 2.9473e+00 ] [ l_g_total: 2.9475e+00 ] [ l_d_real: 3.5775e-06 ] [ out_d_real: 1.2812e+01 ] [ l_d_fake: 5.8413e-05 ] [ out_d_fake: -9.8125e+00 ] [ l_d_total: 3.0995e-05 ] 
2025-07-08 22:39:58,493 INFO: [ epoch:  97 ] [ iter: 33,700 ] [ performance: 2.716 it/s ] [ lr: 1.00e-05 ] [ eta: 2 days, 3:45:11 ] [ l_g_mssim: 5.7303e-04 ] [ l_g_gan: 3.8578e+00 ] [ l_g_total: 3.8584e+00 ] [ l_d_real: 5.4082e-07 ] [ out_d_real: 1.5312e+01 ] [ l_d_fake: 3.3975e-06 ] [ out_d_fake: -1.2875e+01 ] [ l_d_total: 1.9691e-06 ] 
2025-07-08 22:40:39,459 INFO: [ epoch:  98 ] [ iter: 33,800 ] [ performance: 2.558 it/s ] [ lr: 1.00e-05 ] [ eta: 2 days, 3:37:31 ] [ l_g_mssim: 6.9257e-04 ] [ l_g_gan: 3.4137e+00 ] [ l_g_total: 3.4144e+00 ] [ l_d_real: 8.2862e-08 ] [ out_d_real: 1.6500e+01 ] [ l_d_fake: 1.3411e-05 ] [ out_d_fake: -1.1375e+01 ] [ l_d_total: 6.7470e-06 ] 
2025-07-08 22:41:16,534 INFO: [ epoch:  98 ] [ iter: 33,900 ] [ performance: 2.795 it/s ] [ lr: 1.00e-05 ] [ eta: 2 days, 3:23:18 ] [ l_g_mssim: 1.5473e-03 ] [ l_g_gan: 4.0057e+00 ] [ l_g_total: 4.0072e+00 ] [ l_d_real: 5.7204e-01 ] [ out_d_real: 9.9375e+00 ] [ l_d_fake: 7.1719e-04 ] [ out_d_fake: -1.3375e+01 ] [ l_d_total: 2.8638e-01 ] 
2025-07-08 22:41:54,368 INFO: [ epoch:  98 ] [ iter: 34,000 ] [ performance: 2.709 it/s ] [ lr: 1.00e-05 ] [ eta: 2 days, 3:11:04 ] [ l_g_mssim: 1.7226e-03 ] [ l_g_gan: 4.0230e+00 ] [ l_g_total: 4.0248e+00 ] [ l_d_real: 9.7504e-06 ] [ out_d_real: 1.1750e+01 ] [ l_d_fake: 2.1458e-06 ] [ out_d_fake: -1.3438e+01 ] [ l_d_total: 5.9481e-06 ] 
2025-07-08 22:42:36,629 INFO: [ epoch:  99 ] [ iter: 34,100 ] [ performance: 2.291 it/s ] [ lr: 1.00e-05 ] [ eta: 2 days, 3:06:54 ] [ l_g_mssim: 1.3417e-03 ] [ l_g_gan: 3.6539e+00 ] [ l_g_total: 3.6552e+00 ] [ l_d_real: 1.1809e-05 ] [ out_d_real: 1.1438e+01 ] [ l_d_fake: 6.3181e-06 ] [ out_d_fake: -1.2188e+01 ] [ l_d_total: 9.0636e-06 ] 
2025-07-08 22:43:16,792 INFO: [ epoch:  99 ] [ iter: 34,200 ] [ performance: 2.398 it/s ] [ lr: 1.00e-05 ] [ eta: 2 days, 2:59:25 ] [ l_g_mssim: 1.4568e-03 ] [ l_g_gan: 4.1836e+00 ] [ l_g_total: 4.1851e+00 ] [ l_d_real: 5.5217e-03 ] [ out_d_real: 9.0000e+00 ] [ l_d_fake: 2.8014e-06 ] [ out_d_fake: -1.3938e+01 ] [ l_d_total: 2.7623e-03 ] 
2025-07-08 22:43:53,642 INFO: [ epoch:  99 ] [ iter: 34,300 ] [ performance: 2.861 it/s ] [ lr: 1.00e-05 ] [ eta: 2 days, 2:46:55 ] [ l_g_mssim: 1.1350e-03 ] [ l_g_gan: 4.7789e+00 ] [ l_g_total: 4.7800e+00 ] [ l_d_real: 4.9839e-06 ] [ out_d_real: 1.3188e+01 ] [ l_d_fake: 5.9605e-08 ] [ out_d_fake: -1.5938e+01 ] [ l_d_total: 2.5217e-06 ] 
2025-07-08 22:44:30,096 INFO: [ epoch:  99 ] [ iter: 34,400 ] [ performance: 2.794 it/s ] [ lr: 1.00e-05 ] [ eta: 2 days, 2:34:20 ] [ l_g_mssim: 4.7318e-04 ] [ l_g_gan: 4.5328e+00 ] [ l_g_total: 4.5333e+00 ] [ l_d_real: 2.7934e-05 ] [ out_d_real: 1.1438e+01 ] [ l_d_fake: 2.3842e-07 ] [ out_d_fake: -1.5125e+01 ] [ l_d_total: 1.4086e-05 ] 
2025-07-08 22:45:13,491 INFO: [ epoch: 100 ] [ iter: 34,500 ] [ performance: 2.107 it/s ] [ lr: 1.00e-05 ] [ eta: 2 days, 2:32:59 ] [ l_g_mssim: 9.8529e-04 ] [ l_g_gan: 4.0980e+00 ] [ l_g_total: 4.0990e+00 ] [ l_d_real: 1.3447e-06 ] [ out_d_real: 1.6250e+01 ] [ l_d_fake: 1.7881e-06 ] [ out_d_fake: -1.3688e+01 ] [ l_d_total: 1.5664e-06 ] 
2025-07-08 22:45:50,587 INFO: [ epoch: 100 ] [ iter: 34,600 ] [ performance: 2.402 it/s ] [ lr: 1.00e-05 ] [ eta: 2 days, 2:22:09 ] [ l_g_mssim: 8.8627e-04 ] [ l_g_gan: 4.6348e+00 ] [ l_g_total: 4.6357e+00 ] [ l_d_real: 9.4618e-08 ] [ out_d_real: 1.6375e+01 ] [ l_d_fake: 0.0000e+00 ] [ out_d_fake: -1.5438e+01 ] [ l_d_total: 4.7309e-08 ] 
2025-07-08 22:46:27,138 INFO: [ epoch: 100 ] [ iter: 34,700 ] [ performance: 2.806 it/s ] [ lr: 1.00e-05 ] [ eta: 2 days, 2:10:58 ] [ l_g_mssim: 1.8253e-03 ] [ l_g_gan: 3.7512e+00 ] [ l_g_total: 3.7530e+00 ] [ l_d_real: 1.8698e-07 ] [ out_d_real: 1.5938e+01 ] [ l_d_fake: 2.1398e-05 ] [ out_d_fake: -1.2500e+01 ] [ l_d_total: 1.0793e-05 ] 
2025-07-08 22:47:08,408 INFO: [ epoch: 101 ] [ iter: 34,800 ] [ performance: 2.576 it/s ] [ lr: 1.00e-05 ] [ eta: 2 days, 2:07:02 ] [ l_g_mssim: 1.8924e-03 ] [ l_g_gan: 2.5319e+00 ] [ l_g_total: 2.5338e+00 ] [ l_d_real: 1.7847e-05 ] [ out_d_real: 1.1438e+01 ] [ l_d_fake: 3.7876e-04 ] [ out_d_fake: -8.4375e+00 ] [ l_d_total: 1.9830e-04 ] 
2025-07-08 22:47:47,244 INFO: [ epoch: 101 ] [ iter: 34,900 ] [ performance: 2.545 it/s ] [ lr: 1.00e-05 ] [ eta: 2 days, 1:59:47 ] [ l_g_mssim: 1.7957e-03 ] [ l_g_gan: 3.7875e+00 ] [ l_g_total: 3.7893e+00 ] [ l_d_real: 2.1253e-06 ] [ out_d_real: 1.3625e+01 ] [ l_d_fake: 4.7684e-06 ] [ out_d_fake: -1.2625e+01 ] [ l_d_total: 3.4468e-06 ] 
2025-07-08 22:48:25,145 INFO: [ epoch: 101 ] [ iter: 35,000 ] [ performance: 2.597 it/s ] [ lr: 1.00e-05 ] [ eta: 2 days, 1:51:30 ] [ l_g_mssim: 8.7992e-04 ] [ l_g_gan: 3.9457e+00 ] [ l_g_total: 3.9466e+00 ] [ l_d_real: 1.3740e-06 ] [ out_d_real: 1.4875e+01 ] [ l_d_fake: 9.8348e-06 ] [ out_d_fake: -1.3125e+01 ] [ l_d_total: 5.6044e-06 ] 
2025-07-08 22:48:25,147 INFO: [1;32mSaving models and training states.[0m
2025-07-08 23:34:19,304 INFO: Validation val

	 # psnr: 37.7616[1;32m........ Best: 37.7616 @ 35000 iter[0m
	 # ssim: 0.9581[1;32m........ Best: 0.9581 @ 35000 iter[0m

2025-07-08 23:34:33,014 INFO: [ epoch: 101 ] [ iter: 35,100 ] [ performance: 7.374 it/s ] [ lr: 1.00e-05 ] [ eta: 4 days, 15:25:46 ] [ l_g_mssim: 8.0565e-04 ] [ l_g_gan: 4.8785e+00 ] [ l_g_total: 4.8793e+00 ] [ l_d_real: 4.6105e-08 ] [ out_d_real: 1.7125e+01 ] [ l_d_fake: 0.0000e+00 ] [ out_d_fake: -1.6250e+01 ] [ l_d_total: 2.3053e-08 ] 
2025-07-08 23:35:16,432 INFO: [ epoch: 102 ] [ iter: 35,200 ] [ performance: 3.266 it/s ] [ lr: 1.00e-05 ] [ eta: 4 days, 14:13:19 ] [ l_g_mssim: 4.2315e-04 ] [ l_g_gan: 3.6586e+00 ] [ l_g_total: 3.6590e+00 ] [ l_d_real: 1.6883e-06 ] [ out_d_real: 1.3375e+01 ] [ l_d_fake: 5.6028e-06 ] [ out_d_fake: -1.2188e+01 ] [ l_d_total: 3.6456e-06 ] 
2025-07-08 23:35:57,289 INFO: [ epoch: 102 ] [ iter: 35,300 ] [ performance: 2.344 it/s ] [ lr: 1.00e-05 ] [ eta: 4 days, 13:00:14 ] [ l_g_mssim: 1.2012e-03 ] [ l_g_gan: 3.8027e+00 ] [ l_g_total: 3.8039e+00 ] [ l_d_real: 1.3729e-06 ] [ out_d_real: 1.4250e+01 ] [ l_d_fake: 3.6359e-06 ] [ out_d_fake: -1.2688e+01 ] [ l_d_total: 2.5044e-06 ] 
2025-07-08 23:36:41,306 INFO: [ epoch: 102 ] [ iter: 35,400 ] [ performance: 2.302 it/s ] [ lr: 1.00e-05 ] [ eta: 4 days, 11:53:54 ] [ l_g_mssim: 1.9956e-03 ] [ l_g_gan: 3.9750e+00 ] [ l_g_total: 3.9770e+00 ] [ l_d_real: 8.2784e-08 ] [ out_d_real: 1.6875e+01 ] [ l_d_fake: 4.1127e-06 ] [ out_d_fake: -1.3250e+01 ] [ l_d_total: 2.0978e-06 ] 
2025-07-08 23:37:27,267 INFO: [ epoch: 103 ] [ iter: 35,500 ] [ performance: 2.211 it/s ] [ lr: 1.00e-05 ] [ eta: 4 days, 10:52:22 ] [ l_g_mssim: 1.7878e-03 ] [ l_g_gan: 3.3832e+00 ] [ l_g_total: 3.3850e+00 ] [ l_d_real: 1.8686e-04 ] [ out_d_real: 9.9375e+00 ] [ l_d_fake: 1.7822e-05 ] [ out_d_fake: -1.1250e+01 ] [ l_d_total: 1.0234e-04 ] 
2025-07-08 23:38:08,584 INFO: [ epoch: 103 ] [ iter: 35,600 ] [ performance: 2.327 it/s ] [ lr: 1.00e-05 ] [ eta: 4 days, 9:47:18 ] [ l_g_mssim: 2.4952e-03 ] [ l_g_gan: 4.0629e+00 ] [ l_g_total: 4.0654e+00 ] [ l_d_real: 1.0836e-06 ] [ out_d_real: 1.4125e+01 ] [ l_d_fake: 2.0862e-06 ] [ out_d_fake: -1.3562e+01 ] [ l_d_total: 1.5849e-06 ] 
2025-07-08 23:38:54,856 INFO: [ epoch: 103 ] [ iter: 35,700 ] [ performance: 2.136 it/s ] [ lr: 1.00e-05 ] [ eta: 4 days, 8:50:29 ] [ l_g_mssim: 6.3866e-04 ] [ l_g_gan: 4.4215e+00 ] [ l_g_total: 4.4221e+00 ] [ l_d_real: 6.2470e-07 ] [ out_d_real: 1.4500e+01 ] [ l_d_fake: 3.5763e-07 ] [ out_d_fake: -1.4750e+01 ] [ l_d_total: 4.9117e-07 ] 
2025-07-08 23:39:42,315 INFO: [ epoch: 104 ] [ iter: 35,800 ] [ performance: 2.119 it/s ] [ lr: 1.00e-05 ] [ eta: 4 days, 7:57:00 ] [ l_g_mssim: 8.6561e-04 ] [ l_g_gan: 3.7465e+00 ] [ l_g_total: 3.7474e+00 ] [ l_d_real: 9.3147e-06 ] [ out_d_real: 1.2312e+01 ] [ l_d_fake: 1.3053e-05 ] [ out_d_fake: -1.2500e+01 ] [ l_d_total: 1.1184e-05 ] 
2025-07-08 23:40:22,314 INFO: [ epoch: 104 ] [ iter: 35,900 ] [ performance: 2.461 it/s ] [ lr: 1.00e-05 ] [ eta: 4 days, 6:56:36 ] [ l_g_mssim: 9.8485e-04 ] [ l_g_gan: 2.9227e+00 ] [ l_g_total: 2.9237e+00 ] [ l_d_real: 1.1759e-04 ] [ out_d_real: 9.3125e+00 ] [ l_d_fake: 7.1704e-05 ] [ out_d_fake: -9.7500e+00 ] [ l_d_total: 9.4645e-05 ] 
2025-07-08 23:41:05,814 INFO: [ epoch: 104 ] [ iter: 36,000 ] [ performance: 2.364 it/s ] [ lr: 1.00e-05 ] [ eta: 4 days, 6:02:12 ] [ l_g_mssim: 1.7185e-03 ] [ l_g_gan: 3.9328e+00 ] [ l_g_total: 3.9345e+00 ] [ l_d_real: 2.8022e-05 ] [ out_d_real: 1.1812e+01 ] [ l_d_fake: 8.9407e-06 ] [ out_d_fake: -1.3125e+01 ] [ l_d_total: 1.8481e-05 ] 
2025-07-08 23:41:47,459 INFO: [ epoch: 104 ] [ iter: 36,100 ] [ performance: 2.344 it/s ] [ lr: 1.00e-05 ] [ eta: 4 days, 5:07:28 ] [ l_g_mssim: 7.9298e-04 ] [ l_g_gan: 4.5375e+00 ] [ l_g_total: 4.5383e+00 ] [ l_d_real: 2.7073e-07 ] [ out_d_real: 1.5750e+01 ] [ l_d_fake: 2.3842e-07 ] [ out_d_fake: -1.5125e+01 ] [ l_d_total: 2.5457e-07 ] 
2025-07-08 23:42:31,048 INFO: [ epoch: 105 ] [ iter: 36,200 ] [ performance: 2.314 it/s ] [ lr: 1.00e-05 ] [ eta: 4 days, 4:16:38 ] [ l_g_mssim: 1.5236e-03 ] [ l_g_gan: 5.2723e+00 ] [ l_g_total: 5.2738e+00 ] [ l_d_real: 7.0694e-08 ] [ out_d_real: 1.7500e+01 ] [ l_d_fake: 0.0000e+00 ] [ out_d_fake: -1.7625e+01 ] [ l_d_total: 3.5347e-08 ] 
2025-07-08 23:43:11,998 INFO: [ epoch: 105 ] [ iter: 36,300 ] [ performance: 2.359 it/s ] [ lr: 1.00e-05 ] [ eta: 4 days, 3:24:31 ] [ l_g_mssim: 9.0930e-04 ] [ l_g_gan: 3.6680e+00 ] [ l_g_total: 3.6689e+00 ] [ l_d_real: 1.9102e-07 ] [ out_d_real: 1.5750e+01 ] [ l_d_fake: 9.5963e-06 ] [ out_d_fake: -1.2250e+01 ] [ l_d_total: 4.8937e-06 ] 
2025-07-08 23:43:50,547 INFO: [ epoch: 105 ] [ iter: 36,400 ] [ performance: 2.493 it/s ] [ lr: 1.00e-05 ] [ eta: 4 days, 2:31:25 ] [ l_g_mssim: 7.5945e-04 ] [ l_g_gan: 5.7598e+00 ] [ l_g_total: 5.7605e+00 ] [ l_d_real: 1.0780e-08 ] [ out_d_real: 1.9625e+01 ] [ l_d_fake: 5.9605e-08 ] [ out_d_fake: -1.9250e+01 ] [ l_d_total: 3.5193e-08 ] 
2025-07-08 23:44:32,731 INFO: [ epoch: 106 ] [ iter: 36,500 ] [ performance: 2.204 it/s ] [ lr: 1.00e-05 ] [ eta: 4 days, 1:43:47 ] [ l_g_mssim: 1.3702e-03 ] [ l_g_gan: 5.6402e+00 ] [ l_g_total: 5.6416e+00 ] [ l_d_real: 2.9501e-10 ] [ out_d_real: 2.3750e+01 ] [ l_d_fake: 0.0000e+00 ] [ out_d_fake: -1.8750e+01 ] [ l_d_total: 1.4751e-10 ] 
2025-07-08 23:45:09,229 INFO: [ epoch: 106 ] [ iter: 36,600 ] [ performance: 2.494 it/s ] [ lr: 1.00e-05 ] [ eta: 4 days, 0:51:38 ] [ l_g_mssim: 1.3072e-03 ] [ l_g_gan: 5.9227e+00 ] [ l_g_total: 5.9240e+00 ] [ l_d_real: 2.5408e-10 ] [ out_d_real: 2.4125e+01 ] [ l_d_fake: 0.0000e+00 ] [ out_d_fake: -1.9750e+01 ] [ l_d_total: 1.2704e-10 ] 
2025-07-08 23:45:46,992 INFO: [ epoch: 106 ] [ iter: 36,700 ] [ performance: 2.725 it/s ] [ lr: 1.00e-05 ] [ eta: 4 days, 0:02:19 ] [ l_g_mssim: 1.3501e-03 ] [ l_g_gan: 3.3680e+00 ] [ l_g_total: 3.3693e+00 ] [ l_d_real: 4.7598e-07 ] [ out_d_real: 1.5062e+01 ] [ l_d_fake: 1.8716e-05 ] [ out_d_fake: -1.1250e+01 ] [ l_d_total: 9.5959e-06 ] 
2025-07-08 23:46:25,858 INFO: [ epoch: 106 ] [ iter: 36,800 ] [ performance: 2.632 it/s ] [ lr: 1.00e-05 ] [ eta: 3 days, 23:15:34 ] [ l_g_mssim: 7.1570e-04 ] [ l_g_gan: 4.9184e+00 ] [ l_g_total: 4.9191e+00 ] [ l_d_real: 1.0657e-05 ] [ out_d_real: 1.2250e+01 ] [ l_d_fake: 0.0000e+00 ] [ out_d_fake: -1.6375e+01 ] [ l_d_total: 5.3287e-06 ] 
2025-07-08 23:47:08,248 INFO: [ epoch: 107 ] [ iter: 36,900 ] [ performance: 2.656 it/s ] [ lr: 1.00e-05 ] [ eta: 3 days, 22:33:39 ] [ l_g_mssim: 5.0898e-04 ] [ l_g_gan: 4.9969e+00 ] [ l_g_total: 4.9974e+00 ] [ l_d_real: 4.3278e-06 ] [ out_d_real: 1.3125e+01 ] [ l_d_fake: 0.0000e+00 ] [ out_d_fake: -1.6625e+01 ] [ l_d_total: 2.1639e-06 ] 
2025-07-08 23:47:48,869 INFO: [ epoch: 107 ] [ iter: 37,000 ] [ performance: 2.536 it/s ] [ lr: 1.00e-05 ] [ eta: 3 days, 21:51:11 ] [ l_g_mssim: 1.2673e-03 ] [ l_g_gan: 5.1738e+00 ] [ l_g_total: 5.1751e+00 ] [ l_d_real: 3.7000e-06 ] [ out_d_real: 1.3375e+01 ] [ l_d_fake: 5.9605e-08 ] [ out_d_fake: -1.7250e+01 ] [ l_d_total: 1.8798e-06 ] 
2025-07-08 23:48:25,394 INFO: [ epoch: 107 ] [ iter: 37,100 ] [ performance: 2.780 it/s ] [ lr: 1.00e-05 ] [ eta: 3 days, 21:05:56 ] [ l_g_mssim: 1.0047e-03 ] [ l_g_gan: 3.4418e+00 ] [ l_g_total: 3.4428e+00 ] [ l_d_real: 8.9571e-05 ] [ out_d_real: 1.0438e+01 ] [ l_d_fake: 2.9743e-05 ] [ out_d_fake: -1.1500e+01 ] [ l_d_total: 5.9657e-05 ] 
2025-07-08 23:49:05,739 INFO: [ epoch: 108 ] [ iter: 37,200 ] [ performance: 2.589 it/s ] [ lr: 1.00e-05 ] [ eta: 3 days, 20:25:33 ] [ l_g_mssim: 1.9175e-03 ] [ l_g_gan: 4.0230e+00 ] [ l_g_total: 4.0250e+00 ] [ l_d_real: 8.0517e-04 ] [ out_d_real: 1.1000e+01 ] [ l_d_fake: 2.1458e-06 ] [ out_d_fake: -1.3438e+01 ] [ l_d_total: 4.0366e-04 ] 
2025-07-08 23:49:43,622 INFO: [ epoch: 108 ] [ iter: 37,300 ] [ performance: 2.674 it/s ] [ lr: 1.00e-05 ] [ eta: 3 days, 19:43:57 ] [ l_g_mssim: 1.1750e-03 ] [ l_g_gan: 4.1332e+00 ] [ l_g_total: 4.1344e+00 ] [ l_d_real: 3.6332e-06 ] [ out_d_real: 1.2625e+01 ] [ l_d_fake: 1.1921e-06 ] [ out_d_fake: -1.3750e+01 ] [ l_d_total: 2.4126e-06 ] 
2025-07-08 23:50:25,727 INFO: [ epoch: 108 ] [ iter: 37,400 ] [ performance: 2.483 it/s ] [ lr: 1.00e-05 ] [ eta: 3 days, 19:07:23 ] [ l_g_mssim: 5.3805e-04 ] [ l_g_gan: 2.7065e+00 ] [ l_g_total: 2.7070e+00 ] [ l_d_real: 1.7965e-05 ] [ out_d_real: 1.1000e+01 ] [ l_d_fake: 1.6817e-04 ] [ out_d_fake: -9.0000e+00 ] [ l_d_total: 9.3070e-05 ] 
2025-07-08 23:50:57,833 INFO: [ epoch: 108 ] [ iter: 37,500 ] [ performance: 3.410 it/s ] [ lr: 1.00e-05 ] [ eta: 3 days, 18:22:36 ] [ l_g_mssim: 1.1724e-03 ] [ l_g_gan: 4.3289e+00 ] [ l_g_total: 4.3301e+00 ] [ l_d_real: 1.0468e-07 ] [ out_d_real: 1.7000e+01 ] [ l_d_fake: 4.2915e-06 ] [ out_d_fake: -1.4438e+01 ] [ l_d_total: 2.1981e-06 ] 
2025-07-08 23:51:45,447 INFO: [ epoch: 109 ] [ iter: 37,600 ] [ performance: 2.466 it/s ] [ lr: 1.00e-05 ] [ eta: 3 days, 17:53:01 ] [ l_g_mssim: 8.8296e-04 ] [ l_g_gan: 4.0746e+00 ] [ l_g_total: 4.0755e+00 ] [ l_d_real: 3.6431e-08 ] [ out_d_real: 1.7250e+01 ] [ l_d_fake: 1.4901e-06 ] [ out_d_fake: -1.3562e+01 ] [ l_d_total: 7.6327e-07 ] 
2025-07-08 23:52:25,126 INFO: [ epoch: 109 ] [ iter: 37,700 ] [ performance: 2.385 it/s ] [ lr: 1.00e-05 ] [ eta: 3 days, 17:17:05 ] [ l_g_mssim: 9.7899e-04 ] [ l_g_gan: 5.6203e+00 ] [ l_g_total: 5.6213e+00 ] [ l_d_real: 8.6886e-07 ] [ out_d_real: 1.4312e+01 ] [ l_d_fake: 0.0000e+00 ] [ out_d_fake: -1.8750e+01 ] [ l_d_total: 4.3443e-07 ] 
2025-07-08 23:53:06,229 INFO: [ epoch: 109 ] [ iter: 37,800 ] [ performance: 2.414 it/s ] [ lr: 1.00e-05 ] [ eta: 3 days, 16:43:19 ] [ l_g_mssim: 1.1083e-03 ] [ l_g_gan: 5.7070e+00 ] [ l_g_total: 5.7081e+00 ] [ l_d_real: 7.5640e-10 ] [ out_d_real: 2.1250e+01 ] [ l_d_fake: 0.0000e+00 ] [ out_d_fake: -1.9000e+01 ] [ l_d_total: 3.7820e-10 ] 
2025-07-08 23:53:46,802 INFO: [ epoch: 110 ] [ iter: 37,900 ] [ performance: 2.048 it/s ] [ lr: 1.00e-05 ] [ eta: 3 days, 16:09:56 ] [ l_g_mssim: 2.7590e-04 ] [ l_g_gan: 5.3344e+00 ] [ l_g_total: 5.3347e+00 ] [ l_d_real: 1.3795e-07 ] [ out_d_real: 1.6000e+01 ] [ l_d_fake: 0.0000e+00 ] [ out_d_fake: -1.7750e+01 ] [ l_d_total: 6.8976e-08 ] 
2025-07-08 23:54:24,089 INFO: [ epoch: 110 ] [ iter: 38,000 ] [ performance: 2.400 it/s ] [ lr: 1.00e-05 ] [ eta: 3 days, 15:34:33 ] [ l_g_mssim: 1.5138e-03 ] [ l_g_gan: 4.9887e+00 ] [ l_g_total: 4.9902e+00 ] [ l_d_real: 1.6468e-07 ] [ out_d_real: 1.6125e+01 ] [ l_d_fake: 2.4021e-05 ] [ out_d_fake: -1.6625e+01 ] [ l_d_total: 1.2093e-05 ] 
2025-07-08 23:55:04,042 INFO: [ epoch: 110 ] [ iter: 38,100 ] [ performance: 2.407 it/s ] [ lr: 1.00e-05 ] [ eta: 3 days, 15:02:16 ] [ l_g_mssim: 7.7142e-04 ] [ l_g_gan: 5.3039e+00 ] [ l_g_total: 5.3047e+00 ] [ l_d_real: 4.4387e-08 ] [ out_d_real: 1.7250e+01 ] [ l_d_fake: 0.0000e+00 ] [ out_d_fake: -1.7625e+01 ] [ l_d_total: 2.2193e-08 ] 
2025-07-08 23:55:46,497 INFO: [ epoch: 111 ] [ iter: 38,200 ] [ performance: 2.374 it/s ] [ lr: 1.00e-05 ] [ eta: 3 days, 14:32:52 ] [ l_g_mssim: 1.3652e-03 ] [ l_g_gan: 3.8531e+00 ] [ l_g_total: 3.8545e+00 ] [ l_d_real: 2.2166e-07 ] [ out_d_real: 1.5562e+01 ] [ l_d_fake: 3.3975e-06 ] [ out_d_fake: -1.2875e+01 ] [ l_d_total: 1.8096e-06 ] 
2025-07-08 23:56:23,945 INFO: [ epoch: 111 ] [ iter: 38,300 ] [ performance: 2.580 it/s ] [ lr: 1.00e-05 ] [ eta: 3 days, 14:00:00 ] [ l_g_mssim: 1.6145e-03 ] [ l_g_gan: 3.8859e+00 ] [ l_g_total: 3.8876e+00 ] [ l_d_real: 1.0866e-04 ] [ out_d_real: 1.0188e+01 ] [ l_d_fake: 2.9802e-06 ] [ out_d_fake: -1.2938e+01 ] [ l_d_total: 5.5820e-05 ] 
2025-07-08 23:57:00,509 INFO: [ epoch: 111 ] [ iter: 38,400 ] [ performance: 2.675 it/s ] [ lr: 1.00e-05 ] [ eta: 3 days, 13:27:12 ] [ l_g_mssim: 1.9284e-03 ] [ l_g_gan: 3.6152e+00 ] [ l_g_total: 3.6172e+00 ] [ l_d_real: 2.9983e-05 ] [ out_d_real: 1.2312e+01 ] [ l_d_fake: 7.0333e-06 ] [ out_d_fake: -1.2062e+01 ] [ l_d_total: 1.8508e-05 ] 
2025-07-08 23:57:38,238 INFO: [ epoch: 111 ] [ iter: 38,500 ] [ performance: 2.436 it/s ] [ lr: 1.00e-05 ] [ eta: 3 days, 12:56:05 ] [ l_g_mssim: 2.0826e-03 ] [ l_g_gan: 4.0992e+00 ] [ l_g_total: 4.1013e+00 ] [ l_d_real: 5.7227e-08 ] [ out_d_real: 1.7000e+01 ] [ l_d_fake: 1.7285e-06 ] [ out_d_fake: -1.3688e+01 ] [ l_d_total: 8.9288e-07 ] 
2025-07-08 23:58:19,595 INFO: [ epoch: 112 ] [ iter: 38,600 ] [ performance: 2.425 it/s ] [ lr: 1.00e-05 ] [ eta: 3 days, 12:28:34 ] [ l_g_mssim: 1.5321e-03 ] [ l_g_gan: 3.7313e+00 ] [ l_g_total: 3.7328e+00 ] [ l_d_real: 3.3226e-06 ] [ out_d_real: 1.5062e+01 ] [ l_d_fake: 4.8280e-06 ] [ out_d_fake: -1.2438e+01 ] [ l_d_total: 4.0753e-06 ] 
2025-07-08 23:58:56,856 INFO: [ epoch: 112 ] [ iter: 38,700 ] [ performance: 2.657 it/s ] [ lr: 1.00e-05 ] [ eta: 3 days, 11:58:27 ] [ l_g_mssim: 1.7377e-03 ] [ l_g_gan: 3.4570e+00 ] [ l_g_total: 3.4588e+00 ] [ l_d_real: 3.9617e-08 ] [ out_d_real: 1.7500e+01 ] [ l_d_fake: 1.4842e-05 ] [ out_d_fake: -1.1500e+01 ] [ l_d_total: 7.4406e-06 ] 
2025-07-08 23:59:34,544 INFO: [ epoch: 112 ] [ iter: 38,800 ] [ performance: 2.655 it/s ] [ lr: 1.00e-05 ] [ eta: 3 days, 11:29:20 ] [ l_g_mssim: 1.1222e-03 ] [ l_g_gan: 4.7543e+00 ] [ l_g_total: 4.7554e+00 ] [ l_d_real: 2.7469e-07 ] [ out_d_real: 1.7250e+01 ] [ l_d_fake: 1.1921e-07 ] [ out_d_fake: -1.5875e+01 ] [ l_d_total: 1.9695e-07 ] 
2025-07-09 00:00:15,552 INFO: [ epoch: 113 ] [ iter: 38,900 ] [ performance: 2.313 it/s ] [ lr: 1.00e-05 ] [ eta: 3 days, 11:03:25 ] [ l_g_mssim: 1.2617e-03 ] [ l_g_gan: 3.7148e+00 ] [ l_g_total: 3.7161e+00 ] [ l_d_real: 1.1985e-07 ] [ out_d_real: 1.6250e+01 ] [ l_d_fake: 5.9009e-06 ] [ out_d_fake: -1.2375e+01 ] [ l_d_total: 3.0104e-06 ] 
2025-07-09 00:00:54,147 INFO: [ epoch: 113 ] [ iter: 39,000 ] [ performance: 2.484 it/s ] [ lr: 1.00e-05 ] [ eta: 3 days, 10:36:13 ] [ l_g_mssim: 1.0181e-03 ] [ l_g_gan: 4.2129e+00 ] [ l_g_total: 4.2139e+00 ] [ l_d_real: 1.6782e-08 ] [ out_d_real: 1.8625e+01 ] [ l_d_fake: 1.4305e-06 ] [ out_d_fake: -1.4062e+01 ] [ l_d_total: 7.2365e-07 ] 
2025-07-09 00:01:31,171 INFO: [ epoch: 113 ] [ iter: 39,100 ] [ performance: 2.645 it/s ] [ lr: 1.00e-05 ] [ eta: 3 days, 10:08:25 ] [ l_g_mssim: 1.3459e-03 ] [ l_g_gan: 2.6778e+00 ] [ l_g_total: 2.6791e+00 ] [ l_d_real: 6.3947e-06 ] [ out_d_real: 1.2000e+01 ] [ l_d_fake: 1.4240e-04 ] [ out_d_fake: -8.9375e+00 ] [ l_d_total: 7.4395e-05 ] 
2025-07-09 00:02:08,154 INFO: [ epoch: 113 ] [ iter: 39,200 ] [ performance: 2.683 it/s ] [ lr: 1.00e-05 ] [ eta: 3 days, 9:41:11 ] [ l_g_mssim: 1.0550e-03 ] [ l_g_gan: 3.9445e+00 ] [ l_g_total: 3.9456e+00 ] [ l_d_real: 2.2831e-05 ] [ out_d_real: 1.0875e+01 ] [ l_d_fake: 2.1458e-06 ] [ out_d_fake: -1.3125e+01 ] [ l_d_total: 1.2489e-05 ] 
2025-07-09 00:02:50,835 INFO: [ epoch: 114 ] [ iter: 39,300 ] [ performance: 2.718 it/s ] [ lr: 1.00e-05 ] [ eta: 3 days, 9:18:43 ] [ l_g_mssim: 2.5756e-03 ] [ l_g_gan: 3.5180e+00 ] [ l_g_total: 3.5206e+00 ] [ l_d_real: 4.1165e-06 ] [ out_d_real: 1.2812e+01 ] [ l_d_fake: 4.0472e-05 ] [ out_d_fake: -1.1750e+01 ] [ l_d_total: 2.2294e-05 ] 
2025-07-09 00:03:30,791 INFO: [ epoch: 114 ] [ iter: 39,400 ] [ performance: 2.574 it/s ] [ lr: 1.00e-05 ] [ eta: 3 days, 8:54:43 ] [ l_g_mssim: 1.5937e-03 ] [ l_g_gan: 4.1063e+00 ] [ l_g_total: 4.1078e+00 ] [ l_d_real: 2.2762e-06 ] [ out_d_real: 1.4188e+01 ] [ l_d_fake: 2.1458e-06 ] [ out_d_fake: -1.3688e+01 ] [ l_d_total: 2.2110e-06 ] 
2025-07-09 00:04:09,600 INFO: [ epoch: 114 ] [ iter: 39,500 ] [ performance: 2.669 it/s ] [ lr: 1.00e-05 ] [ eta: 3 days, 8:30:24 ] [ l_g_mssim: 1.3106e-03 ] [ l_g_gan: 4.4719e+00 ] [ l_g_total: 4.4732e+00 ] [ l_d_real: 3.0797e-08 ] [ out_d_real: 1.7500e+01 ] [ l_d_fake: 2.9802e-07 ] [ out_d_fake: -1.4875e+01 ] [ l_d_total: 1.6441e-07 ] 
2025-07-09 00:04:53,152 INFO: [ epoch: 115 ] [ iter: 39,600 ] [ performance: 2.413 it/s ] [ lr: 1.00e-05 ] [ eta: 3 days, 8:09:56 ] [ l_g_mssim: 1.7659e-03 ] [ l_g_gan: 4.1391e+00 ] [ l_g_total: 4.1408e+00 ] [ l_d_real: 1.1388e-08 ] [ out_d_real: 1.8625e+01 ] [ l_d_fake: 8.2850e-06 ] [ out_d_fake: -1.3812e+01 ] [ l_d_total: 4.1482e-06 ] 
2025-07-09 00:05:29,527 INFO: [ epoch: 115 ] [ iter: 39,700 ] [ performance: 2.825 it/s ] [ lr: 1.00e-05 ] [ eta: 3 days, 7:44:50 ] [ l_g_mssim: 1.9180e-03 ] [ l_g_gan: 4.9277e+00 ] [ l_g_total: 4.9297e+00 ] [ l_d_real: 1.6215e-08 ] [ out_d_real: 1.8875e+01 ] [ l_d_fake: 2.3842e-07 ] [ out_d_fake: -1.6375e+01 ] [ l_d_total: 1.2732e-07 ] 
2025-07-09 00:06:06,284 INFO: [ epoch: 115 ] [ iter: 39,800 ] [ performance: 2.755 it/s ] [ lr: 1.00e-05 ] [ eta: 3 days, 7:20:30 ] [ l_g_mssim: 4.4376e-04 ] [ l_g_gan: 4.9641e+00 ] [ l_g_total: 4.9645e+00 ] [ l_d_real: 2.3004e-06 ] [ out_d_real: 1.3375e+01 ] [ l_d_fake: 0.0000e+00 ] [ out_d_fake: -1.6500e+01 ] [ l_d_total: 1.1502e-06 ] 
2025-07-09 00:06:46,789 INFO: [ epoch: 116 ] [ iter: 39,900 ] [ performance: 2.269 it/s ] [ lr: 1.00e-05 ] [ eta: 3 days, 6:59:13 ] [ l_g_mssim: 7.5840e-04 ] [ l_g_gan: 5.0766e+00 ] [ l_g_total: 5.0773e+00 ] [ l_d_real: 1.6330e-06 ] [ out_d_real: 1.4188e+01 ] [ l_d_fake: 5.9605e-08 ] [ out_d_fake: -1.6875e+01 ] [ l_d_total: 8.4630e-07 ] 
2025-07-09 00:07:26,660 INFO: [ epoch: 116 ] [ iter: 40,000 ] [ performance: 2.422 it/s ] [ lr: 1.00e-05 ] [ eta: 3 days, 6:37:56 ] [ l_g_mssim: 7.1124e-04 ] [ l_g_gan: 5.1891e+00 ] [ l_g_total: 5.1898e+00 ] [ l_d_real: 3.2723e-07 ] [ out_d_real: 1.5750e+01 ] [ l_d_fake: 0.0000e+00 ] [ out_d_fake: -1.7250e+01 ] [ l_d_total: 1.6362e-07 ] 
2025-07-09 00:07:26,662 INFO: [1;32mSaving models and training states.[0m
2025-07-09 00:44:52,470 INFO: Validation val

	 # psnr: 37.8259[1;32m........ Best: 37.8259 @ 40000 iter[0m
	 # ssim: 0.9584[1;32m........ Best: 0.9584 @ 40000 iter[0m

2025-07-09 00:45:18,918 INFO: [ epoch: 116 ] [ iter: 40,100 ] [ performance: 3.523 it/s ] [ lr: 1.00e-05 ] [ eta: 4 days, 7:27:11 ] [ l_g_mssim: 8.2255e-04 ] [ l_g_gan: 4.1074e+00 ] [ l_g_total: 4.1082e+00 ] [ l_d_real: 1.7379e-05 ] [ out_d_real: 1.1188e+01 ] [ l_d_fake: 1.3709e-06 ] [ out_d_fake: -1.3688e+01 ] [ l_d_total: 9.3750e-06 ] 
2025-07-09 00:45:40,595 INFO: [ epoch: 116 ] [ iter: 40,200 ] [ performance: 4.182 it/s ] [ lr: 1.00e-05 ] [ eta: 4 days, 6:39:20 ] [ l_g_mssim: 1.1241e-03 ] [ l_g_gan: 4.6254e+00 ] [ l_g_total: 4.6265e+00 ] [ l_d_real: 7.3988e-07 ] [ out_d_real: 1.4688e+01 ] [ l_d_fake: 2.9802e-07 ] [ out_d_fake: -1.5438e+01 ] [ l_d_total: 5.1895e-07 ] 
2025-07-09 00:46:23,306 INFO: [ epoch: 117 ] [ iter: 40,300 ] [ performance: 2.415 it/s ] [ lr: 1.00e-05 ] [ eta: 4 days, 6:06:22 ] [ l_g_mssim: 2.2595e-03 ] [ l_g_gan: 5.3109e+00 ] [ l_g_total: 5.3132e+00 ] [ l_d_real: 1.1152e-07 ] [ out_d_real: 1.6875e+01 ] [ l_d_fake: 0.0000e+00 ] [ out_d_fake: -1.7750e+01 ] [ l_d_total: 5.5759e-08 ] 
2025-07-09 00:47:04,017 INFO: [ epoch: 117 ] [ iter: 40,400 ] [ performance: 2.443 it/s ] [ lr: 1.00e-05 ] [ eta: 4 days, 5:32:42 ] [ l_g_mssim: 1.8755e-03 ] [ l_g_gan: 3.7688e+00 ] [ l_g_total: 3.7706e+00 ] [ l_d_real: 3.4258e-06 ] [ out_d_real: 1.2938e+01 ] [ l_d_fake: 5.9009e-06 ] [ out_d_fake: -1.2562e+01 ] [ l_d_total: 4.6634e-06 ] 
2025-07-09 00:47:49,988 INFO: [ epoch: 117 ] [ iter: 40,500 ] [ performance: 2.228 it/s ] [ lr: 1.00e-05 ] [ eta: 4 days, 5:03:05 ] [ l_g_mssim: 2.7947e-03 ] [ l_g_gan: 5.1680e+00 ] [ l_g_total: 5.1708e+00 ] [ l_d_real: 1.8872e-07 ] [ out_d_real: 1.6500e+01 ] [ l_d_fake: 0.0000e+00 ] [ out_d_fake: -1.7250e+01 ] [ l_d_total: 9.4360e-08 ] 
2025-07-09 00:48:36,760 INFO: [ epoch: 118 ] [ iter: 40,600 ] [ performance: 2.167 it/s ] [ lr: 1.00e-05 ] [ eta: 4 days, 4:34:31 ] [ l_g_mssim: 1.6294e-03 ] [ l_g_gan: 2.4470e+00 ] [ l_g_total: 2.4486e+00 ] [ l_d_real: 8.3766e-07 ] [ out_d_real: 1.5125e+01 ] [ l_d_fake: 4.3598e-04 ] [ out_d_fake: -8.1250e+00 ] [ l_d_total: 2.1841e-04 ] 
2025-07-09 00:49:20,614 INFO: [ epoch: 118 ] [ iter: 40,700 ] [ performance: 2.426 it/s ] [ lr: 1.00e-05 ] [ eta: 4 days, 4:04:37 ] [ l_g_mssim: 2.0219e-03 ] [ l_g_gan: 3.6059e+00 ] [ l_g_total: 3.6079e+00 ] [ l_d_real: 2.7902e-07 ] [ out_d_real: 1.5625e+01 ] [ l_d_fake: 7.0333e-06 ] [ out_d_fake: -1.2000e+01 ] [ l_d_total: 3.6562e-06 ] 
2025-07-09 00:50:04,034 INFO: [ epoch: 118 ] [ iter: 40,800 ] [ performance: 2.341 it/s ] [ lr: 1.00e-05 ] [ eta: 4 days, 3:34:59 ] [ l_g_mssim: 6.4988e-04 ] [ l_g_gan: 3.1699e+00 ] [ l_g_total: 3.1706e+00 ] [ l_d_real: 3.3454e-07 ] [ out_d_real: 1.5250e+01 ] [ l_d_fake: 2.6643e-05 ] [ out_d_fake: -1.0562e+01 ] [ l_d_total: 1.3489e-05 ] 
2025-07-09 00:50:46,601 INFO: [ epoch: 118 ] [ iter: 40,900 ] [ performance: 2.442 it/s ] [ lr: 1.00e-05 ] [ eta: 4 days, 3:05:20 ] [ l_g_mssim: 4.2383e-04 ] [ l_g_gan: 3.1289e+00 ] [ l_g_total: 3.1293e+00 ] [ l_d_real: 1.3101e-04 ] [ out_d_real: 9.0625e+00 ] [ l_d_fake: 3.1352e-05 ] [ out_d_fake: -1.0438e+01 ] [ l_d_total: 8.1181e-05 ] 
2025-07-09 00:51:30,435 INFO: [ epoch: 119 ] [ iter: 41,000 ] [ performance: 2.330 it/s ] [ lr: 1.00e-05 ] [ eta: 4 days, 2:37:01 ] [ l_g_mssim: 1.1733e-03 ] [ l_g_gan: 3.8156e+00 ] [ l_g_total: 3.8168e+00 ] [ l_d_real: 4.7680e-05 ] [ out_d_real: 1.1062e+01 ] [ l_d_fake: 3.2187e-06 ] [ out_d_fake: -1.2750e+01 ] [ l_d_total: 2.5449e-05 ] 
2025-07-09 00:52:11,055 INFO: [ epoch: 119 ] [ iter: 41,100 ] [ performance: 2.474 it/s ] [ lr: 1.00e-05 ] [ eta: 4 days, 2:07:12 ] [ l_g_mssim: 1.1547e-03 ] [ l_g_gan: 3.9410e+00 ] [ l_g_total: 3.9422e+00 ] [ l_d_real: 1.5928e-05 ] [ out_d_real: 1.1250e+01 ] [ l_d_fake: 2.3842e-06 ] [ out_d_fake: -1.3125e+01 ] [ l_d_total: 9.1560e-06 ] 
2025-07-09 00:52:50,457 INFO: [ epoch: 119 ] [ iter: 41,200 ] [ performance: 2.518 it/s ] [ lr: 1.00e-05 ] [ eta: 4 days, 1:37:11 ] [ l_g_mssim: 9.4090e-04 ] [ l_g_gan: 3.5719e+00 ] [ l_g_total: 3.5728e+00 ] [ l_d_real: 3.7515e-06 ] [ out_d_real: 1.2562e+01 ] [ l_d_fake: 7.0333e-06 ] [ out_d_fake: -1.1875e+01 ] [ l_d_total: 5.3924e-06 ] 
2025-07-09 00:53:35,140 INFO: [ epoch: 120 ] [ iter: 41,300 ] [ performance: 2.602 it/s ] [ lr: 1.00e-05 ] [ eta: 4 days, 1:10:52 ] [ l_g_mssim: 8.0634e-04 ] [ l_g_gan: 4.2316e+00 ] [ l_g_total: 4.2324e+00 ] [ l_d_real: 7.7956e-07 ] [ out_d_real: 1.4250e+01 ] [ l_d_fake: 7.1526e-07 ] [ out_d_fake: -1.4125e+01 ] [ l_d_total: 7.4741e-07 ] 
2025-07-09 00:54:14,367 INFO: [ epoch: 120 ] [ iter: 41,400 ] [ performance: 2.565 it/s ] [ lr: 1.00e-05 ] [ eta: 4 days, 0:41:44 ] [ l_g_mssim: 7.8940e-04 ] [ l_g_gan: 4.9828e+00 ] [ l_g_total: 4.9836e+00 ] [ l_d_real: 4.1127e-07 ] [ out_d_real: 1.4938e+01 ] [ l_d_fake: 0.0000e+00 ] [ out_d_fake: -1.6625e+01 ] [ l_d_total: 2.0564e-07 ] 
2025-07-09 00:54:52,554 INFO: [ epoch: 120 ] [ iter: 41,500 ] [ performance: 2.645 it/s ] [ lr: 1.00e-05 ] [ eta: 4 days, 0:12:29 ] [ l_g_mssim: 2.6423e-04 ] [ l_g_gan: 4.7438e+00 ] [ l_g_total: 4.7440e+00 ] [ l_d_real: 1.7862e-06 ] [ out_d_real: 1.3438e+01 ] [ l_d_fake: 0.0000e+00 ] [ out_d_fake: -1.5812e+01 ] [ l_d_total: 8.9312e-07 ] 
2025-07-09 00:55:36,795 INFO: [ epoch: 121 ] [ iter: 41,600 ] [ performance: 2.364 it/s ] [ lr: 1.00e-05 ] [ eta: 3 days, 23:47:16 ] [ l_g_mssim: 7.6069e-04 ] [ l_g_gan: 5.1445e+00 ] [ l_g_total: 5.1453e+00 ] [ l_d_real: 2.5417e-07 ] [ out_d_real: 1.5500e+01 ] [ l_d_fake: 0.0000e+00 ] [ out_d_fake: -1.7125e+01 ] [ l_d_total: 1.2709e-07 ] 
2025-07-09 00:56:14,851 INFO: [ epoch: 121 ] [ iter: 41,700 ] [ performance: 2.495 it/s ] [ lr: 1.00e-05 ] [ eta: 3 days, 23:18:53 ] [ l_g_mssim: 7.9708e-04 ] [ l_g_gan: 5.1012e+00 ] [ l_g_total: 5.1020e+00 ] [ l_d_real: 2.2472e-05 ] [ out_d_real: 1.1062e+01 ] [ l_d_fake: 0.0000e+00 ] [ out_d_fake: -1.7000e+01 ] [ l_d_total: 1.1236e-05 ] 
2025-07-09 00:56:52,988 INFO: [ epoch: 121 ] [ iter: 41,800 ] [ performance: 2.583 it/s ] [ lr: 1.00e-05 ] [ eta: 3 days, 22:51:01 ] [ l_g_mssim: 8.9430e-04 ] [ l_g_gan: 5.2547e+00 ] [ l_g_total: 5.2556e+00 ] [ l_d_real: 4.7701e-07 ] [ out_d_real: 1.4625e+01 ] [ l_d_fake: 0.0000e+00 ] [ out_d_fake: -1.7500e+01 ] [ l_d_total: 2.3851e-07 ] 
2025-07-09 00:57:33,071 INFO: [ epoch: 121 ] [ iter: 41,900 ] [ performance: 2.532 it/s ] [ lr: 1.00e-05 ] [ eta: 3 days, 22:24:43 ] [ l_g_mssim: 3.2799e-03 ] [ l_g_gan: 4.9711e+00 ] [ l_g_total: 4.9744e+00 ] [ l_d_real: 9.9644e-06 ] [ out_d_real: 1.1812e+01 ] [ l_d_fake: 1.1921e-07 ] [ out_d_fake: -1.6625e+01 ] [ l_d_total: 5.0418e-06 ] 
2025-07-09 00:58:13,566 INFO: [ epoch: 122 ] [ iter: 42,000 ] [ performance: 2.487 it/s ] [ lr: 1.00e-05 ] [ eta: 3 days, 21:59:05 ] [ l_g_mssim: 1.4932e-03 ] [ l_g_gan: 5.4305e+00 ] [ l_g_total: 5.4320e+00 ] [ l_d_real: 8.7967e-07 ] [ out_d_real: 1.4062e+01 ] [ l_d_fake: 0.0000e+00 ] [ out_d_fake: -1.8125e+01 ] [ l_d_total: 4.3984e-07 ] 
2025-07-09 00:58:53,880 INFO: [ epoch: 122 ] [ iter: 42,100 ] [ performance: 2.568 it/s ] [ lr: 1.00e-05 ] [ eta: 3 days, 21:33:45 ] [ l_g_mssim: 1.4050e-03 ] [ l_g_gan: 5.9836e+00 ] [ l_g_total: 5.9850e+00 ] [ l_d_real: 2.9264e-07 ] [ out_d_real: 1.5188e+01 ] [ l_d_fake: 0.0000e+00 ] [ out_d_fake: -2.0000e+01 ] [ l_d_total: 1.4632e-07 ] 
2025-07-09 00:59:30,046 INFO: [ epoch: 122 ] [ iter: 42,200 ] [ performance: 2.706 it/s ] [ lr: 1.00e-05 ] [ eta: 3 days, 21:06:31 ] [ l_g_mssim: 9.0857e-04 ] [ l_g_gan: 4.2938e+00 ] [ l_g_total: 4.2947e+00 ] [ l_d_real: 1.4421e-05 ] [ out_d_real: 1.1250e+01 ] [ l_d_fake: 1.1325e-06 ] [ out_d_fake: -1.4312e+01 ] [ l_d_total: 7.7765e-06 ] 
2025-07-09 01:00:10,875 INFO: [ epoch: 123 ] [ iter: 42,300 ] [ performance: 2.038 it/s ] [ lr: 1.00e-05 ] [ eta: 3 days, 20:42:18 ] [ l_g_mssim: 1.1834e-03 ] [ l_g_gan: 4.7883e+00 ] [ l_g_total: 4.7895e+00 ] [ l_d_real: 7.1995e-06 ] [ out_d_real: 1.2375e+01 ] [ l_d_fake: 0.0000e+00 ] [ out_d_fake: -1.5938e+01 ] [ l_d_total: 3.5998e-06 ] 
2025-07-09 01:00:47,712 INFO: [ epoch: 123 ] [ iter: 42,400 ] [ performance: 2.484 it/s ] [ lr: 1.00e-05 ] [ eta: 3 days, 20:16:16 ] [ l_g_mssim: 1.6710e-03 ] [ l_g_gan: 3.8883e+00 ] [ l_g_total: 3.8900e+00 ] [ l_d_real: 7.3089e-05 ] [ out_d_real: 9.6250e+00 ] [ l_d_fake: 2.2829e-05 ] [ out_d_fake: -1.2938e+01 ] [ l_d_total: 4.7959e-05 ] 
2025-07-09 01:01:29,079 INFO: [ epoch: 123 ] [ iter: 42,500 ] [ performance: 2.620 it/s ] [ lr: 1.00e-05 ] [ eta: 3 days, 19:53:06 ] [ l_g_mssim: 1.9242e-03 ] [ l_g_gan: 4.3746e+00 ] [ l_g_total: 4.3765e+00 ] [ l_d_real: 3.4523e-05 ] [ out_d_real: 1.1062e+01 ] [ l_d_fake: 4.7684e-07 ] [ out_d_fake: -1.4562e+01 ] [ l_d_total: 1.7500e-05 ] 
2025-07-09 01:02:06,441 INFO: [ epoch: 123 ] [ iter: 42,600 ] [ performance: 2.661 it/s ] [ lr: 1.00e-05 ] [ eta: 3 days, 19:28:08 ] [ l_g_mssim: 2.8676e-03 ] [ l_g_gan: 4.5996e+00 ] [ l_g_total: 4.6025e+00 ] [ l_d_real: 1.5879e-06 ] [ out_d_real: 1.3625e+01 ] [ l_d_fake: 3.5763e-07 ] [ out_d_fake: -1.5312e+01 ] [ l_d_total: 9.7274e-07 ] 
2025-07-09 01:02:50,413 INFO: [ epoch: 124 ] [ iter: 42,700 ] [ performance: 2.321 it/s ] [ lr: 1.00e-05 ] [ eta: 3 days, 19:07:06 ] [ l_g_mssim: 1.0574e-03 ] [ l_g_gan: 4.1906e+00 ] [ l_g_total: 4.1917e+00 ] [ l_d_real: 1.7499e-06 ] [ out_d_real: 1.3625e+01 ] [ l_d_fake: 8.9407e-07 ] [ out_d_fake: -1.4000e+01 ] [ l_d_total: 1.3220e-06 ] 
2025-07-09 01:03:30,515 INFO: [ epoch: 124 ] [ iter: 42,800 ] [ performance: 2.445 it/s ] [ lr: 1.00e-05 ] [ eta: 3 days, 18:44:19 ] [ l_g_mssim: 1.2736e-03 ] [ l_g_gan: 4.7801e+00 ] [ l_g_total: 4.7814e+00 ] [ l_d_real: 1.2819e-06 ] [ out_d_real: 1.3938e+01 ] [ l_d_fake: 1.1921e-07 ] [ out_d_fake: -1.5938e+01 ] [ l_d_total: 7.0055e-07 ] 
2025-07-09 01:04:06,516 INFO: [ epoch: 124 ] [ iter: 42,900 ] [ performance: 2.816 it/s ] [ lr: 1.00e-05 ] [ eta: 3 days, 18:19:43 ] [ l_g_mssim: 1.1318e-03 ] [ l_g_gan: 4.7906e+00 ] [ l_g_total: 4.7918e+00 ] [ l_d_real: 9.6555e-07 ] [ out_d_real: 1.4312e+01 ] [ l_d_fake: 1.1921e-07 ] [ out_d_fake: -1.6000e+01 ] [ l_d_total: 5.4238e-07 ] 
2025-07-09 01:04:48,926 INFO: [ epoch: 125 ] [ iter: 43,000 ] [ performance: 2.464 it/s ] [ lr: 1.00e-05 ] [ eta: 3 days, 17:58:50 ] [ l_g_mssim: 6.7912e-04 ] [ l_g_gan: 3.2203e+00 ] [ l_g_total: 3.2210e+00 ] [ l_d_real: 1.0651e-04 ] [ out_d_real: 9.2500e+00 ] [ l_d_fake: 3.0935e-05 ] [ out_d_fake: -1.0750e+01 ] [ l_d_total: 6.8721e-05 ] 
2025-07-09 01:05:26,882 INFO: [ epoch: 125 ] [ iter: 43,100 ] [ performance: 2.503 it/s ] [ lr: 1.00e-05 ] [ eta: 3 days, 17:35:57 ] [ l_g_mssim: 1.2068e-03 ] [ l_g_gan: 3.8191e+00 ] [ l_g_total: 3.8203e+00 ] [ l_d_real: 2.6707e-07 ] [ out_d_real: 1.5375e+01 ] [ l_d_fake: 4.0531e-06 ] [ out_d_fake: -1.2750e+01 ] [ l_d_total: 2.1601e-06 ] 
2025-07-09 01:06:06,106 INFO: [ epoch: 125 ] [ iter: 43,200 ] [ performance: 2.537 it/s ] [ lr: 1.00e-05 ] [ eta: 3 days, 17:14:03 ] [ l_g_mssim: 2.0425e-03 ] [ l_g_gan: 3.6012e+00 ] [ l_g_total: 3.6032e+00 ] [ l_d_real: 1.3775e-07 ] [ out_d_real: 1.6125e+01 ] [ l_d_fake: 2.2113e-05 ] [ out_d_fake: -1.2000e+01 ] [ l_d_total: 1.1126e-05 ] 
2025-07-09 01:06:46,932 INFO: [ epoch: 126 ] [ iter: 43,300 ] [ performance: 1.991 it/s ] [ lr: 1.00e-05 ] [ eta: 3 days, 16:53:18 ] [ l_g_mssim: 4.6087e-04 ] [ l_g_gan: 6.6680e+00 ] [ l_g_total: 6.6684e+00 ] [ l_d_real: 1.6831e-09 ] [ out_d_real: 2.1750e+01 ] [ l_d_fake: 0.0000e+00 ] [ out_d_fake: -2.2250e+01 ] [ l_d_total: 8.4153e-10 ] 
2025-07-09 01:07:23,713 INFO: [ epoch: 126 ] [ iter: 43,400 ] [ performance: 2.488 it/s ] [ lr: 1.00e-05 ] [ eta: 3 days, 16:30:48 ] [ l_g_mssim: 1.8234e-03 ] [ l_g_gan: 3.3691e+00 ] [ l_g_total: 3.3710e+00 ] [ l_d_real: 6.7485e-05 ] [ out_d_real: 1.0625e+01 ] [ l_d_fake: 1.7583e-05 ] [ out_d_fake: -1.1250e+01 ] [ l_d_total: 4.2534e-05 ] 
2025-07-09 01:08:01,175 INFO: [ epoch: 126 ] [ iter: 43,500 ] [ performance: 2.703 it/s ] [ lr: 1.00e-05 ] [ eta: 3 days, 16:08:57 ] [ l_g_mssim: 4.4114e-04 ] [ l_g_gan: 4.2012e+00 ] [ l_g_total: 4.2016e+00 ] [ l_d_real: 2.0322e-06 ] [ out_d_real: 1.3562e+01 ] [ l_d_fake: 9.5367e-07 ] [ out_d_fake: -1.4000e+01 ] [ l_d_total: 1.4929e-06 ] 
2025-07-09 01:08:40,877 INFO: [ epoch: 126 ] [ iter: 43,600 ] [ performance: 2.562 it/s ] [ lr: 1.00e-05 ] [ eta: 3 days, 15:48:33 ] [ l_g_mssim: 1.7282e-03 ] [ l_g_gan: 4.2516e+00 ] [ l_g_total: 4.2533e+00 ] [ l_d_real: 2.2289e-04 ] [ out_d_real: 1.3000e+01 ] [ l_d_fake: 9.5367e-07 ] [ out_d_fake: -1.4188e+01 ] [ l_d_total: 1.1192e-04 ] 
2025-07-09 01:09:21,588 INFO: [ epoch: 127 ] [ iter: 43,700 ] [ performance: 2.749 it/s ] [ lr: 1.00e-05 ] [ eta: 3 days, 15:28:56 ] [ l_g_mssim: 1.4169e-03 ] [ l_g_gan: 4.0313e+00 ] [ l_g_total: 4.0327e+00 ] [ l_d_real: 5.4281e-07 ] [ out_d_real: 1.6250e+01 ] [ l_d_fake: 1.9670e-06 ] [ out_d_fake: -1.3438e+01 ] [ l_d_total: 1.2549e-06 ] 
2025-07-09 01:09:59,311 INFO: [ epoch: 127 ] [ iter: 43,800 ] [ performance: 2.674 it/s ] [ lr: 1.00e-05 ] [ eta: 3 days, 15:08:07 ] [ l_g_mssim: 1.4493e-03 ] [ l_g_gan: 4.1602e+00 ] [ l_g_total: 4.1616e+00 ] [ l_d_real: 3.1035e-07 ] [ out_d_real: 1.5938e+01 ] [ l_d_fake: 2.0862e-06 ] [ out_d_fake: -1.3875e+01 ] [ l_d_total: 1.1983e-06 ] 
2025-07-09 01:10:39,607 INFO: [ epoch: 127 ] [ iter: 43,900 ] [ performance: 2.499 it/s ] [ lr: 1.00e-05 ] [ eta: 3 days, 14:48:51 ] [ l_g_mssim: 9.9369e-04 ] [ l_g_gan: 4.6500e+00 ] [ l_g_total: 4.6510e+00 ] [ l_d_real: 6.2335e-05 ] [ out_d_real: 1.5500e+01 ] [ l_d_fake: 1.7881e-07 ] [ out_d_fake: -1.5500e+01 ] [ l_d_total: 3.1257e-05 ] 
2025-07-09 01:11:21,095 INFO: [ epoch: 128 ] [ iter: 44,000 ] [ performance: 2.431 it/s ] [ lr: 1.00e-05 ] [ eta: 3 days, 14:30:25 ] [ l_g_mssim: 1.1586e-03 ] [ l_g_gan: 4.5398e+00 ] [ l_g_total: 4.5410e+00 ] [ l_d_real: 1.0153e-08 ] [ out_d_real: 1.9500e+01 ] [ l_d_fake: 7.1526e-07 ] [ out_d_fake: -1.5125e+01 ] [ l_d_total: 3.6270e-07 ] 
2025-07-09 01:11:59,421 INFO: [ epoch: 128 ] [ iter: 44,100 ] [ performance: 2.591 it/s ] [ lr: 1.00e-05 ] [ eta: 3 days, 14:10:43 ] [ l_g_mssim: 1.3134e-03 ] [ l_g_gan: 4.1965e+00 ] [ l_g_total: 4.1978e+00 ] [ l_d_real: 1.5202e-08 ] [ out_d_real: 1.9250e+01 ] [ l_d_fake: 1.3113e-06 ] [ out_d_fake: -1.4000e+01 ] [ l_d_total: 6.6325e-07 ] 
2025-07-09 01:12:37,775 INFO: [ epoch: 128 ] [ iter: 44,200 ] [ performance: 2.604 it/s ] [ lr: 1.00e-05 ] [ eta: 3 days, 13:51:18 ] [ l_g_mssim: 5.2180e-04 ] [ l_g_gan: 3.3949e+00 ] [ l_g_total: 3.3955e+00 ] [ l_d_real: 1.0677e-08 ] [ out_d_real: 1.9125e+01 ] [ l_d_fake: 4.5002e-05 ] [ out_d_fake: -1.1312e+01 ] [ l_d_total: 2.2506e-05 ] 
2025-07-09 01:13:15,122 INFO: [ epoch: 128 ] [ iter: 44,300 ] [ performance: 3.210 it/s ] [ lr: 1.00e-05 ] [ eta: 3 days, 13:31:41 ] [ l_g_mssim: 4.3356e-04 ] [ l_g_gan: 6.0094e+00 ] [ l_g_total: 6.0098e+00 ] [ l_d_real: 2.0996e-11 ] [ out_d_real: 2.6875e+01 ] [ l_d_fake: 0.0000e+00 ] [ out_d_fake: -2.0000e+01 ] [ l_d_total: 1.0498e-11 ] 
2025-07-09 01:13:57,453 INFO: [ epoch: 129 ] [ iter: 44,400 ] [ performance: 2.512 it/s ] [ lr: 1.00e-05 ] [ eta: 3 days, 13:14:40 ] [ l_g_mssim: 1.3637e-03 ] [ l_g_gan: 3.4348e+00 ] [ l_g_total: 3.4361e+00 ] [ l_d_real: 9.8429e-06 ] [ out_d_real: 1.1750e+01 ] [ l_d_fake: 2.4199e-05 ] [ out_d_fake: -1.1438e+01 ] [ l_d_total: 1.7021e-05 ] 
2025-07-09 01:14:36,710 INFO: [ epoch: 129 ] [ iter: 44,500 ] [ performance: 2.476 it/s ] [ lr: 1.00e-05 ] [ eta: 3 days, 12:56:26 ] [ l_g_mssim: 1.0362e-03 ] [ l_g_gan: 4.3629e+00 ] [ l_g_total: 4.3639e+00 ] [ l_d_real: 4.3514e-07 ] [ out_d_real: 1.5188e+01 ] [ l_d_fake: 5.9605e-07 ] [ out_d_fake: -1.4562e+01 ] [ l_d_total: 5.1559e-07 ] 
2025-07-09 01:15:13,252 INFO: [ epoch: 129 ] [ iter: 44,600 ] [ performance: 2.675 it/s ] [ lr: 1.00e-05 ] [ eta: 3 days, 12:37:11 ] [ l_g_mssim: 9.5854e-04 ] [ l_g_gan: 3.9586e+00 ] [ l_g_total: 3.9596e+00 ] [ l_d_real: 5.6676e-06 ] [ out_d_real: 1.2312e+01 ] [ l_d_fake: 2.6822e-06 ] [ out_d_fake: -1.3188e+01 ] [ l_d_total: 4.1749e-06 ] 
2025-07-09 01:15:56,136 INFO: [ epoch: 130 ] [ iter: 44,700 ] [ performance: 2.507 it/s ] [ lr: 1.00e-05 ] [ eta: 3 days, 12:21:06 ] [ l_g_mssim: 1.3200e-03 ] [ l_g_gan: 4.7520e+00 ] [ l_g_total: 4.7533e+00 ] [ l_d_real: 8.3773e-08 ] [ out_d_real: 1.6750e+01 ] [ l_d_fake: 1.1921e-07 ] [ out_d_fake: -1.5812e+01 ] [ l_d_total: 1.0149e-07 ] 
2025-07-09 01:16:34,123 INFO: [ epoch: 130 ] [ iter: 44,800 ] [ performance: 2.605 it/s ] [ lr: 1.00e-05 ] [ eta: 3 days, 12:03:00 ] [ l_g_mssim: 2.7571e-03 ] [ l_g_gan: 4.7754e+00 ] [ l_g_total: 4.7781e+00 ] [ l_d_real: 3.5354e-06 ] [ out_d_real: 1.2938e+01 ] [ l_d_fake: 0.0000e+00 ] [ out_d_fake: -1.5938e+01 ] [ l_d_total: 1.7677e-06 ] 
2025-07-09 01:17:11,311 INFO: [ epoch: 130 ] [ iter: 44,900 ] [ performance: 2.836 it/s ] [ lr: 1.00e-05 ] [ eta: 3 days, 11:44:46 ] [ l_g_mssim: 1.8506e-03 ] [ l_g_gan: 5.4246e+00 ] [ l_g_total: 5.4265e+00 ] [ l_d_real: 1.2881e-08 ] [ out_d_real: 1.8625e+01 ] [ l_d_fake: 0.0000e+00 ] [ out_d_fake: -1.8125e+01 ] [ l_d_total: 6.4407e-09 ] 
2025-07-09 01:17:46,942 INFO: [ epoch: 130 ] [ iter: 45,000 ] [ performance: 2.813 it/s ] [ lr: 1.00e-05 ] [ eta: 3 days, 11:26:04 ] [ l_g_mssim: 1.0191e-03 ] [ l_g_gan: 5.3543e+00 ] [ l_g_total: 5.3553e+00 ] [ l_d_real: 5.0558e-06 ] [ out_d_real: 1.2312e+01 ] [ l_d_fake: 0.0000e+00 ] [ out_d_fake: -1.7875e+01 ] [ l_d_total: 2.5279e-06 ] 
2025-07-09 01:17:46,942 INFO: [1;32mSaving models and training states.[0m
2025-07-09 02:01:10,169 INFO: Validation val

	 # psnr: 37.8708[1;32m........ Best: 37.8708 @ 45000 iter[0m
	 # ssim: 0.9588[1;32m........ Best: 0.9588 @ 45000 iter[0m

2025-07-09 02:01:58,427 INFO: [ epoch: 131 ] [ iter: 45,100 ] [ performance: 2.029 it/s ] [ lr: 1.00e-05 ] [ eta: 4 days, 6:36:44 ] [ l_g_mssim: 3.0894e-04 ] [ l_g_gan: 5.1281e+00 ] [ l_g_total: 5.1284e+00 ] [ l_d_real: 1.6487e-07 ] [ out_d_real: 1.5688e+01 ] [ l_d_fake: 0.0000e+00 ] [ out_d_fake: -1.7125e+01 ] [ l_d_total: 8.2435e-08 ] 
2025-07-09 02:02:41,000 INFO: [ epoch: 131 ] [ iter: 45,200 ] [ performance: 2.277 it/s ] [ lr: 1.00e-05 ] [ eta: 4 days, 6:13:37 ] [ l_g_mssim: 5.6328e-04 ] [ l_g_gan: 3.4852e+00 ] [ l_g_total: 3.4857e+00 ] [ l_d_real: 2.4484e-06 ] [ out_d_real: 1.3125e+01 ] [ l_d_fake: 1.1802e-05 ] [ out_d_fake: -1.1625e+01 ] [ l_d_total: 7.1251e-06 ] 
2025-07-09 02:03:20,738 INFO: [ epoch: 131 ] [ iter: 45,300 ] [ performance: 2.592 it/s ] [ lr: 1.00e-05 ] [ eta: 4 days, 5:49:32 ] [ l_g_mssim: 8.0223e-04 ] [ l_g_gan: 3.9211e+00 ] [ l_g_total: 3.9219e+00 ] [ l_d_real: 1.2229e-05 ] [ out_d_real: 1.1562e+01 ] [ l_d_fake: 2.8610e-06 ] [ out_d_fake: -1.3062e+01 ] [ l_d_total: 7.5449e-06 ] 
2025-07-09 02:04:06,508 INFO: [ epoch: 132 ] [ iter: 45,400 ] [ performance: 2.253 it/s ] [ lr: 1.00e-05 ] [ eta: 4 days, 5:28:25 ] [ l_g_mssim: 9.2122e-04 ] [ l_g_gan: 4.4848e+00 ] [ l_g_total: 4.4857e+00 ] [ l_d_real: 6.7561e-07 ] [ out_d_real: 1.4812e+01 ] [ l_d_fake: 2.9802e-07 ] [ out_d_fake: -1.4938e+01 ] [ l_d_total: 4.8682e-07 ] 
2025-07-09 02:04:50,127 INFO: [ epoch: 132 ] [ iter: 45,500 ] [ performance: 2.196 it/s ] [ lr: 1.00e-05 ] [ eta: 4 days, 5:06:36 ] [ l_g_mssim: 1.6384e-03 ] [ l_g_gan: 3.8871e+00 ] [ l_g_total: 3.8887e+00 ] [ l_d_real: 4.4863e-08 ] [ out_d_real: 1.8000e+01 ] [ l_d_fake: 2.9206e-06 ] [ out_d_fake: -1.2938e+01 ] [ l_d_total: 1.4827e-06 ] 
2025-07-09 02:05:35,175 INFO: [ epoch: 132 ] [ iter: 45,600 ] [ performance: 2.216 it/s ] [ lr: 1.00e-05 ] [ eta: 4 days, 4:45:41 ] [ l_g_mssim: 2.3894e-04 ] [ l_g_gan: 5.0016e+00 ] [ l_g_total: 5.0018e+00 ] [ l_d_real: 1.2202e-08 ] [ out_d_real: 2.1875e+01 ] [ l_d_fake: 0.0000e+00 ] [ out_d_fake: -1.6625e+01 ] [ l_d_total: 6.1010e-09 ] 
2025-07-09 02:06:21,753 INFO: [ epoch: 133 ] [ iter: 45,700 ] [ performance: 1.317 it/s ] [ lr: 1.00e-05 ] [ eta: 4 days, 4:25:41 ] [ l_g_mssim: 1.6690e-03 ] [ l_g_gan: 4.3148e+00 ] [ l_g_total: 4.3165e+00 ] [ l_d_real: 7.3712e-06 ] [ out_d_real: 1.3312e+01 ] [ l_d_fake: 8.3447e-07 ] [ out_d_fake: -1.4375e+01 ] [ l_d_total: 4.1028e-06 ] 
2025-07-09 02:07:03,660 INFO: [ epoch: 133 ] [ iter: 45,800 ] [ performance: 2.082 it/s ] [ lr: 1.00e-05 ] [ eta: 4 days, 4:03:56 ] [ l_g_mssim: 3.1346e-03 ] [ l_g_gan: 4.4613e+00 ] [ l_g_total: 4.4645e+00 ] [ l_d_real: 2.0962e-07 ] [ out_d_real: 1.5688e+01 ] [ l_d_fake: 2.3842e-07 ] [ out_d_fake: -1.4875e+01 ] [ l_d_total: 2.2402e-07 ] 
2025-07-09 02:07:46,593 INFO: [ epoch: 133 ] [ iter: 45,900 ] [ performance: 2.165 it/s ] [ lr: 1.00e-05 ] [ eta: 4 days, 3:42:53 ] [ l_g_mssim: 1.6059e-03 ] [ l_g_gan: 4.4344e+00 ] [ l_g_total: 4.4360e+00 ] [ l_d_real: 2.8547e-06 ] [ out_d_real: 1.4750e+01 ] [ l_d_fake: 4.7684e-07 ] [ out_d_fake: -1.4750e+01 ] [ l_d_total: 1.6658e-06 ] 
2025-07-09 02:08:25,501 INFO: [ epoch: 133 ] [ iter: 46,000 ] [ performance: 2.489 it/s ] [ lr: 1.00e-05 ] [ eta: 4 days, 3:20:23 ] [ l_g_mssim: 9.1269e-04 ] [ l_g_gan: 4.4871e+00 ] [ l_g_total: 4.4880e+00 ] [ l_d_real: 5.0763e-08 ] [ out_d_real: 1.7125e+01 ] [ l_d_fake: 4.1723e-07 ] [ out_d_fake: -1.4938e+01 ] [ l_d_total: 2.3400e-07 ] 
2025-07-09 02:09:10,246 INFO: [ epoch: 134 ] [ iter: 46,100 ] [ performance: 3.156 it/s ] [ lr: 1.00e-05 ] [ eta: 4 days, 3:00:36 ] [ l_g_mssim: 1.3722e-03 ] [ l_g_gan: 2.9344e+00 ] [ l_g_total: 2.9358e+00 ] [ l_d_real: 6.4078e-06 ] [ out_d_real: 1.2188e+01 ] [ l_d_fake: 7.2062e-05 ] [ out_d_fake: -9.7500e+00 ] [ l_d_total: 3.9235e-05 ] 
2025-07-09 02:09:50,243 INFO: [ epoch: 134 ] [ iter: 46,200 ] [ performance: 2.590 it/s ] [ lr: 1.00e-05 ] [ eta: 4 days, 2:39:05 ] [ l_g_mssim: 1.7533e-03 ] [ l_g_gan: 3.8531e+00 ] [ l_g_total: 3.8549e+00 ] [ l_d_real: 7.1811e-07 ] [ out_d_real: 1.4375e+01 ] [ l_d_fake: 3.3975e-06 ] [ out_d_fake: -1.2875e+01 ] [ l_d_total: 2.0578e-06 ] 
2025-07-09 02:10:29,398 INFO: [ epoch: 134 ] [ iter: 46,300 ] [ performance: 2.449 it/s ] [ lr: 1.00e-05 ] [ eta: 4 days, 2:17:29 ] [ l_g_mssim: 7.8685e-04 ] [ l_g_gan: 4.1238e+00 ] [ l_g_total: 4.1246e+00 ] [ l_d_real: 1.0482e-07 ] [ out_d_real: 1.6125e+01 ] [ l_d_fake: 1.4305e-06 ] [ out_d_fake: -1.3750e+01 ] [ l_d_total: 7.6767e-07 ] 
2025-07-09 02:11:11,538 INFO: [ epoch: 135 ] [ iter: 46,400 ] [ performance: 2.385 it/s ] [ lr: 1.00e-05 ] [ eta: 4 days, 1:57:21 ] [ l_g_mssim: 2.1855e-03 ] [ l_g_gan: 4.0816e+00 ] [ l_g_total: 4.0838e+00 ] [ l_d_real: 2.3448e-06 ] [ out_d_real: 1.3125e+01 ] [ l_d_fake: 4.5300e-06 ] [ out_d_fake: -1.3625e+01 ] [ l_d_total: 3.4374e-06 ] 
2025-07-09 02:11:52,143 INFO: [ epoch: 135 ] [ iter: 46,500 ] [ performance: 2.412 it/s ] [ lr: 1.00e-05 ] [ eta: 4 days, 1:36:50 ] [ l_g_mssim: 9.4639e-04 ] [ l_g_gan: 5.1562e+00 ] [ l_g_total: 5.1572e+00 ] [ l_d_real: 1.6037e-07 ] [ out_d_real: 1.6000e+01 ] [ l_d_fake: 0.0000e+00 ] [ out_d_fake: -1.7250e+01 ] [ l_d_total: 8.0184e-08 ] 
2025-07-09 02:12:29,326 INFO: [ epoch: 135 ] [ iter: 46,600 ] [ performance: 2.643 it/s ] [ lr: 1.00e-05 ] [ eta: 4 days, 1:15:10 ] [ l_g_mssim: 3.6749e-04 ] [ l_g_gan: 5.1785e+00 ] [ l_g_total: 5.1789e+00 ] [ l_d_real: 5.7474e-08 ] [ out_d_real: 1.7750e+01 ] [ l_d_fake: 0.0000e+00 ] [ out_d_fake: -1.7250e+01 ] [ l_d_total: 2.8737e-08 ] 
2025-07-09 02:13:04,938 INFO: [ epoch: 135 ] [ iter: 46,700 ] [ performance: 3.586 it/s ] [ lr: 1.00e-05 ] [ eta: 4 days, 0:53:07 ] [ l_g_mssim: 9.6380e-04 ] [ l_g_gan: 5.1938e+00 ] [ l_g_total: 5.1947e+00 ] [ l_d_real: 5.3700e-07 ] [ out_d_real: 1.4812e+01 ] [ l_d_fake: 0.0000e+00 ] [ out_d_fake: -1.7250e+01 ] [ l_d_total: 2.6850e-07 ] 
2025-07-09 02:13:50,503 INFO: [ epoch: 136 ] [ iter: 46,800 ] [ performance: 2.326 it/s ] [ lr: 1.00e-05 ] [ eta: 4 days, 0:35:19 ] [ l_g_mssim: 1.8627e-03 ] [ l_g_gan: 3.5215e+00 ] [ l_g_total: 3.5234e+00 ] [ l_d_real: 2.5055e-06 ] [ out_d_real: 1.3688e+01 ] [ l_d_fake: 1.8954e-05 ] [ out_d_fake: -1.1750e+01 ] [ l_d_total: 1.0730e-05 ] 
2025-07-09 02:14:30,500 INFO: [ epoch: 136 ] [ iter: 46,900 ] [ performance: 2.385 it/s ] [ lr: 1.00e-05 ] [ eta: 4 days, 0:15:29 ] [ l_g_mssim: 1.5064e-03 ] [ l_g_gan: 3.6563e+00 ] [ l_g_total: 3.6578e+00 ] [ l_d_real: 4.4712e-05 ] [ out_d_real: 1.1750e+01 ] [ l_d_fake: 5.5432e-06 ] [ out_d_fake: -1.2188e+01 ] [ l_d_total: 2.5127e-05 ] 
2025-07-09 02:15:08,682 INFO: [ epoch: 136 ] [ iter: 47,000 ] [ performance: 2.584 it/s ] [ lr: 1.00e-05 ] [ eta: 3 days, 23:55:11 ] [ l_g_mssim: 8.7153e-04 ] [ l_g_gan: 2.9028e+00 ] [ l_g_total: 2.9036e+00 ] [ l_d_real: 9.0218e-07 ] [ out_d_real: 1.4375e+01 ] [ l_d_fake: 9.4056e-05 ] [ out_d_fake: -9.6875e+00 ] [ l_d_total: 4.7479e-05 ] 
2025-07-09 02:15:49,269 INFO: [ epoch: 137 ] [ iter: 47,100 ] [ performance: 2.813 it/s ] [ lr: 1.00e-05 ] [ eta: 3 days, 23:36:02 ] [ l_g_mssim: 2.0762e-03 ] [ l_g_gan: 3.7055e+00 ] [ l_g_total: 3.7075e+00 ] [ l_d_real: 2.7279e-06 ] [ out_d_real: 1.4938e+01 ] [ l_d_fake: 1.0610e-05 ] [ out_d_fake: -1.2375e+01 ] [ l_d_total: 6.6688e-06 ] 
2025-07-09 02:16:28,580 INFO: [ epoch: 137 ] [ iter: 47,200 ] [ performance: 2.576 it/s ] [ lr: 1.00e-05 ] [ eta: 3 days, 23:16:37 ] [ l_g_mssim: 8.7582e-04 ] [ l_g_gan: 4.8152e+00 ] [ l_g_total: 4.8161e+00 ] [ l_d_real: 6.9063e-09 ] [ out_d_real: 1.8875e+01 ] [ l_d_fake: 0.0000e+00 ] [ out_d_fake: -1.6000e+01 ] [ l_d_total: 3.4531e-09 ] 
2025-07-09 02:17:10,067 INFO: [ epoch: 137 ] [ iter: 47,300 ] [ performance: 2.537 it/s ] [ lr: 1.00e-05 ] [ eta: 3 days, 22:58:15 ] [ l_g_mssim: 1.1357e-03 ] [ l_g_gan: 4.4602e+00 ] [ l_g_total: 4.4613e+00 ] [ l_d_real: 9.9903e-09 ] [ out_d_real: 1.9125e+01 ] [ l_d_fake: 1.6689e-06 ] [ out_d_fake: -1.4875e+01 ] [ l_d_total: 8.3946e-07 ] 
2025-07-09 02:17:49,699 INFO: [ epoch: 138 ] [ iter: 47,400 ] [ performance: 2.525 it/s ] [ lr: 1.00e-05 ] [ eta: 3 days, 22:39:23 ] [ l_g_mssim: 4.7739e-04 ] [ l_g_gan: 4.3617e+00 ] [ l_g_total: 4.3622e+00 ] [ l_d_real: 4.5992e-09 ] [ out_d_real: 1.9750e+01 ] [ l_d_fake: 4.1723e-07 ] [ out_d_fake: -1.4562e+01 ] [ l_d_total: 2.1092e-07 ] 
2025-07-09 02:18:26,369 INFO: [ epoch: 138 ] [ iter: 47,500 ] [ performance: 3.457 it/s ] [ lr: 1.00e-05 ] [ eta: 3 days, 22:19:35 ] [ l_g_mssim: 1.6753e-03 ] [ l_g_gan: 4.2141e+00 ] [ l_g_total: 4.2157e+00 ] [ l_d_real: 5.9167e-06 ] [ out_d_real: 1.2938e+01 ] [ l_d_fake: 4.0531e-06 ] [ out_d_fake: -1.4062e+01 ] [ l_d_total: 4.9849e-06 ] 
2025-07-09 02:19:09,229 INFO: [ epoch: 138 ] [ iter: 47,600 ] [ performance: 2.424 it/s ] [ lr: 1.00e-05 ] [ eta: 3 days, 22:02:21 ] [ l_g_mssim: 9.0669e-04 ] [ l_g_gan: 5.1012e+00 ] [ l_g_total: 5.1021e+00 ] [ l_d_real: 4.4782e-05 ] [ out_d_real: 1.1000e+01 ] [ l_d_fake: 0.0000e+00 ] [ out_d_fake: -1.7000e+01 ] [ l_d_total: 2.2391e-05 ] 
2025-07-09 02:19:48,587 INFO: [ epoch: 138 ] [ iter: 47,700 ] [ performance: 2.980 it/s ] [ lr: 1.00e-05 ] [ eta: 3 days, 21:44:00 ] [ l_g_mssim: 1.8476e-03 ] [ l_g_gan: 5.2207e+00 ] [ l_g_total: 5.2226e+00 ] [ l_d_real: 7.0979e-06 ] [ out_d_real: 1.2062e+01 ] [ l_d_fake: 1.7881e-07 ] [ out_d_fake: -1.7375e+01 ] [ l_d_total: 3.6384e-06 ] 
2025-07-09 02:20:29,827 INFO: [ epoch: 139 ] [ iter: 47,800 ] [ performance: 2.474 it/s ] [ lr: 1.00e-05 ] [ eta: 3 days, 21:26:32 ] [ l_g_mssim: 7.0465e-04 ] [ l_g_gan: 5.3613e+00 ] [ l_g_total: 5.3620e+00 ] [ l_d_real: 4.4385e-07 ] [ out_d_real: 1.4812e+01 ] [ l_d_fake: 0.0000e+00 ] [ out_d_fake: -1.7875e+01 ] [ l_d_total: 2.2192e-07 ] 
2025-07-09 02:21:08,433 INFO: [ epoch: 139 ] [ iter: 47,900 ] [ performance: 2.210 it/s ] [ lr: 1.00e-05 ] [ eta: 3 days, 21:08:17 ] [ l_g_mssim: 1.1918e-03 ] [ l_g_gan: 4.9934e+00 ] [ l_g_total: 4.9946e+00 ] [ l_d_real: 1.6484e-06 ] [ out_d_real: 1.3438e+01 ] [ l_d_fake: 0.0000e+00 ] [ out_d_fake: -1.6625e+01 ] [ l_d_total: 8.2418e-07 ] 
2025-07-09 02:21:49,626 INFO: [ epoch: 139 ] [ iter: 48,000 ] [ performance: 2.404 it/s ] [ lr: 1.00e-05 ] [ eta: 3 days, 20:51:11 ] [ l_g_mssim: 9.2266e-04 ] [ l_g_gan: 5.3871e+00 ] [ l_g_total: 5.3880e+00 ] [ l_d_real: 2.6486e-07 ] [ out_d_real: 1.5312e+01 ] [ l_d_fake: 0.0000e+00 ] [ out_d_fake: -1.8000e+01 ] [ l_d_total: 1.3243e-07 ] 
2025-07-09 02:22:29,347 INFO: [ epoch: 140 ] [ iter: 48,100 ] [ performance: 3.133 it/s ] [ lr: 1.00e-05 ] [ eta: 3 days, 20:33:44 ] [ l_g_mssim: 8.5172e-04 ] [ l_g_gan: 5.4703e+00 ] [ l_g_total: 5.4712e+00 ] [ l_d_real: 6.7073e-07 ] [ out_d_real: 1.4562e+01 ] [ l_d_fake: 0.0000e+00 ] [ out_d_fake: -1.8250e+01 ] [ l_d_total: 3.3537e-07 ] 
2025-07-09 02:23:06,872 INFO: [ epoch: 140 ] [ iter: 48,200 ] [ performance: 2.702 it/s ] [ lr: 1.00e-05 ] [ eta: 3 days, 20:15:39 ] [ l_g_mssim: 8.9527e-04 ] [ l_g_gan: 3.6797e+00 ] [ l_g_total: 3.6806e+00 ] [ l_d_real: 2.1581e-08 ] [ out_d_real: 1.8000e+01 ] [ l_d_fake: 4.5776e-05 ] [ out_d_fake: -1.2250e+01 ] [ l_d_total: 2.2899e-05 ] 
2025-07-09 02:23:47,061 INFO: [ epoch: 140 ] [ iter: 48,300 ] [ performance: 2.263 it/s ] [ lr: 1.00e-05 ] [ eta: 3 days, 19:58:44 ] [ l_g_mssim: 7.0841e-04 ] [ l_g_gan: 4.6313e+00 ] [ l_g_total: 4.6320e+00 ] [ l_d_real: 4.9684e-05 ] [ out_d_real: 1.4375e+01 ] [ l_d_fake: 5.9605e-08 ] [ out_d_fake: -1.5438e+01 ] [ l_d_total: 2.4872e-05 ] 
2025-07-09 02:24:22,476 INFO: [ epoch: 140 ] [ iter: 48,400 ] [ performance: 2.767 it/s ] [ lr: 1.00e-05 ] [ eta: 3 days, 19:40:15 ] [ l_g_mssim: 6.6763e-04 ] [ l_g_gan: 3.7453e+00 ] [ l_g_total: 3.7460e+00 ] [ l_d_real: 2.1558e-06 ] [ out_d_real: 1.3188e+01 ] [ l_d_fake: 4.6492e-06 ] [ out_d_fake: -1.2500e+01 ] [ l_d_total: 3.4025e-06 ] 
2025-07-09 02:25:04,474 INFO: [ epoch: 141 ] [ iter: 48,500 ] [ performance: 2.166 it/s ] [ lr: 1.00e-05 ] [ eta: 3 days, 19:24:21 ] [ l_g_mssim: 8.0004e-04 ] [ l_g_gan: 5.2055e+00 ] [ l_g_total: 5.2063e+00 ] [ l_d_real: 2.2253e-07 ] [ out_d_real: 1.5500e+01 ] [ l_d_fake: 0.0000e+00 ] [ out_d_fake: -1.7375e+01 ] [ l_d_total: 1.1127e-07 ] 
2025-07-09 02:25:42,949 INFO: [ epoch: 141 ] [ iter: 48,600 ] [ performance: 2.561 it/s ] [ lr: 1.00e-05 ] [ eta: 3 days, 19:07:20 ] [ l_g_mssim: 7.3100e-04 ] [ l_g_gan: 5.2465e+00 ] [ l_g_total: 5.2472e+00 ] [ l_d_real: 8.0578e-06 ] [ out_d_real: 1.1875e+01 ] [ l_d_fake: 0.0000e+00 ] [ out_d_fake: -1.7500e+01 ] [ l_d_total: 4.0289e-06 ] 
2025-07-09 02:26:19,324 INFO: [ epoch: 141 ] [ iter: 48,700 ] [ performance: 2.947 it/s ] [ lr: 1.00e-05 ] [ eta: 3 days, 18:49:45 ] [ l_g_mssim: 5.9656e-04 ] [ l_g_gan: 4.4965e+00 ] [ l_g_total: 4.4971e+00 ] [ l_d_real: 4.1109e-07 ] [ out_d_real: 1.5188e+01 ] [ l_d_fake: 4.1723e-07 ] [ out_d_fake: -1.5000e+01 ] [ l_d_total: 4.1416e-07 ] 
2025-07-09 02:27:03,498 INFO: [ epoch: 142 ] [ iter: 48,800 ] [ performance: 2.299 it/s ] [ lr: 1.00e-05 ] [ eta: 3 days, 18:35:08 ] [ l_g_mssim: 1.5418e-03 ] [ l_g_gan: 4.3992e+00 ] [ l_g_total: 4.4008e+00 ] [ l_d_real: 2.8592e-08 ] [ out_d_real: 1.7625e+01 ] [ l_d_fake: 2.5630e-06 ] [ out_d_fake: -1.4688e+01 ] [ l_d_total: 1.2958e-06 ] 
2025-07-09 02:27:42,256 INFO: [ epoch: 142 ] [ iter: 48,900 ] [ performance: 2.367 it/s ] [ lr: 1.00e-05 ] [ eta: 3 days, 18:18:44 ] [ l_g_mssim: 1.4904e-03 ] [ l_g_gan: 4.7625e+00 ] [ l_g_total: 4.7640e+00 ] [ l_d_real: 2.7459e-08 ] [ out_d_real: 1.7625e+01 ] [ l_d_fake: 2.0266e-06 ] [ out_d_fake: -1.5875e+01 ] [ l_d_total: 1.0270e-06 ] 
2025-07-09 02:28:19,075 INFO: [ epoch: 142 ] [ iter: 49,000 ] [ performance: 2.694 it/s ] [ lr: 1.00e-05 ] [ eta: 3 days, 18:01:49 ] [ l_g_mssim: 5.5916e-04 ] [ l_g_gan: 3.5250e+00 ] [ l_g_total: 3.5256e+00 ] [ l_d_real: 1.5591e-07 ] [ out_d_real: 1.5750e+01 ] [ l_d_fake: 9.8944e-06 ] [ out_d_fake: -1.1750e+01 ] [ l_d_total: 5.0251e-06 ] 
2025-07-09 02:29:00,074 INFO: [ epoch: 143 ] [ iter: 49,100 ] [ performance: 0.647 it/s ] [ lr: 1.00e-05 ] [ eta: 3 days, 17:46:32 ] [ l_g_mssim: 2.2963e-04 ] [ l_g_gan: 3.9680e+00 ] [ l_g_total: 3.9682e+00 ] [ l_d_real: 2.4954e-06 ] [ out_d_real: 1.2938e+01 ] [ l_d_fake: 1.9670e-06 ] [ out_d_fake: -1.3250e+01 ] [ l_d_total: 2.2312e-06 ] 
2025-07-09 02:29:38,583 INFO: [ epoch: 143 ] [ iter: 49,200 ] [ performance: 2.271 it/s ] [ lr: 1.00e-05 ] [ eta: 3 days, 17:30:33 ] [ l_g_mssim: 1.8413e-03 ] [ l_g_gan: 4.3465e+00 ] [ l_g_total: 4.3483e+00 ] [ l_d_real: 3.7314e-07 ] [ out_d_real: 1.4875e+01 ] [ l_d_fake: 5.3644e-07 ] [ out_d_fake: -1.4500e+01 ] [ l_d_total: 4.5479e-07 ] 
2025-07-09 02:30:15,465 INFO: [ epoch: 143 ] [ iter: 49,300 ] [ performance: 3.183 it/s ] [ lr: 1.00e-05 ] [ eta: 3 days, 17:14:09 ] [ l_g_mssim: 6.7273e-04 ] [ l_g_gan: 4.4004e+00 ] [ l_g_total: 4.4011e+00 ] [ l_d_real: 7.5497e-08 ] [ out_d_real: 1.6500e+01 ] [ l_d_fake: 4.7684e-07 ] [ out_d_fake: -1.4688e+01 ] [ l_d_total: 2.7617e-07 ] 
2025-07-09 02:30:53,534 INFO: [ epoch: 143 ] [ iter: 49,400 ] [ performance: 2.645 it/s ] [ lr: 1.00e-05 ] [ eta: 3 days, 16:58:19 ] [ l_g_mssim: 1.3830e-03 ] [ l_g_gan: 3.9035e+00 ] [ l_g_total: 3.9049e+00 ] [ l_d_real: 3.8206e-07 ] [ out_d_real: 1.5125e+01 ] [ l_d_fake: 5.1856e-06 ] [ out_d_fake: -1.3000e+01 ] [ l_d_total: 2.7838e-06 ] 
2025-07-09 02:31:35,045 INFO: [ epoch: 144 ] [ iter: 49,500 ] [ performance: 2.706 it/s ] [ lr: 1.00e-05 ] [ eta: 3 days, 16:43:50 ] [ l_g_mssim: 1.0481e-03 ] [ l_g_gan: 4.6594e+00 ] [ l_g_total: 4.6604e+00 ] [ l_d_real: 4.3098e-06 ] [ out_d_real: 1.2375e+01 ] [ l_d_fake: 0.0000e+00 ] [ out_d_fake: -1.5500e+01 ] [ l_d_total: 2.1549e-06 ] 
2025-07-09 02:32:11,522 INFO: [ epoch: 144 ] [ iter: 49,600 ] [ performance: 2.741 it/s ] [ lr: 1.00e-05 ] [ eta: 3 days, 16:27:46 ] [ l_g_mssim: 1.1706e-03 ] [ l_g_gan: 4.2129e+00 ] [ l_g_total: 4.2141e+00 ] [ l_d_real: 1.2557e-06 ] [ out_d_real: 1.3750e+01 ] [ l_d_fake: 1.0729e-06 ] [ out_d_fake: -1.4062e+01 ] [ l_d_total: 1.1643e-06 ] 
2025-07-09 02:32:49,427 INFO: [ epoch: 144 ] [ iter: 49,700 ] [ performance: 2.862 it/s ] [ lr: 1.00e-05 ] [ eta: 3 days, 16:12:20 ] [ l_g_mssim: 1.4187e-03 ] [ l_g_gan: 4.2949e+00 ] [ l_g_total: 4.2963e+00 ] [ l_d_real: 8.7325e-07 ] [ out_d_real: 1.4375e+01 ] [ l_d_fake: 6.5565e-07 ] [ out_d_fake: -1.4312e+01 ] [ l_d_total: 7.6445e-07 ] 
2025-07-09 02:33:29,986 INFO: [ epoch: 145 ] [ iter: 49,800 ] [ performance: 2.473 it/s ] [ lr: 1.00e-05 ] [ eta: 3 days, 15:57:57 ] [ l_g_mssim: 8.0615e-04 ] [ l_g_gan: 5.4398e+00 ] [ l_g_total: 5.4407e+00 ] [ l_d_real: 2.0903e-07 ] [ out_d_real: 1.6000e+01 ] [ l_d_fake: 0.0000e+00 ] [ out_d_fake: -1.8125e+01 ] [ l_d_total: 1.0452e-07 ] 
2025-07-09 02:34:10,508 INFO: [ epoch: 145 ] [ iter: 49,900 ] [ performance: 3.815 it/s ] [ lr: 1.00e-05 ] [ eta: 3 days, 15:43:42 ] [ l_g_mssim: 8.6201e-04 ] [ l_g_gan: 3.1160e+00 ] [ l_g_total: 3.1169e+00 ] [ l_d_real: 3.9619e-06 ] [ out_d_real: 1.3062e+01 ] [ l_d_fake: 3.6359e-05 ] [ out_d_fake: -1.0375e+01 ] [ l_d_total: 2.0160e-05 ] 
2025-07-09 02:34:47,319 INFO: [ epoch: 145 ] [ iter: 50,000 ] [ performance: 2.725 it/s ] [ lr: 1.00e-05 ] [ eta: 3 days, 15:28:20 ] [ l_g_mssim: 1.0004e-03 ] [ l_g_gan: 3.4887e+00 ] [ l_g_total: 3.4897e+00 ] [ l_d_real: 8.9124e-05 ] [ out_d_real: 9.3750e+00 ] [ l_d_fake: 9.5963e-06 ] [ out_d_fake: -1.1625e+01 ] [ l_d_total: 4.9360e-05 ] 
2025-07-09 02:34:47,320 INFO: [1;32mSaving models and training states.[0m
2025-07-09 03:11:34,480 INFO: Validation val

	 # psnr: 37.9117[1;32m........ Best: 37.9117 @ 50000 iter[0m
	 # ssim: 0.9589[1;32m........ Best: 0.9589 @ 50000 iter[0m

2025-07-09 03:11:48,107 INFO: [ epoch: 145 ] [ iter: 50,100 ] [ performance: 3.969 it/s ] [ lr: 1.00e-05 ] [ eta: 4 days, 3:17:21 ] [ l_g_mssim: 1.6692e-03 ] [ l_g_gan: 3.9563e+00 ] [ l_g_total: 3.9579e+00 ] [ l_d_real: 1.3747e-05 ] [ out_d_real: 1.1375e+01 ] [ l_d_fake: 1.9670e-06 ] [ out_d_fake: -1.3188e+01 ] [ l_d_total: 7.8569e-06 ] 
2025-07-09 03:12:33,420 INFO: [ epoch: 146 ] [ iter: 50,200 ] [ performance: 2.207 it/s ] [ lr: 1.00e-05 ] [ eta: 4 days, 3:01:19 ] [ l_g_mssim: 2.0103e-03 ] [ l_g_gan: 3.0621e+00 ] [ l_g_total: 3.0641e+00 ] [ l_d_real: 5.2741e-05 ] [ out_d_real: 1.0500e+01 ] [ l_d_fake: 4.8935e-05 ] [ out_d_fake: -1.0188e+01 ] [ l_d_total: 5.0838e-05 ] 
2025-07-09 03:13:12,560 INFO: [ epoch: 146 ] [ iter: 50,300 ] [ performance: 2.368 it/s ] [ lr: 1.00e-05 ] [ eta: 4 days, 2:43:25 ] [ l_g_mssim: 2.3865e-03 ] [ l_g_gan: 4.0723e+00 ] [ l_g_total: 4.0747e+00 ] [ l_d_real: 1.5169e-06 ] [ out_d_real: 1.4125e+01 ] [ l_d_fake: 1.6093e-06 ] [ out_d_fake: -1.3562e+01 ] [ l_d_total: 1.5631e-06 ] 
2025-07-09 03:13:53,687 INFO: [ epoch: 146 ] [ iter: 50,400 ] [ performance: 2.425 it/s ] [ lr: 1.00e-05 ] [ eta: 4 days, 2:26:20 ] [ l_g_mssim: 7.1755e-04 ] [ l_g_gan: 4.2973e+00 ] [ l_g_total: 4.2980e+00 ] [ l_d_real: 2.0525e-07 ] [ out_d_real: 1.5625e+01 ] [ l_d_fake: 1.2696e-05 ] [ out_d_fake: -1.4312e+01 ] [ l_d_total: 6.4505e-06 ] 
2025-07-09 03:14:38,707 INFO: [ epoch: 147 ] [ iter: 50,500 ] [ performance: 2.318 it/s ] [ lr: 1.00e-05 ] [ eta: 4 days, 2:10:40 ] [ l_g_mssim: 7.4820e-04 ] [ l_g_gan: 3.6996e+00 ] [ l_g_total: 3.7004e+00 ] [ l_d_real: 4.8623e-07 ] [ out_d_real: 1.4688e+01 ] [ l_d_fake: 5.3644e-06 ] [ out_d_fake: -1.2312e+01 ] [ l_d_total: 2.9253e-06 ] 
2025-07-09 03:15:21,731 INFO: [ epoch: 147 ] [ iter: 50,600 ] [ performance: 2.312 it/s ] [ lr: 1.00e-05 ] [ eta: 4 days, 1:54:31 ] [ l_g_mssim: 8.7163e-04 ] [ l_g_gan: 3.8063e+00 ] [ l_g_total: 3.8071e+00 ] [ l_d_real: 3.9977e-07 ] [ out_d_real: 1.4812e+01 ] [ l_d_fake: 3.9935e-06 ] [ out_d_fake: -1.2688e+01 ] [ l_d_total: 2.1966e-06 ] 
2025-07-09 03:16:03,459 INFO: [ epoch: 147 ] [ iter: 50,700 ] [ performance: 2.354 it/s ] [ lr: 1.00e-05 ] [ eta: 4 days, 1:38:05 ] [ l_g_mssim: 1.4200e-03 ] [ l_g_gan: 5.1023e+00 ] [ l_g_total: 5.1038e+00 ] [ l_d_real: 5.8933e-08 ] [ out_d_real: 1.6750e+01 ] [ l_d_fake: 0.0000e+00 ] [ out_d_fake: -1.7000e+01 ] [ l_d_total: 2.9466e-08 ] 
2025-07-09 03:16:45,614 INFO: [ epoch: 147 ] [ iter: 50,800 ] [ performance: 2.410 it/s ] [ lr: 1.00e-05 ] [ eta: 4 days, 1:21:57 ] [ l_g_mssim: 9.0934e-04 ] [ l_g_gan: 5.5898e+00 ] [ l_g_total: 5.5908e+00 ] [ l_d_real: 1.4975e-07 ] [ out_d_real: 1.8500e+01 ] [ l_d_fake: 0.0000e+00 ] [ out_d_fake: -1.8625e+01 ] [ l_d_total: 7.4875e-08 ] 
2025-07-09 03:17:31,514 INFO: [ epoch: 148 ] [ iter: 50,900 ] [ performance: 2.287 it/s ] [ lr: 1.00e-05 ] [ eta: 4 days, 1:07:09 ] [ l_g_mssim: 1.2740e-03 ] [ l_g_gan: 4.8891e+00 ] [ l_g_total: 4.8903e+00 ] [ l_d_real: 2.7076e-09 ] [ out_d_real: 2.0875e+01 ] [ l_d_fake: 0.0000e+00 ] [ out_d_fake: -1.6250e+01 ] [ l_d_total: 1.3538e-09 ] 
2025-07-09 03:18:12,904 INFO: [ epoch: 148 ] [ iter: 51,000 ] [ performance: 2.489 it/s ] [ lr: 1.00e-05 ] [ eta: 4 days, 0:51:03 ] [ l_g_mssim: 1.0203e-03 ] [ l_g_gan: 4.1191e+00 ] [ l_g_total: 4.1202e+00 ] [ l_d_real: 7.2460e-06 ] [ out_d_real: 1.4500e+01 ] [ l_d_fake: 1.7881e-06 ] [ out_d_fake: -1.3750e+01 ] [ l_d_total: 4.5171e-06 ] 
2025-07-09 03:18:50,353 INFO: [ epoch: 148 ] [ iter: 51,100 ] [ performance: 2.578 it/s ] [ lr: 1.00e-05 ] [ eta: 4 days, 0:33:51 ] [ l_g_mssim: 7.9837e-04 ] [ l_g_gan: 4.5457e+00 ] [ l_g_total: 4.5465e+00 ] [ l_d_real: 2.3015e-08 ] [ out_d_real: 1.8000e+01 ] [ l_d_fake: 2.3842e-07 ] [ out_d_fake: -1.5125e+01 ] [ l_d_total: 1.3072e-07 ] 
2025-07-09 03:19:36,794 INFO: [ epoch: 149 ] [ iter: 51,200 ] [ performance: 2.156 it/s ] [ lr: 1.00e-05 ] [ eta: 4 days, 0:19:38 ] [ l_g_mssim: 8.3811e-04 ] [ l_g_gan: 4.6313e+00 ] [ l_g_total: 4.6321e+00 ] [ l_d_real: 1.3240e-07 ] [ out_d_real: 1.6750e+01 ] [ l_d_fake: 1.7881e-07 ] [ out_d_fake: -1.5438e+01 ] [ l_d_total: 1.5561e-07 ] 
2025-07-09 03:20:15,372 INFO: [ epoch: 149 ] [ iter: 51,300 ] [ performance: 2.359 it/s ] [ lr: 1.00e-05 ] [ eta: 4 days, 0:03:06 ] [ l_g_mssim: 8.5305e-04 ] [ l_g_gan: 3.7652e+00 ] [ l_g_total: 3.7661e+00 ] [ l_d_real: 1.8203e-07 ] [ out_d_real: 1.6125e+01 ] [ l_d_fake: 5.4240e-06 ] [ out_d_fake: -1.2562e+01 ] [ l_d_total: 2.8030e-06 ] 
2025-07-09 03:20:53,898 INFO: [ epoch: 149 ] [ iter: 51,400 ] [ performance: 2.629 it/s ] [ lr: 1.00e-05 ] [ eta: 3 days, 23:46:41 ] [ l_g_mssim: 3.5697e-04 ] [ l_g_gan: 4.2703e+00 ] [ l_g_total: 4.2707e+00 ] [ l_d_real: 7.0373e-07 ] [ out_d_real: 1.4438e+01 ] [ l_d_fake: 1.0133e-06 ] [ out_d_fake: -1.4250e+01 ] [ l_d_total: 8.5850e-07 ] 
2025-07-09 03:21:37,082 INFO: [ epoch: 150 ] [ iter: 51,500 ] [ performance: 2.458 it/s ] [ lr: 1.00e-05 ] [ eta: 3 days, 23:31:52 ] [ l_g_mssim: 1.1162e-03 ] [ l_g_gan: 4.3254e+00 ] [ l_g_total: 4.3265e+00 ] [ l_d_real: 1.6707e-08 ] [ out_d_real: 1.9125e+01 ] [ l_d_fake: 1.0729e-06 ] [ out_d_fake: -1.4438e+01 ] [ l_d_total: 5.4480e-07 ] 
2025-07-09 03:22:15,350 INFO: [ epoch: 150 ] [ iter: 51,600 ] [ performance: 2.558 it/s ] [ lr: 1.00e-05 ] [ eta: 3 days, 23:15:39 ] [ l_g_mssim: 3.4192e-04 ] [ l_g_gan: 4.2598e+00 ] [ l_g_total: 4.2601e+00 ] [ l_d_real: 6.7465e-08 ] [ out_d_real: 1.8500e+01 ] [ l_d_fake: 8.9407e-07 ] [ out_d_fake: -1.4188e+01 ] [ l_d_total: 4.8077e-07 ] 
2025-07-09 03:22:52,258 INFO: [ epoch: 150 ] [ iter: 51,700 ] [ performance: 2.634 it/s ] [ lr: 1.00e-05 ] [ eta: 3 days, 22:59:11 ] [ l_g_mssim: 3.0838e-04 ] [ l_g_gan: 4.6348e+00 ] [ l_g_total: 4.6351e+00 ] [ l_d_real: 8.8526e-07 ] [ out_d_real: 1.4500e+01 ] [ l_d_fake: 1.1921e-07 ] [ out_d_fake: -1.5438e+01 ] [ l_d_total: 5.0223e-07 ] 
2025-07-09 03:23:30,543 INFO: [ epoch: 150 ] [ iter: 51,800 ] [ performance: 2.631 it/s ] [ lr: 1.00e-05 ] [ eta: 3 days, 22:43:16 ] [ l_g_mssim: 1.6968e-03 ] [ l_g_gan: 4.6652e+00 ] [ l_g_total: 4.6669e+00 ] [ l_d_real: 1.7981e-08 ] [ out_d_real: 1.8750e+01 ] [ l_d_fake: 3.5763e-07 ] [ out_d_fake: -1.5562e+01 ] [ l_d_total: 1.8780e-07 ] 
2025-07-09 03:24:14,972 INFO: [ epoch: 151 ] [ iter: 51,900 ] [ performance: 2.418 it/s ] [ lr: 1.00e-05 ] [ eta: 3 days, 22:29:21 ] [ l_g_mssim: 9.5043e-04 ] [ l_g_gan: 6.1453e+00 ] [ l_g_total: 6.1463e+00 ] [ l_d_real: 1.0946e-06 ] [ out_d_real: 1.6500e+01 ] [ l_d_fake: 0.0000e+00 ] [ out_d_fake: -2.0500e+01 ] [ l_d_total: 5.4728e-07 ] 
2025-07-09 03:24:52,717 INFO: [ epoch: 151 ] [ iter: 52,000 ] [ performance: 2.645 it/s ] [ lr: 1.00e-05 ] [ eta: 3 days, 22:13:33 ] [ l_g_mssim: 1.0516e-03 ] [ l_g_gan: 4.0266e+00 ] [ l_g_total: 4.0276e+00 ] [ l_d_real: 2.3588e-07 ] [ out_d_real: 1.6125e+01 ] [ l_d_fake: 4.2319e-06 ] [ out_d_fake: -1.3438e+01 ] [ l_d_total: 2.2339e-06 ] 
2025-07-09 03:25:29,322 INFO: [ epoch: 151 ] [ iter: 52,100 ] [ performance: 2.690 it/s ] [ lr: 1.00e-05 ] [ eta: 3 days, 21:57:32 ] [ l_g_mssim: 8.1998e-04 ] [ l_g_gan: 4.2246e+00 ] [ l_g_total: 4.2254e+00 ] [ l_d_real: 4.0184e-06 ] [ out_d_real: 1.5375e+01 ] [ l_d_fake: 6.6161e-06 ] [ out_d_fake: -1.4062e+01 ] [ l_d_total: 5.3172e-06 ] 
2025-07-09 03:26:13,155 INFO: [ epoch: 152 ] [ iter: 52,200 ] [ performance: 2.253 it/s ] [ lr: 1.00e-05 ] [ eta: 3 days, 21:43:49 ] [ l_g_mssim: 1.5653e-03 ] [ l_g_gan: 5.7000e+00 ] [ l_g_total: 5.7016e+00 ] [ l_d_real: 7.6187e-08 ] [ out_d_real: 1.8125e+01 ] [ l_d_fake: 0.0000e+00 ] [ out_d_fake: -1.9000e+01 ] [ l_d_total: 3.8094e-08 ] 
2025-07-09 03:26:52,794 INFO: [ epoch: 152 ] [ iter: 52,300 ] [ performance: 2.387 it/s ] [ lr: 1.00e-05 ] [ eta: 3 days, 21:28:59 ] [ l_g_mssim: 3.2885e-03 ] [ l_g_gan: 4.7871e+00 ] [ l_g_total: 4.7904e+00 ] [ l_d_real: 2.4761e-07 ] [ out_d_real: 1.7125e+01 ] [ l_d_fake: 2.3842e-07 ] [ out_d_fake: -1.5938e+01 ] [ l_d_total: 2.4301e-07 ] 
2025-07-09 03:27:30,036 INFO: [ epoch: 152 ] [ iter: 52,400 ] [ performance: 2.700 it/s ] [ lr: 1.00e-05 ] [ eta: 3 days, 21:13:33 ] [ l_g_mssim: 1.3541e-03 ] [ l_g_gan: 2.7446e+00 ] [ l_g_total: 2.7459e+00 ] [ l_d_real: 1.2727e-05 ] [ out_d_real: 1.1625e+01 ] [ l_d_fake: 1.1337e-04 ] [ out_d_fake: -9.1250e+00 ] [ l_d_total: 6.3047e-05 ] 
2025-07-09 03:28:03,924 INFO: [ epoch: 152 ] [ iter: 52,500 ] [ performance: 2.828 it/s ] [ lr: 1.00e-05 ] [ eta: 3 days, 20:57:16 ] [ l_g_mssim: 1.1844e-03 ] [ l_g_gan: 4.1637e+00 ] [ l_g_total: 4.1649e+00 ] [ l_d_real: 2.3392e-07 ] [ out_d_real: 1.5438e+01 ] [ l_d_fake: 1.1325e-06 ] [ out_d_fake: -1.3875e+01 ] [ l_d_total: 6.8320e-07 ] 
2025-07-09 03:28:46,015 INFO: [ epoch: 153 ] [ iter: 52,600 ] [ performance: 2.797 it/s ] [ lr: 1.00e-05 ] [ eta: 3 days, 20:43:32 ] [ l_g_mssim: 5.8033e-04 ] [ l_g_gan: 4.7965e+00 ] [ l_g_total: 4.7971e+00 ] [ l_d_real: 1.2838e-07 ] [ out_d_real: 1.6000e+01 ] [ l_d_fake: 1.1921e-07 ] [ out_d_fake: -1.6000e+01 ] [ l_d_total: 1.2379e-07 ] 
2025-07-09 03:29:28,550 INFO: [ epoch: 153 ] [ iter: 52,700 ] [ performance: 2.541 it/s ] [ lr: 1.00e-05 ] [ eta: 3 days, 20:30:02 ] [ l_g_mssim: 1.2205e-03 ] [ l_g_gan: 4.8879e+00 ] [ l_g_total: 4.8891e+00 ] [ l_d_real: 1.9333e-07 ] [ out_d_real: 1.6375e+01 ] [ l_d_fake: 1.1921e-07 ] [ out_d_fake: -1.6250e+01 ] [ l_d_total: 1.5627e-07 ] 
2025-07-09 03:30:06,303 INFO: [ epoch: 153 ] [ iter: 52,800 ] [ performance: 2.578 it/s ] [ lr: 1.00e-05 ] [ eta: 3 days, 20:15:15 ] [ l_g_mssim: 1.1972e-03 ] [ l_g_gan: 4.8223e+00 ] [ l_g_total: 4.8235e+00 ] [ l_d_real: 7.9269e-07 ] [ out_d_real: 1.4500e+01 ] [ l_d_fake: 4.1723e-07 ] [ out_d_fake: -1.6125e+01 ] [ l_d_total: 6.0496e-07 ] 
2025-07-09 03:30:46,231 INFO: [ epoch: 154 ] [ iter: 52,900 ] [ performance: 2.538 it/s ] [ lr: 1.00e-05 ] [ eta: 3 days, 20:01:14 ] [ l_g_mssim: 9.3566e-04 ] [ l_g_gan: 3.7641e+00 ] [ l_g_total: 3.7650e+00 ] [ l_d_real: 1.1927e-05 ] [ out_d_real: 1.1688e+01 ] [ l_d_fake: 5.3644e-06 ] [ out_d_fake: -1.2562e+01 ] [ l_d_total: 8.6455e-06 ] 
2025-07-09 03:31:29,585 INFO: [ epoch: 154 ] [ iter: 53,000 ] [ performance: 2.253 it/s ] [ lr: 1.00e-05 ] [ eta: 3 days, 19:48:19 ] [ l_g_mssim: 7.0270e-04 ] [ l_g_gan: 4.7191e+00 ] [ l_g_total: 4.7198e+00 ] [ l_d_real: 2.8384e-07 ] [ out_d_real: 1.5312e+01 ] [ l_d_fake: 4.7684e-07 ] [ out_d_fake: -1.5750e+01 ] [ l_d_total: 3.8034e-07 ] 
2025-07-09 03:32:07,030 INFO: [ epoch: 154 ] [ iter: 53,100 ] [ performance: 2.460 it/s ] [ lr: 1.00e-05 ] [ eta: 3 days, 19:33:49 ] [ l_g_mssim: 2.2380e-03 ] [ l_g_gan: 5.2652e+00 ] [ l_g_total: 5.2675e+00 ] [ l_d_real: 1.5853e-05 ] [ out_d_real: 1.1625e+01 ] [ l_d_fake: 0.0000e+00 ] [ out_d_fake: -1.7500e+01 ] [ l_d_total: 7.9267e-06 ] 
2025-07-09 03:32:46,762 INFO: [ epoch: 155 ] [ iter: 53,200 ] [ performance: 2.472 it/s ] [ lr: 1.00e-05 ] [ eta: 3 days, 19:20:05 ] [ l_g_mssim: 9.3164e-04 ] [ l_g_gan: 5.3227e+00 ] [ l_g_total: 5.3236e+00 ] [ l_d_real: 1.4061e-05 ] [ out_d_real: 1.2500e+01 ] [ l_d_fake: 0.0000e+00 ] [ out_d_fake: -1.7750e+01 ] [ l_d_total: 7.0306e-06 ] 
2025-07-09 03:33:24,898 INFO: [ epoch: 155 ] [ iter: 53,300 ] [ performance: 2.551 it/s ] [ lr: 1.00e-05 ] [ eta: 3 days, 19:06:01 ] [ l_g_mssim: 1.1441e-03 ] [ l_g_gan: 5.5230e+00 ] [ l_g_total: 5.5242e+00 ] [ l_d_real: 5.1802e-06 ] [ out_d_real: 1.3750e+01 ] [ l_d_fake: 2.9802e-07 ] [ out_d_fake: -1.8375e+01 ] [ l_d_total: 2.7391e-06 ] 
2025-07-09 03:34:04,314 INFO: [ epoch: 155 ] [ iter: 53,400 ] [ performance: 2.486 it/s ] [ lr: 1.00e-05 ] [ eta: 3 days, 18:52:25 ] [ l_g_mssim: 3.9546e-04 ] [ l_g_gan: 5.9367e+00 ] [ l_g_total: 5.9371e+00 ] [ l_d_real: 2.2430e-07 ] [ out_d_real: 1.5562e+01 ] [ l_d_fake: 0.0000e+00 ] [ out_d_fake: -1.9750e+01 ] [ l_d_total: 1.1215e-07 ] 
2025-07-09 03:34:42,009 INFO: [ epoch: 155 ] [ iter: 53,500 ] [ performance: 2.574 it/s ] [ lr: 1.00e-05 ] [ eta: 3 days, 18:38:26 ] [ l_g_mssim: 1.4407e-03 ] [ l_g_gan: 6.2766e+00 ] [ l_g_total: 6.2780e+00 ] [ l_d_real: 1.4866e-07 ] [ out_d_real: 1.6000e+01 ] [ l_d_fake: 0.0000e+00 ] [ out_d_fake: -2.0875e+01 ] [ l_d_total: 7.4332e-08 ] 
2025-07-09 03:35:23,393 INFO: [ epoch: 156 ] [ iter: 53,600 ] [ performance: 2.256 it/s ] [ lr: 1.00e-05 ] [ eta: 3 days, 18:25:37 ] [ l_g_mssim: 1.2909e-03 ] [ l_g_gan: 6.3563e+00 ] [ l_g_total: 6.3575e+00 ] [ l_d_real: 2.4901e-07 ] [ out_d_real: 1.6000e+01 ] [ l_d_fake: 0.0000e+00 ] [ out_d_fake: -2.1250e+01 ] [ l_d_total: 1.2450e-07 ] 
2025-07-09 03:36:03,812 INFO: [ epoch: 156 ] [ iter: 53,700 ] [ performance: 2.370 it/s ] [ lr: 1.00e-05 ] [ eta: 3 days, 18:12:37 ] [ l_g_mssim: 1.9597e-03 ] [ l_g_gan: 6.0867e+00 ] [ l_g_total: 6.0887e+00 ] [ l_d_real: 2.5795e-06 ] [ out_d_real: 1.3125e+01 ] [ l_d_fake: 0.0000e+00 ] [ out_d_fake: -2.0250e+01 ] [ l_d_total: 1.2898e-06 ] 
2025-07-09 03:36:41,656 INFO: [ epoch: 156 ] [ iter: 53,800 ] [ performance: 2.741 it/s ] [ lr: 1.00e-05 ] [ eta: 3 days, 17:59:01 ] [ l_g_mssim: 1.5439e-03 ] [ l_g_gan: 6.0797e+00 ] [ l_g_total: 6.0812e+00 ] [ l_d_real: 5.7331e-06 ] [ out_d_real: 1.2188e+01 ] [ l_d_fake: 1.1921e-07 ] [ out_d_fake: -2.0250e+01 ] [ l_d_total: 2.9262e-06 ] 
2025-07-09 03:37:22,545 INFO: [ epoch: 157 ] [ iter: 53,900 ] [ performance: 2.570 it/s ] [ lr: 1.00e-05 ] [ eta: 3 days, 17:46:22 ] [ l_g_mssim: 1.4859e-03 ] [ l_g_gan: 5.9977e+00 ] [ l_g_total: 5.9991e+00 ] [ l_d_real: 4.1771e-05 ] [ out_d_real: 1.0500e+01 ] [ l_d_fake: 0.0000e+00 ] [ out_d_fake: -2.0000e+01 ] [ l_d_total: 2.0886e-05 ] 
2025-07-09 03:38:01,771 INFO: [ epoch: 157 ] [ iter: 54,000 ] [ performance: 2.567 it/s ] [ lr: 1.00e-05 ] [ eta: 3 days, 17:33:21 ] [ l_g_mssim: 7.4385e-04 ] [ l_g_gan: 5.3730e+00 ] [ l_g_total: 5.3738e+00 ] [ l_d_real: 9.8110e-07 ] [ out_d_real: 1.4125e+01 ] [ l_d_fake: 1.1921e-07 ] [ out_d_fake: -1.7875e+01 ] [ l_d_total: 5.5016e-07 ] 
2025-07-09 03:38:41,741 INFO: [ epoch: 157 ] [ iter: 54,100 ] [ performance: 2.530 it/s ] [ lr: 1.00e-05 ] [ eta: 3 days, 17:20:39 ] [ l_g_mssim: 1.3574e-03 ] [ l_g_gan: 5.8219e+00 ] [ l_g_total: 5.8232e+00 ] [ l_d_real: 6.9767e-07 ] [ out_d_real: 1.4812e+01 ] [ l_d_fake: 5.9605e-08 ] [ out_d_fake: -1.9375e+01 ] [ l_d_total: 3.7864e-07 ] 
2025-07-09 03:39:17,017 INFO: [ epoch: 157 ] [ iter: 54,200 ] [ performance: 2.872 it/s ] [ lr: 1.00e-05 ] [ eta: 3 days, 17:06:46 ] [ l_g_mssim: 2.7760e-04 ] [ l_g_gan: 6.2227e+00 ] [ l_g_total: 6.2229e+00 ] [ l_d_real: 7.7564e-06 ] [ out_d_real: 1.1812e+01 ] [ l_d_fake: 0.0000e+00 ] [ out_d_fake: -2.0750e+01 ] [ l_d_total: 3.8782e-06 ] 
2025-07-09 03:40:00,451 INFO: [ epoch: 158 ] [ iter: 54,300 ] [ performance: 2.525 it/s ] [ lr: 1.00e-05 ] [ eta: 3 days, 16:55:12 ] [ l_g_mssim: 8.4082e-04 ] [ l_g_gan: 7.9641e+00 ] [ l_g_total: 7.9649e+00 ] [ l_d_real: 1.6802e-06 ] [ out_d_real: 1.3375e+01 ] [ l_d_fake: 0.0000e+00 ] [ out_d_fake: -2.6500e+01 ] [ l_d_total: 8.4010e-07 ] 
2025-07-09 03:40:39,251 INFO: [ epoch: 158 ] [ iter: 54,400 ] [ performance: 2.543 it/s ] [ lr: 1.00e-05 ] [ eta: 3 days, 16:42:29 ] [ l_g_mssim: 1.2578e-03 ] [ l_g_gan: 8.6414e+00 ] [ l_g_total: 8.6427e+00 ] [ l_d_real: 1.7271e-06 ] [ out_d_real: 1.3500e+01 ] [ l_d_fake: 0.0000e+00 ] [ out_d_fake: -2.8750e+01 ] [ l_d_total: 8.6355e-07 ] 
2025-07-09 03:41:18,570 INFO: [ epoch: 158 ] [ iter: 54,500 ] [ performance: 2.543 it/s ] [ lr: 1.00e-05 ] [ eta: 3 days, 16:30:00 ] [ l_g_mssim: 1.2768e-03 ] [ l_g_gan: 9.0328e+00 ] [ l_g_total: 9.0341e+00 ] [ l_d_real: 4.7548e-07 ] [ out_d_real: 1.5000e+01 ] [ l_d_fake: 0.0000e+00 ] [ out_d_fake: -3.0125e+01 ] [ l_d_total: 2.3774e-07 ] 
2025-07-09 03:41:58,780 INFO: [ epoch: 159 ] [ iter: 54,600 ] [ performance: 2.416 it/s ] [ lr: 1.00e-05 ] [ eta: 3 days, 16:17:51 ] [ l_g_mssim: 8.9437e-04 ] [ l_g_gan: 4.1309e+00 ] [ l_g_total: 4.1318e+00 ] [ l_d_real: 3.4077e-06 ] [ out_d_real: 1.3000e+01 ] [ l_d_fake: 3.1590e-06 ] [ out_d_fake: -1.3750e+01 ] [ l_d_total: 3.2834e-06 ] 
2025-07-09 03:42:36,789 INFO: [ epoch: 159 ] [ iter: 54,700 ] [ performance: 2.532 it/s ] [ lr: 1.00e-05 ] [ eta: 3 days, 16:05:12 ] [ l_g_mssim: 9.3103e-04 ] [ l_g_gan: 4.0816e+00 ] [ l_g_total: 4.0826e+00 ] [ l_d_real: 2.7307e-06 ] [ out_d_real: 1.3500e+01 ] [ l_d_fake: 1.5497e-06 ] [ out_d_fake: -1.3625e+01 ] [ l_d_total: 2.1402e-06 ] 
2025-07-09 03:43:13,658 INFO: [ epoch: 159 ] [ iter: 54,800 ] [ performance: 2.683 it/s ] [ lr: 1.00e-05 ] [ eta: 3 days, 15:52:21 ] [ l_g_mssim: 8.5057e-04 ] [ l_g_gan: 3.9797e+00 ] [ l_g_total: 3.9805e+00 ] [ l_d_real: 1.8284e-07 ] [ out_d_real: 1.5812e+01 ] [ l_d_fake: 2.0266e-06 ] [ out_d_fake: -1.3250e+01 ] [ l_d_total: 1.1047e-06 ] 
2025-07-09 03:43:56,542 INFO: [ epoch: 160 ] [ iter: 54,900 ] [ performance: 2.473 it/s ] [ lr: 1.00e-05 ] [ eta: 3 days, 15:41:11 ] [ l_g_mssim: 7.2488e-04 ] [ l_g_gan: 4.2926e+00 ] [ l_g_total: 4.2933e+00 ] [ l_d_real: 1.8640e-08 ] [ out_d_real: 1.8250e+01 ] [ l_d_fake: 1.1921e-06 ] [ out_d_fake: -1.4312e+01 ] [ l_d_total: 6.0537e-07 ] 
2025-07-09 03:44:34,750 INFO: [ epoch: 160 ] [ iter: 55,000 ] [ performance: 2.566 it/s ] [ lr: 1.00e-05 ] [ eta: 3 days, 15:28:52 ] [ l_g_mssim: 1.2389e-03 ] [ l_g_gan: 4.6582e+00 ] [ l_g_total: 4.6594e+00 ] [ l_d_real: 3.8792e-08 ] [ out_d_real: 1.8125e+01 ] [ l_d_fake: 2.3842e-07 ] [ out_d_fake: -1.5500e+01 ] [ l_d_total: 1.3861e-07 ] 
2025-07-09 03:44:34,751 INFO: [1;32mSaving models and training states.[0m
