2025-07-09 18:41:57,276 INFO: 
------------------------ neosr ------------------------
Pytorch Version: 2.5.1+cu124. Running on gpu NVIDIA L4, with driver 535.247.01.
2025-07-09 18:41:58,173 INFO: Dataset [paired] is built.
2025-07-09 18:41:58,174 INFO: Training informations:
-------- Starting model: train_plksr_tiny_4x
-------- GPUs detected: 1
-------- Patch size: 32
-------- Dataset size: 1365
-------- Batch size per gpu: 4
-------- Accumulated batches: 4
-------- Required iters per epoch: 342
-------- Total epochs 1316 for total iters 450000.
2025-07-09 18:41:58,249 INFO: Dataset [paired] is built.
2025-07-09 18:41:58,249 INFO: Number of val images/folders: 162
2025-07-09 18:41:58,471 INFO: Using network [plksr].
2025-07-09 18:41:58,618 INFO: Using network [metagan].
2025-07-09 18:41:58,655 INFO: Loading plksr model from /teamspace/studios/this_studio/neosr/experiments/train_plksr_tiny_4x/models/net_g_55000.pth, with param key: [params].
2025-07-09 18:41:58,854 INFO: Loading metagan model from /teamspace/studios/this_studio/neosr/experiments/train_plksr_tiny_4x/models/net_d_55000.pth, with param key: [params].
2025-07-09 18:41:59,009 INFO: Using exponential-moving average.
2025-07-09 18:41:59,237 INFO: Loss [mssim_loss] enabled.
2025-07-09 18:41:59,238 INFO: Loss [gan_loss] enabled.
2025-07-09 18:41:59,238 INFO: Loss [wavelet-guided] enabled.
2025-07-09 18:41:59,238 INFO: Using model [image].
2025-07-09 18:41:59,361 INFO: [1;32mResuming training from epoch: 160, iter: 55000[0m
2025-07-09 18:42:10,010 INFO: AMP enabled with BF16.
2025-07-09 18:42:10,011 INFO: [1;32mStart training from epoch: 160, iter: 55000[0m
2025-07-09 18:43:53,881 INFO: [ epoch: 160 ] [ iter: 55,100 ] [ performance: 0.963 it/s ] [ lr: 1.00e-05 ] [ eta: 5 days, 6:53:13 ] [ l_g_mssim: 2.3549e-03 ] [ l_g_gan: 3.9996e+00 ] [ l_g_total: 4.0020e+00 ] [ l_d_real: 6.1114e-06 ] [ out_d_real: 1.2375e+01 ] [ l_d_fake: 2.7418e-06 ] [ out_d_fake: -1.3312e+01 ] [ l_d_total: 4.4266e-06 ] 
2025-07-09 18:44:39,006 INFO: [ epoch: 160 ] [ iter: 55,200 ] [ performance: 1.342 it/s ] [ lr: 1.00e-05 ] [ eta: 3 days, 15:58:39 ] [ l_g_mssim: 1.2274e-03 ] [ l_g_gan: 3.2086e+00 ] [ l_g_total: 3.2098e+00 ] [ l_d_real: 4.5314e-07 ] [ out_d_real: 1.4812e+01 ] [ l_d_fake: 6.1929e-05 ] [ out_d_fake: -1.0688e+01 ] [ l_d_total: 3.1191e-05 ] 
2025-07-09 18:45:19,351 INFO: [ epoch: 160 ] [ iter: 55,300 ] [ performance: 2.468 it/s ] [ lr: 1.00e-05 ] [ eta: 3 days, 1:19:57 ] [ l_g_mssim: 2.2435e-03 ] [ l_g_gan: 3.4512e+00 ] [ l_g_total: 3.4534e+00 ] [ l_d_real: 2.0241e-09 ] [ out_d_real: 2.0750e+01 ] [ l_d_fake: 1.4544e-05 ] [ out_d_fake: -1.1500e+01 ] [ l_d_total: 7.2728e-06 ] 
2025-07-09 18:46:08,406 INFO: [ epoch: 161 ] [ iter: 55,400 ] [ performance: 2.232 it/s ] [ lr: 1.00e-05 ] [ eta: 2 days, 20:24:56 ] [ l_g_mssim: 1.2851e-03 ] [ l_g_gan: 4.7988e+00 ] [ l_g_total: 4.8001e+00 ] [ l_d_real: 2.0520e-10 ] [ out_d_real: 2.5750e+01 ] [ l_d_fake: 2.3842e-07 ] [ out_d_fake: -1.6000e+01 ] [ l_d_total: 1.1931e-07 ] 
2025-07-09 18:46:49,978 INFO: [ epoch: 161 ] [ iter: 55,500 ] [ performance: 2.402 it/s ] [ lr: 1.00e-05 ] [ eta: 2 days, 15:49:15 ] [ l_g_mssim: 8.6167e-04 ] [ l_g_gan: 4.7508e+00 ] [ l_g_total: 4.7516e+00 ] [ l_d_real: 8.2566e-09 ] [ out_d_real: 2.0750e+01 ] [ l_d_fake: 5.9605e-08 ] [ out_d_fake: -1.5812e+01 ] [ l_d_total: 3.3931e-08 ] 
2025-07-09 18:47:35,299 INFO: [ epoch: 161 ] [ iter: 55,600 ] [ performance: 2.299 it/s ] [ lr: 1.00e-05 ] [ eta: 2 days, 13:26:30 ] [ l_g_mssim: 1.4297e-03 ] [ l_g_gan: 6.0844e+00 ] [ l_g_total: 6.0858e+00 ] [ l_d_real: 4.1420e-09 ] [ out_d_real: 2.4000e+01 ] [ l_d_fake: 0.0000e+00 ] [ out_d_fake: -2.0250e+01 ] [ l_d_total: 2.0710e-09 ] 
2025-07-09 18:48:23,611 INFO: [ epoch: 162 ] [ iter: 55,700 ] [ performance: 2.038 it/s ] [ lr: 1.00e-05 ] [ eta: 2 days, 12:12:30 ] [ l_g_mssim: 1.9963e-03 ] [ l_g_gan: 4.8094e+00 ] [ l_g_total: 4.8114e+00 ] [ l_d_real: 2.0783e-09 ] [ out_d_real: 2.2875e+01 ] [ l_d_fake: 5.9605e-08 ] [ out_d_fake: -1.6000e+01 ] [ l_d_total: 3.0841e-08 ] 
2025-07-09 18:49:07,446 INFO: [ epoch: 162 ] [ iter: 55,800 ] [ performance: 2.155 it/s ] [ lr: 1.00e-05 ] [ eta: 2 days, 10:40:01 ] [ l_g_mssim: 4.3297e-04 ] [ l_g_gan: 5.1891e+00 ] [ l_g_total: 5.1895e+00 ] [ l_d_real: 2.0687e-09 ] [ out_d_real: 2.1875e+01 ] [ l_d_fake: 0.0000e+00 ] [ out_d_fake: -1.7250e+01 ] [ l_d_total: 1.0343e-09 ] 
2025-07-09 18:49:47,859 INFO: [ epoch: 162 ] [ iter: 55,900 ] [ performance: 2.443 it/s ] [ lr: 1.00e-05 ] [ eta: 2 days, 9:02:57 ] [ l_g_mssim: 5.4013e-04 ] [ l_g_gan: 6.6164e+00 ] [ l_g_total: 6.6169e+00 ] [ l_d_real: 5.6641e-11 ] [ out_d_real: 2.5750e+01 ] [ l_d_fake: 0.0000e+00 ] [ out_d_fake: -2.2000e+01 ] [ l_d_total: 2.8321e-11 ] 
2025-07-09 18:50:26,864 INFO: [ epoch: 162 ] [ iter: 56,000 ] [ performance: 2.503 it/s ] [ lr: 1.00e-05 ] [ eta: 2 days, 7:35:55 ] [ l_g_mssim: 7.3897e-04 ] [ l_g_gan: 5.0367e+00 ] [ l_g_total: 5.0375e+00 ] [ l_d_real: 4.9222e-13 ] [ out_d_real: 2.9000e+01 ] [ l_d_fake: 0.0000e+00 ] [ out_d_fake: -1.6750e+01 ] [ l_d_total: 2.4611e-13 ] 
2025-07-09 18:51:14,119 INFO: [ epoch: 163 ] [ iter: 56,100 ] [ performance: 2.154 it/s ] [ lr: 1.00e-05 ] [ eta: 2 days, 7:13:53 ] [ l_g_mssim: 1.6937e-03 ] [ l_g_gan: 4.5598e+00 ] [ l_g_total: 4.5615e+00 ] [ l_d_real: 2.3996e-13 ] [ out_d_real: 3.0125e+01 ] [ l_d_fake: 4.1723e-07 ] [ out_d_fake: -1.5188e+01 ] [ l_d_total: 2.0862e-07 ] 
2025-07-09 18:51:54,967 INFO: [ epoch: 163 ] [ iter: 56,200 ] [ performance: 2.296 it/s ] [ lr: 1.00e-05 ] [ eta: 2 days, 6:20:20 ] [ l_g_mssim: 2.1168e-03 ] [ l_g_gan: 3.1102e+00 ] [ l_g_total: 3.1123e+00 ] [ l_d_real: 1.2223e-05 ] [ out_d_real: 1.9625e+01 ] [ l_d_fake: 6.3062e-05 ] [ out_d_fake: -1.0375e+01 ] [ l_d_total: 3.7642e-05 ] 
2025-07-09 18:52:34,584 INFO: [ epoch: 163 ] [ iter: 56,300 ] [ performance: 2.563 it/s ] [ lr: 1.00e-05 ] [ eta: 2 days, 5:28:41 ] [ l_g_mssim: 1.1036e-03 ] [ l_g_gan: 3.4676e+00 ] [ l_g_total: 3.4687e+00 ] [ l_d_real: 1.3987e-10 ] [ out_d_real: 2.4000e+01 ] [ l_d_fake: 1.6212e-05 ] [ out_d_fake: -1.1562e+01 ] [ l_d_total: 8.1063e-06 ] 
2025-07-09 18:53:15,929 INFO: [ epoch: 164 ] [ iter: 56,400 ] [ performance: 2.487 it/s ] [ lr: 1.00e-05 ] [ eta: 2 days, 4:52:27 ] [ l_g_mssim: 9.0528e-04 ] [ l_g_gan: 4.7473e+00 ] [ l_g_total: 4.7482e+00 ] [ l_d_real: 1.0608e-09 ] [ out_d_real: 2.1000e+01 ] [ l_d_fake: 0.0000e+00 ] [ out_d_fake: -1.5812e+01 ] [ l_d_total: 5.3041e-10 ] 
2025-07-09 18:53:54,738 INFO: [ epoch: 164 ] [ iter: 56,500 ] [ performance: 2.529 it/s ] [ lr: 1.00e-05 ] [ eta: 2 days, 4:09:51 ] [ l_g_mssim: 8.7196e-04 ] [ l_g_gan: 4.3313e+00 ] [ l_g_total: 4.3321e+00 ] [ l_d_real: 6.8834e-10 ] [ out_d_real: 2.1375e+01 ] [ l_d_fake: 1.9073e-06 ] [ out_d_fake: -1.4438e+01 ] [ l_d_total: 9.5402e-07 ] 
2025-07-09 18:54:32,698 INFO: [ epoch: 164 ] [ iter: 56,600 ] [ performance: 2.583 it/s ] [ lr: 1.00e-05 ] [ eta: 2 days, 3:29:01 ] [ l_g_mssim: 1.5119e-03 ] [ l_g_gan: 4.3207e+00 ] [ l_g_total: 4.3222e+00 ] [ l_d_real: 7.6823e-10 ] [ out_d_real: 2.2375e+01 ] [ l_d_fake: 3.5763e-06 ] [ out_d_fake: -1.4375e+01 ] [ l_d_total: 1.7885e-06 ] 
2025-07-09 18:55:08,687 INFO: [ epoch: 164 ] [ iter: 56,700 ] [ performance: 2.765 it/s ] [ lr: 1.00e-05 ] [ eta: 2 days, 2:45:19 ] [ l_g_mssim: 1.2185e-03 ] [ l_g_gan: 5.1445e+00 ] [ l_g_total: 5.1457e+00 ] [ l_d_real: 2.2962e-11 ] [ out_d_real: 2.5000e+01 ] [ l_d_fake: 5.3644e-07 ] [ out_d_fake: -1.7125e+01 ] [ l_d_total: 2.6823e-07 ] 
2025-07-09 18:55:56,659 INFO: [ epoch: 165 ] [ iter: 56,800 ] [ performance: 2.363 it/s ] [ lr: 1.00e-05 ] [ eta: 2 days, 2:50:03 ] [ l_g_mssim: 9.0055e-04 ] [ l_g_gan: 7.3313e+00 ] [ l_g_total: 7.3322e+00 ] [ l_d_real: 8.8413e-12 ] [ out_d_real: 2.7625e+01 ] [ l_d_fake: 0.0000e+00 ] [ out_d_fake: -2.4500e+01 ] [ l_d_total: 4.4207e-12 ] 
2025-07-09 18:56:38,438 INFO: [ epoch: 165 ] [ iter: 56,900 ] [ performance: 2.417 it/s ] [ lr: 1.00e-05 ] [ eta: 2 days, 2:32:51 ] [ l_g_mssim: 2.0086e-03 ] [ l_g_gan: 5.6203e+00 ] [ l_g_total: 5.6223e+00 ] [ l_d_real: 4.2742e-11 ] [ out_d_real: 2.7000e+01 ] [ l_d_fake: 0.0000e+00 ] [ out_d_fake: -1.8750e+01 ] [ l_d_total: 2.1371e-11 ] 
2025-07-09 18:57:17,472 INFO: [ epoch: 165 ] [ iter: 57,000 ] [ performance: 2.491 it/s ] [ lr: 1.00e-05 ] [ eta: 2 days, 2:08:18 ] [ l_g_mssim: 4.2856e-04 ] [ l_g_gan: 5.8066e+00 ] [ l_g_total: 5.8071e+00 ] [ l_d_real: 3.0850e-11 ] [ out_d_real: 2.6625e+01 ] [ l_d_fake: 5.9605e-08 ] [ out_d_fake: -1.9375e+01 ] [ l_d_total: 2.9818e-08 ] 
2025-07-09 18:58:00,379 INFO: [ epoch: 166 ] [ iter: 57,100 ] [ performance: 2.252 it/s ] [ lr: 1.00e-05 ] [ eta: 2 days, 1:58:06 ] [ l_g_mssim: 3.7896e-04 ] [ l_g_gan: 5.6285e+00 ] [ l_g_total: 5.6289e+00 ] [ l_d_real: 2.3997e-09 ] [ out_d_real: 2.3500e+01 ] [ l_d_fake: 1.1921e-07 ] [ out_d_fake: -1.8750e+01 ] [ l_d_total: 6.0804e-08 ] 
2025-07-09 18:58:40,099 INFO: [ epoch: 166 ] [ iter: 57,200 ] [ performance: 2.385 it/s ] [ lr: 1.00e-05 ] [ eta: 2 days, 1:39:17 ] [ l_g_mssim: 9.2412e-04 ] [ l_g_gan: 7.3969e+00 ] [ l_g_total: 7.3978e+00 ] [ l_d_real: 9.5890e-11 ] [ out_d_real: 2.6000e+01 ] [ l_d_fake: 0.0000e+00 ] [ out_d_fake: -2.4625e+01 ] [ l_d_total: 4.7945e-11 ] 
2025-07-09 18:59:19,541 INFO: [ epoch: 166 ] [ iter: 57,300 ] [ performance: 2.555 it/s ] [ lr: 1.00e-05 ] [ eta: 2 days, 1:21:16 ] [ l_g_mssim: 3.2706e-04 ] [ l_g_gan: 5.8664e+00 ] [ l_g_total: 5.8667e+00 ] [ l_d_real: 5.1912e-10 ] [ out_d_real: 2.2250e+01 ] [ l_d_fake: 0.0000e+00 ] [ out_d_fake: -1.9500e+01 ] [ l_d_total: 2.5956e-10 ] 
2025-07-09 18:59:59,943 INFO: [ epoch: 167 ] [ iter: 57,400 ] [ performance: 2.512 it/s ] [ lr: 1.00e-05 ] [ eta: 2 days, 1:07:18 ] [ l_g_mssim: 1.3904e-03 ] [ l_g_gan: 5.0637e+00 ] [ l_g_total: 5.0651e+00 ] [ l_d_real: 7.7308e-07 ] [ out_d_real: 1.4375e+01 ] [ l_d_fake: 1.7881e-07 ] [ out_d_fake: -1.6875e+01 ] [ l_d_total: 4.7595e-07 ] 
2025-07-09 19:00:39,294 INFO: [ epoch: 167 ] [ iter: 57,500 ] [ performance: 2.624 it/s ] [ lr: 1.00e-05 ] [ eta: 2 days, 0:51:39 ] [ l_g_mssim: 9.3595e-04 ] [ l_g_gan: 5.5230e+00 ] [ l_g_total: 5.5240e+00 ] [ l_d_real: 1.7279e-06 ] [ out_d_real: 1.4625e+01 ] [ l_d_fake: 0.0000e+00 ] [ out_d_fake: -1.8375e+01 ] [ l_d_total: 8.6394e-07 ] 
2025-07-09 19:01:20,017 INFO: [ epoch: 167 ] [ iter: 57,600 ] [ performance: 2.532 it/s ] [ lr: 1.00e-05 ] [ eta: 2 days, 0:40:36 ] [ l_g_mssim: 1.8651e-03 ] [ l_g_gan: 5.2313e+00 ] [ l_g_total: 5.2331e+00 ] [ l_d_real: 5.1208e-07 ] [ out_d_real: 1.6625e+01 ] [ l_d_fake: 0.0000e+00 ] [ out_d_fake: -1.7500e+01 ] [ l_d_total: 2.5604e-07 ] 
2025-07-09 19:01:58,300 INFO: [ epoch: 167 ] [ iter: 57,700 ] [ performance: 2.631 it/s ] [ lr: 1.00e-05 ] [ eta: 2 days, 0:24:25 ] [ l_g_mssim: 1.6635e-03 ] [ l_g_gan: 4.1297e+00 ] [ l_g_total: 4.1314e+00 ] [ l_d_real: 2.9287e-06 ] [ out_d_real: 1.3250e+01 ] [ l_d_fake: 1.9670e-06 ] [ out_d_fake: -1.3750e+01 ] [ l_d_total: 2.4478e-06 ] 
2025-07-09 19:02:40,561 INFO: [ epoch: 168 ] [ iter: 57,800 ] [ performance: 2.483 it/s ] [ lr: 1.00e-05 ] [ eta: 2 days, 0:18:38 ] [ l_g_mssim: 2.4793e-03 ] [ l_g_gan: 4.9770e+00 ] [ l_g_total: 4.9794e+00 ] [ l_d_real: 2.0766e-07 ] [ out_d_real: 1.5500e+01 ] [ l_d_fake: 2.9802e-07 ] [ out_d_fake: -1.6625e+01 ] [ l_d_total: 2.5284e-07 ] 
2025-07-09 19:03:18,204 INFO: [ epoch: 168 ] [ iter: 57,900 ] [ performance: 2.668 it/s ] [ lr: 1.00e-05 ] [ eta: 2 days, 0:02:47 ] [ l_g_mssim: 5.3146e-04 ] [ l_g_gan: 6.2461e+00 ] [ l_g_total: 6.2466e+00 ] [ l_d_real: 5.7637e-08 ] [ out_d_real: 1.6875e+01 ] [ l_d_fake: 0.0000e+00 ] [ out_d_fake: -2.0875e+01 ] [ l_d_total: 2.8818e-08 ] 
2025-07-09 19:03:58,410 INFO: [ epoch: 168 ] [ iter: 58,000 ] [ performance: 2.568 it/s ] [ lr: 1.00e-05 ] [ eta: 1 day, 23:53:32 ] [ l_g_mssim: 1.2459e-03 ] [ l_g_gan: 6.1125e+00 ] [ l_g_total: 6.1137e+00 ] [ l_d_real: 2.1319e-08 ] [ out_d_real: 1.7875e+01 ] [ l_d_fake: 0.0000e+00 ] [ out_d_fake: -2.0375e+01 ] [ l_d_total: 1.0660e-08 ] 
2025-07-09 19:04:39,678 INFO: [ epoch: 169 ] [ iter: 58,100 ] [ performance: 2.373 it/s ] [ lr: 1.00e-05 ] [ eta: 1 day, 23:47:05 ] [ l_g_mssim: 1.1135e-03 ] [ l_g_gan: 7.1789e+00 ] [ l_g_total: 7.1800e+00 ] [ l_d_real: 9.3771e-09 ] [ out_d_real: 1.8750e+01 ] [ l_d_fake: 0.0000e+00 ] [ out_d_fake: -2.3875e+01 ] [ l_d_total: 4.6885e-09 ] 
2025-07-09 19:05:19,435 INFO: [ epoch: 169 ] [ iter: 58,200 ] [ performance: 2.448 it/s ] [ lr: 1.00e-05 ] [ eta: 1 day, 23:37:54 ] [ l_g_mssim: 1.5299e-03 ] [ l_g_gan: 5.9836e+00 ] [ l_g_total: 5.9851e+00 ] [ l_d_real: 8.7817e-08 ] [ out_d_real: 1.7125e+01 ] [ l_d_fake: 0.0000e+00 ] [ out_d_fake: -2.0000e+01 ] [ l_d_total: 4.3909e-08 ] 
2025-07-09 19:05:58,879 INFO: [ epoch: 169 ] [ iter: 58,300 ] [ performance: 2.547 it/s ] [ lr: 1.00e-05 ] [ eta: 1 day, 23:28:37 ] [ l_g_mssim: 1.4418e-03 ] [ l_g_gan: 4.2961e+00 ] [ l_g_total: 4.2975e+00 ] [ l_d_real: 7.9429e-04 ] [ out_d_real: 1.0562e+01 ] [ l_d_fake: 7.1526e-07 ] [ out_d_fake: -1.4312e+01 ] [ l_d_total: 3.9750e-04 ] 
2025-07-09 19:06:40,616 INFO: [ epoch: 169 ] [ iter: 58,400 ] [ performance: 2.463 it/s ] [ lr: 1.00e-05 ] [ eta: 1 day, 23:24:15 ] [ l_g_mssim: 1.8641e-03 ] [ l_g_gan: 3.8109e+00 ] [ l_g_total: 3.8128e+00 ] [ l_d_real: 1.8082e-05 ] [ out_d_real: 1.3750e+01 ] [ l_d_fake: 3.2783e-06 ] [ out_d_fake: -1.2688e+01 ] [ l_d_total: 1.0680e-05 ] 
2025-07-09 19:07:26,307 INFO: [ epoch: 170 ] [ iter: 58,500 ] [ performance: 2.409 it/s ] [ lr: 1.00e-05 ] [ eta: 1 day, 23:27:28 ] [ l_g_mssim: 1.7515e-03 ] [ l_g_gan: 4.1625e+00 ] [ l_g_total: 4.1643e+00 ] [ l_d_real: 1.4004e-07 ] [ out_d_real: 1.6625e+01 ] [ l_d_fake: 4.1723e-06 ] [ out_d_fake: -1.3875e+01 ] [ l_d_total: 2.1562e-06 ] 
2025-07-09 19:08:04,887 INFO: [ epoch: 170 ] [ iter: 58,600 ] [ performance: 2.506 it/s ] [ lr: 1.00e-05 ] [ eta: 1 day, 23:17:34 ] [ l_g_mssim: 1.7743e-03 ] [ l_g_gan: 5.2055e+00 ] [ l_g_total: 5.2072e+00 ] [ l_d_real: 2.0075e-08 ] [ out_d_real: 1.8250e+01 ] [ l_d_fake: 0.0000e+00 ] [ out_d_fake: -1.7375e+01 ] [ l_d_total: 1.0037e-08 ] 
2025-07-09 19:08:44,633 INFO: [ epoch: 170 ] [ iter: 58,700 ] [ performance: 2.499 it/s ] [ lr: 1.00e-05 ] [ eta: 1 day, 23:10:13 ] [ l_g_mssim: 1.1239e-03 ] [ l_g_gan: 3.5273e+00 ] [ l_g_total: 3.5285e+00 ] [ l_d_real: 1.6139e-07 ] [ out_d_real: 1.6250e+01 ] [ l_d_fake: 9.4175e-06 ] [ out_d_fake: -1.1750e+01 ] [ l_d_total: 4.7895e-06 ] 
2025-07-09 19:09:26,758 INFO: [ epoch: 171 ] [ iter: 58,800 ] [ performance: 2.429 it/s ] [ lr: 1.00e-05 ] [ eta: 1 day, 23:07:19 ] [ l_g_mssim: 5.2710e-04 ] [ l_g_gan: 5.5031e+00 ] [ l_g_total: 5.5037e+00 ] [ l_d_real: 1.4242e-09 ] [ out_d_real: 2.0750e+01 ] [ l_d_fake: 0.0000e+00 ] [ out_d_fake: -1.8375e+01 ] [ l_d_total: 7.1209e-10 ] 
2025-07-09 19:10:04,398 INFO: [ epoch: 171 ] [ iter: 58,900 ] [ performance: 2.670 it/s ] [ lr: 1.00e-05 ] [ eta: 1 day, 22:57:01 ] [ l_g_mssim: 1.3614e-03 ] [ l_g_gan: 4.5070e+00 ] [ l_g_total: 4.5084e+00 ] [ l_d_real: 4.8529e-07 ] [ out_d_real: 1.6875e+01 ] [ l_d_fake: 1.1921e-06 ] [ out_d_fake: -1.5000e+01 ] [ l_d_total: 8.3869e-07 ] 
2025-07-09 19:10:42,000 INFO: [ epoch: 171 ] [ iter: 59,000 ] [ performance: 2.664 it/s ] [ lr: 1.00e-05 ] [ eta: 1 day, 22:47:09 ] [ l_g_mssim: 1.3996e-03 ] [ l_g_gan: 4.6102e+00 ] [ l_g_total: 4.6116e+00 ] [ l_d_real: 5.9063e-08 ] [ out_d_real: 1.7500e+01 ] [ l_d_fake: 8.9407e-07 ] [ out_d_fake: -1.5375e+01 ] [ l_d_total: 4.7657e-07 ] 
2025-07-09 19:11:23,464 INFO: [ epoch: 172 ] [ iter: 59,100 ] [ performance: 2.431 it/s ] [ lr: 1.00e-05 ] [ eta: 1 day, 22:43:52 ] [ l_g_mssim: 2.8122e-03 ] [ l_g_gan: 3.8427e+00 ] [ l_g_total: 3.8455e+00 ] [ l_d_real: 7.9727e-11 ] [ out_d_real: 2.3750e+01 ] [ l_d_fake: 4.9254e-04 ] [ out_d_fake: -1.2812e+01 ] [ l_d_total: 2.4627e-04 ] 
2025-07-09 19:12:02,308 INFO: [ epoch: 172 ] [ iter: 59,200 ] [ performance: 2.509 it/s ] [ lr: 1.00e-05 ] [ eta: 1 day, 22:36:39 ] [ l_g_mssim: 1.9501e-03 ] [ l_g_gan: 5.2160e+00 ] [ l_g_total: 5.2180e+00 ] [ l_d_real: 5.0575e-12 ] [ out_d_real: 2.8250e+01 ] [ l_d_fake: 2.2650e-06 ] [ out_d_fake: -1.7375e+01 ] [ l_d_total: 1.1325e-06 ] 
2025-07-09 19:12:43,140 INFO: [ epoch: 172 ] [ iter: 59,300 ] [ performance: 2.516 it/s ] [ lr: 1.00e-05 ] [ eta: 1 day, 22:32:44 ] [ l_g_mssim: 1.4510e-03 ] [ l_g_gan: 6.8953e+00 ] [ l_g_total: 6.8968e+00 ] [ l_d_real: 3.4008e-14 ] [ out_d_real: 3.1625e+01 ] [ l_d_fake: 0.0000e+00 ] [ out_d_fake: -2.3000e+01 ] [ l_d_total: 1.7004e-14 ] 
2025-07-09 19:13:19,599 INFO: [ epoch: 172 ] [ iter: 59,400 ] [ performance: 2.638 it/s ] [ lr: 1.00e-05 ] [ eta: 1 day, 22:22:31 ] [ l_g_mssim: 1.7097e-03 ] [ l_g_gan: 5.1668e+00 ] [ l_g_total: 5.1685e+00 ] [ l_d_real: 8.7451e-09 ] [ out_d_real: 1.8750e+01 ] [ l_d_fake: 0.0000e+00 ] [ out_d_fake: -1.7250e+01 ] [ l_d_total: 4.3725e-09 ] 
2025-07-09 19:14:03,512 INFO: [ epoch: 173 ] [ iter: 59,500 ] [ performance: 2.102 it/s ] [ lr: 1.00e-05 ] [ eta: 1 day, 22:23:30 ] [ l_g_mssim: 1.3477e-03 ] [ l_g_gan: 5.0871e+00 ] [ l_g_total: 5.0885e+00 ] [ l_d_real: 7.1248e-07 ] [ out_d_real: 1.4500e+01 ] [ l_d_fake: 5.9605e-08 ] [ out_d_fake: -1.7000e+01 ] [ l_d_total: 3.8604e-07 ] 
2025-07-09 19:14:43,999 INFO: [ epoch: 173 ] [ iter: 59,600 ] [ performance: 2.294 it/s ] [ lr: 1.00e-05 ] [ eta: 1 day, 22:19:33 ] [ l_g_mssim: 3.3047e-04 ] [ l_g_gan: 4.3699e+00 ] [ l_g_total: 4.3703e+00 ] [ l_d_real: 5.6921e-08 ] [ out_d_real: 1.7125e+01 ] [ l_d_fake: 8.3447e-07 ] [ out_d_fake: -1.4562e+01 ] [ l_d_total: 4.4569e-07 ] 
2025-07-09 19:15:22,691 INFO: [ epoch: 173 ] [ iter: 59,700 ] [ performance: 2.583 it/s ] [ lr: 1.00e-05 ] [ eta: 1 day, 22:13:16 ] [ l_g_mssim: 8.8980e-04 ] [ l_g_gan: 5.5102e+00 ] [ l_g_total: 5.5110e+00 ] [ l_d_real: 7.9389e-09 ] [ out_d_real: 1.9125e+01 ] [ l_d_fake: 0.0000e+00 ] [ out_d_fake: -1.8375e+01 ] [ l_d_total: 3.9694e-09 ] 
2025-07-09 19:16:04,271 INFO: [ epoch: 174 ] [ iter: 59,800 ] [ performance: 2.480 it/s ] [ lr: 1.00e-05 ] [ eta: 1 day, 22:11:08 ] [ l_g_mssim: 1.1813e-03 ] [ l_g_gan: 4.5891e+00 ] [ l_g_total: 4.5902e+00 ] [ l_d_real: 1.1867e-08 ] [ out_d_real: 1.9250e+01 ] [ l_d_fake: 9.5367e-07 ] [ out_d_fake: -1.5312e+01 ] [ l_d_total: 4.8277e-07 ] 
2025-07-09 19:16:44,872 INFO: [ epoch: 174 ] [ iter: 59,900 ] [ performance: 2.540 it/s ] [ lr: 1.00e-05 ] [ eta: 1 day, 22:07:45 ] [ l_g_mssim: 1.0989e-03 ] [ l_g_gan: 4.1191e+00 ] [ l_g_total: 4.1202e+00 ] [ l_d_real: 1.5572e-04 ] [ out_d_real: 9.0000e+00 ] [ l_d_fake: 1.3113e-06 ] [ out_d_fake: -1.3750e+01 ] [ l_d_total: 7.8517e-05 ] 
2025-07-09 19:17:22,724 INFO: [ epoch: 174 ] [ iter: 60,000 ] [ performance: 2.597 it/s ] [ lr: 1.00e-05 ] [ eta: 1 day, 22:00:54 ] [ l_g_mssim: 6.5780e-04 ] [ l_g_gan: 6.2555e+00 ] [ l_g_total: 6.2561e+00 ] [ l_d_real: 1.2445e-06 ] [ out_d_real: 1.3812e+01 ] [ l_d_fake: 0.0000e+00 ] [ out_d_fake: -2.0875e+01 ] [ l_d_total: 6.2226e-07 ] 
2025-07-09 19:17:22,725 INFO: [1;32mSaving models and training states.[0m
2025-07-09 20:00:28,102 INFO: Validation val

	 # psnr: 37.9880[1;32m........ Best: 37.9880 @ 60000 iter[0m
	 # ssim: 0.9592[1;32m........ Best: 0.9592 @ 60000 iter[0m

2025-07-09 20:00:42,588 INFO: [ epoch: 174 ] [ iter: 60,100 ] [ performance: 7.146 it/s ] [ lr: 1.00e-05 ] [ eta: 4 days, 4:19:25 ] [ l_g_mssim: 1.3305e-03 ] [ l_g_gan: 4.4988e+00 ] [ l_g_total: 4.5002e+00 ] [ l_d_real: 2.4768e-06 ] [ out_d_real: 1.3000e+01 ] [ l_d_fake: 4.7684e-07 ] [ out_d_fake: -1.5000e+01 ] [ l_d_total: 1.4768e-06 ] 
2025-07-09 20:01:28,552 INFO: [ epoch: 175 ] [ iter: 60,200 ] [ performance: 3.100 it/s ] [ lr: 1.00e-05 ] [ eta: 4 days, 3:19:33 ] [ l_g_mssim: 1.5500e-03 ] [ l_g_gan: 4.8691e+00 ] [ l_g_total: 4.8707e+00 ] [ l_d_real: 1.2439e-07 ] [ out_d_real: 1.5938e+01 ] [ l_d_fake: 0.0000e+00 ] [ out_d_fake: -1.6250e+01 ] [ l_d_total: 6.2196e-08 ] 
2025-07-09 20:02:10,340 INFO: [ epoch: 175 ] [ iter: 60,300 ] [ performance: 2.354 it/s ] [ lr: 1.00e-05 ] [ eta: 4 days, 2:16:48 ] [ l_g_mssim: 1.3677e-03 ] [ l_g_gan: 5.8922e+00 ] [ l_g_total: 5.8936e+00 ] [ l_d_real: 5.4131e-08 ] [ out_d_real: 1.7125e+01 ] [ l_d_fake: 0.0000e+00 ] [ out_d_fake: -1.9625e+01 ] [ l_d_total: 2.7066e-08 ] 
2025-07-09 20:02:53,402 INFO: [ epoch: 175 ] [ iter: 60,400 ] [ performance: 2.336 it/s ] [ lr: 1.00e-05 ] [ eta: 4 days, 1:17:53 ] [ l_g_mssim: 1.9478e-03 ] [ l_g_gan: 4.1156e+00 ] [ l_g_total: 4.1176e+00 ] [ l_d_real: 1.1892e-07 ] [ out_d_real: 1.6125e+01 ] [ l_d_fake: 1.3113e-06 ] [ out_d_fake: -1.3750e+01 ] [ l_d_total: 7.1511e-07 ] 
2025-07-09 20:03:42,558 INFO: [ epoch: 176 ] [ iter: 60,500 ] [ performance: 2.031 it/s ] [ lr: 1.00e-05 ] [ eta: 4 days, 0:28:17 ] [ l_g_mssim: 4.7090e-04 ] [ l_g_gan: 3.5953e+00 ] [ l_g_total: 3.5958e+00 ] [ l_d_real: 2.8965e-07 ] [ out_d_real: 1.5500e+01 ] [ l_d_fake: 6.6757e-06 ] [ out_d_fake: -1.2000e+01 ] [ l_d_total: 3.4827e-06 ] 
2025-07-09 20:04:26,375 INFO: [ epoch: 176 ] [ iter: 60,600 ] [ performance: 2.169 it/s ] [ lr: 1.00e-05 ] [ eta: 3 days, 23:34:14 ] [ l_g_mssim: 1.0443e-03 ] [ l_g_gan: 3.1008e+00 ] [ l_g_total: 3.1019e+00 ] [ l_d_real: 1.5080e-04 ] [ out_d_real: 1.3000e+01 ] [ l_d_fake: 9.2924e-05 ] [ out_d_fake: -1.0312e+01 ] [ l_d_total: 1.2186e-04 ] 
2025-07-09 20:05:16,568 INFO: [ epoch: 176 ] [ iter: 60,700 ] [ performance: 1.942 it/s ] [ lr: 1.00e-05 ] [ eta: 3 days, 22:49:19 ] [ l_g_mssim: 1.1182e-03 ] [ l_g_gan: 3.4789e+00 ] [ l_g_total: 3.4801e+00 ] [ l_d_real: 5.2750e-07 ] [ out_d_real: 1.5125e+01 ] [ l_d_fake: 7.8186e-04 ] [ out_d_fake: -1.1625e+01 ] [ l_d_total: 3.9120e-04 ] 
2025-07-09 20:06:05,294 INFO: [ epoch: 177 ] [ iter: 60,800 ] [ performance: 2.005 it/s ] [ lr: 1.00e-05 ] [ eta: 3 days, 22:04:16 ] [ l_g_mssim: 7.3143e-04 ] [ l_g_gan: 4.8574e+00 ] [ l_g_total: 4.8582e+00 ] [ l_d_real: 6.4303e-06 ] [ out_d_real: 1.2188e+01 ] [ l_d_fake: 1.1921e-07 ] [ out_d_fake: -1.6250e+01 ] [ l_d_total: 3.2748e-06 ] 
2025-07-09 20:06:46,531 INFO: [ epoch: 177 ] [ iter: 60,900 ] [ performance: 2.516 it/s ] [ lr: 1.00e-05 ] [ eta: 3 days, 21:12:30 ] [ l_g_mssim: 1.9653e-03 ] [ l_g_gan: 4.6184e+00 ] [ l_g_total: 4.6203e+00 ] [ l_d_real: 6.0703e-06 ] [ out_d_real: 1.2625e+01 ] [ l_d_fake: 1.7881e-07 ] [ out_d_fake: -1.5375e+01 ] [ l_d_total: 3.1246e-06 ] 
2025-07-09 20:07:33,358 INFO: [ epoch: 177 ] [ iter: 61,000 ] [ performance: 2.279 it/s ] [ lr: 1.00e-05 ] [ eta: 3 days, 20:28:28 ] [ l_g_mssim: 1.2473e-03 ] [ l_g_gan: 4.7379e+00 ] [ l_g_total: 4.7391e+00 ] [ l_d_real: 5.7011e-07 ] [ out_d_real: 1.4875e+01 ] [ l_d_fake: 6.5565e-07 ] [ out_d_fake: -1.5812e+01 ] [ l_d_total: 6.1288e-07 ] 
2025-07-09 20:08:13,252 INFO: [ epoch: 177 ] [ iter: 61,100 ] [ performance: 2.505 it/s ] [ lr: 1.00e-05 ] [ eta: 3 days, 19:38:29 ] [ l_g_mssim: 1.2226e-03 ] [ l_g_gan: 5.5570e+00 ] [ l_g_total: 5.5583e+00 ] [ l_d_real: 1.1581e-07 ] [ out_d_real: 1.6250e+01 ] [ l_d_fake: 0.0000e+00 ] [ out_d_fake: -1.8500e+01 ] [ l_d_total: 5.7904e-08 ] 
2025-07-09 20:08:57,143 INFO: [ epoch: 178 ] [ iter: 61,200 ] [ performance: 2.367 it/s ] [ lr: 1.00e-05 ] [ eta: 3 days, 18:54:17 ] [ l_g_mssim: 1.3501e-03 ] [ l_g_gan: 5.2277e+00 ] [ l_g_total: 5.2291e+00 ] [ l_d_real: 1.4272e-05 ] [ out_d_real: 1.3688e+01 ] [ l_d_fake: 0.0000e+00 ] [ out_d_fake: -1.7375e+01 ] [ l_d_total: 7.1362e-06 ] 
2025-07-09 20:09:39,830 INFO: [ epoch: 178 ] [ iter: 61,300 ] [ performance: 2.377 it/s ] [ lr: 1.00e-05 ] [ eta: 3 days, 18:10:13 ] [ l_g_mssim: 1.8329e-03 ] [ l_g_gan: 5.6730e+00 ] [ l_g_total: 5.6749e+00 ] [ l_d_real: 6.0135e-08 ] [ out_d_real: 1.8250e+01 ] [ l_d_fake: 5.9605e-08 ] [ out_d_fake: -1.8875e+01 ] [ l_d_total: 5.9870e-08 ] 
2025-07-09 20:10:21,546 INFO: [ epoch: 178 ] [ iter: 61,400 ] [ performance: 2.389 it/s ] [ lr: 1.00e-05 ] [ eta: 3 days, 17:26:31 ] [ l_g_mssim: 9.1628e-04 ] [ l_g_gan: 7.4953e+00 ] [ l_g_total: 7.4962e+00 ] [ l_d_real: 2.3687e-05 ] [ out_d_real: 1.4250e+01 ] [ l_d_fake: 0.0000e+00 ] [ out_d_fake: -2.5000e+01 ] [ l_d_total: 1.1844e-05 ] 
2025-07-09 20:11:04,298 INFO: [ epoch: 179 ] [ iter: 61,500 ] [ performance: 2.240 it/s ] [ lr: 1.00e-05 ] [ eta: 3 days, 16:45:11 ] [ l_g_mssim: 6.2931e-04 ] [ l_g_gan: 3.3727e+00 ] [ l_g_total: 3.3733e+00 ] [ l_d_real: 1.5650e-06 ] [ out_d_real: 1.3500e+01 ] [ l_d_fake: 1.4663e-05 ] [ out_d_fake: -1.1250e+01 ] [ l_d_total: 8.1139e-06 ] 
2025-07-09 20:11:43,213 INFO: [ epoch: 179 ] [ iter: 61,600 ] [ performance: 2.425 it/s ] [ lr: 1.00e-05 ] [ eta: 3 days, 16:01:18 ] [ l_g_mssim: 1.1522e-03 ] [ l_g_gan: 3.5344e+00 ] [ l_g_total: 3.5355e+00 ] [ l_d_real: 1.5527e-06 ] [ out_d_real: 1.3875e+01 ] [ l_d_fake: 8.2254e-06 ] [ out_d_fake: -1.1750e+01 ] [ l_d_total: 4.8891e-06 ] 
2025-07-09 20:12:22,052 INFO: [ epoch: 179 ] [ iter: 61,700 ] [ performance: 2.620 it/s ] [ lr: 1.00e-05 ] [ eta: 3 days, 15:18:39 ] [ l_g_mssim: 7.0691e-04 ] [ l_g_gan: 4.0746e+00 ] [ l_g_total: 4.0753e+00 ] [ l_d_real: 9.2509e-08 ] [ out_d_real: 1.6250e+01 ] [ l_d_fake: 1.6093e-06 ] [ out_d_fake: -1.3562e+01 ] [ l_d_total: 8.5092e-07 ] 
2025-07-09 20:13:05,973 INFO: [ epoch: 179 ] [ iter: 61,800 ] [ performance: 2.403 it/s ] [ lr: 1.00e-05 ] [ eta: 3 days, 14:42:04 ] [ l_g_mssim: 2.3491e-03 ] [ l_g_gan: 4.3770e+00 ] [ l_g_total: 4.3793e+00 ] [ l_d_real: 2.2946e-08 ] [ out_d_real: 1.7750e+01 ] [ l_d_fake: 5.9605e-07 ] [ out_d_fake: -1.4562e+01 ] [ l_d_total: 3.0950e-07 ] 
2025-07-09 20:13:47,207 INFO: [ epoch: 180 ] [ iter: 61,900 ] [ performance: 2.637 it/s ] [ lr: 1.00e-05 ] [ eta: 3 days, 14:04:00 ] [ l_g_mssim: 1.0330e-03 ] [ l_g_gan: 3.9234e+00 ] [ l_g_total: 3.9245e+00 ] [ l_d_real: 1.0366e-07 ] [ out_d_real: 1.6500e+01 ] [ l_d_fake: 2.2650e-06 ] [ out_d_fake: -1.3062e+01 ] [ l_d_total: 1.1843e-06 ] 
2025-07-09 20:14:27,939 INFO: [ epoch: 180 ] [ iter: 62,000 ] [ performance: 2.524 it/s ] [ lr: 1.00e-05 ] [ eta: 3 days, 13:26:32 ] [ l_g_mssim: 9.7647e-04 ] [ l_g_gan: 3.8531e+00 ] [ l_g_total: 3.8541e+00 ] [ l_d_real: 4.9066e-08 ] [ out_d_real: 1.7000e+01 ] [ l_d_fake: 3.2783e-06 ] [ out_d_fake: -1.2875e+01 ] [ l_d_total: 1.6637e-06 ] 
2025-07-09 20:15:09,645 INFO: [ epoch: 180 ] [ iter: 62,100 ] [ performance: 2.281 it/s ] [ lr: 1.00e-05 ] [ eta: 3 days, 12:51:00 ] [ l_g_mssim: 9.8461e-04 ] [ l_g_gan: 3.6855e+00 ] [ l_g_total: 3.6865e+00 ] [ l_d_real: 1.6541e-08 ] [ out_d_real: 1.8250e+01 ] [ l_d_fake: 5.1856e-06 ] [ out_d_fake: -1.2312e+01 ] [ l_d_total: 2.6011e-06 ] 
2025-07-09 20:15:53,286 INFO: [ epoch: 181 ] [ iter: 62,200 ] [ performance: 2.287 it/s ] [ lr: 1.00e-05 ] [ eta: 3 days, 12:18:10 ] [ l_g_mssim: 7.3943e-04 ] [ l_g_gan: 3.2212e+00 ] [ l_g_total: 3.2219e+00 ] [ l_d_real: 4.0788e-09 ] [ out_d_real: 2.0000e+01 ] [ l_d_fake: 8.8936e-04 ] [ out_d_fake: -1.0750e+01 ] [ l_d_total: 4.4468e-04 ] 
2025-07-09 20:16:31,968 INFO: [ epoch: 181 ] [ iter: 62,300 ] [ performance: 2.580 it/s ] [ lr: 1.00e-05 ] [ eta: 3 days, 11:41:50 ] [ l_g_mssim: 2.5475e-03 ] [ l_g_gan: 4.4625e+00 ] [ l_g_total: 4.4650e+00 ] [ l_d_real: 5.9436e-05 ] [ out_d_real: 1.3188e+01 ] [ l_d_fake: 2.9802e-07 ] [ out_d_fake: -1.4875e+01 ] [ l_d_total: 2.9867e-05 ] 
2025-07-09 20:17:11,607 INFO: [ epoch: 181 ] [ iter: 62,400 ] [ performance: 2.545 it/s ] [ lr: 1.00e-05 ] [ eta: 3 days, 11:07:17 ] [ l_g_mssim: 1.1741e-03 ] [ l_g_gan: 3.6645e+00 ] [ l_g_total: 3.6656e+00 ] [ l_d_real: 1.1781e-07 ] [ out_d_real: 1.6250e+01 ] [ l_d_fake: 1.0371e-05 ] [ out_d_fake: -1.2188e+01 ] [ l_d_total: 5.2445e-06 ] 
2025-07-09 20:17:49,806 INFO: [ epoch: 181 ] [ iter: 62,500 ] [ performance: 2.843 it/s ] [ lr: 1.00e-05 ] [ eta: 3 days, 10:32:25 ] [ l_g_mssim: 1.1290e-03 ] [ l_g_gan: 3.5074e+00 ] [ l_g_total: 3.5086e+00 ] [ l_d_real: 7.7091e-08 ] [ out_d_real: 1.7500e+01 ] [ l_d_fake: 2.6345e-05 ] [ out_d_fake: -1.1688e+01 ] [ l_d_total: 1.3211e-05 ] 
2025-07-09 20:18:35,432 INFO: [ epoch: 182 ] [ iter: 62,600 ] [ performance: 2.405 it/s ] [ lr: 1.00e-05 ] [ eta: 3 days, 10:04:45 ] [ l_g_mssim: 9.1199e-04 ] [ l_g_gan: 4.3629e+00 ] [ l_g_total: 4.3638e+00 ] [ l_d_real: 5.1398e-09 ] [ out_d_real: 1.9875e+01 ] [ l_d_fake: 6.5565e-07 ] [ out_d_fake: -1.4562e+01 ] [ l_d_total: 3.3040e-07 ] 
2025-07-09 20:19:15,886 INFO: [ epoch: 182 ] [ iter: 62,700 ] [ performance: 2.456 it/s ] [ lr: 1.00e-05 ] [ eta: 3 days, 9:33:26 ] [ l_g_mssim: 7.5924e-04 ] [ l_g_gan: 4.5891e+00 ] [ l_g_total: 4.5898e+00 ] [ l_d_real: 6.7051e-08 ] [ out_d_real: 1.6750e+01 ] [ l_d_fake: 0.0000e+00 ] [ out_d_fake: -1.5312e+01 ] [ l_d_total: 3.3525e-08 ] 
2025-07-09 20:19:53,705 INFO: [ epoch: 182 ] [ iter: 62,800 ] [ performance: 2.569 it/s ] [ lr: 1.00e-05 ] [ eta: 3 days, 9:00:45 ] [ l_g_mssim: 1.0034e-03 ] [ l_g_gan: 4.3547e+00 ] [ l_g_total: 4.3557e+00 ] [ l_d_real: 4.8018e-07 ] [ out_d_real: 1.4750e+01 ] [ l_d_fake: 5.3644e-07 ] [ out_d_fake: -1.4500e+01 ] [ l_d_total: 5.0831e-07 ] 
2025-07-09 20:20:37,914 INFO: [ epoch: 183 ] [ iter: 62,900 ] [ performance: 2.048 it/s ] [ lr: 1.00e-05 ] [ eta: 3 days, 8:34:04 ] [ l_g_mssim: 2.4015e-03 ] [ l_g_gan: 5.4023e+00 ] [ l_g_total: 5.4047e+00 ] [ l_d_real: 1.9178e-08 ] [ out_d_real: 1.8250e+01 ] [ l_d_fake: 0.0000e+00 ] [ out_d_fake: -1.8000e+01 ] [ l_d_total: 9.5888e-09 ] 
2025-07-09 20:21:15,762 INFO: [ epoch: 183 ] [ iter: 63,000 ] [ performance: 2.381 it/s ] [ lr: 1.00e-05 ] [ eta: 3 days, 8:02:56 ] [ l_g_mssim: 2.1080e-03 ] [ l_g_gan: 3.4781e+00 ] [ l_g_total: 3.4802e+00 ] [ l_d_real: 2.0270e-08 ] [ out_d_real: 1.8250e+01 ] [ l_d_fake: 1.0252e-05 ] [ out_d_fake: -1.1625e+01 ] [ l_d_total: 5.1361e-06 ] 
2025-07-09 20:21:55,062 INFO: [ epoch: 183 ] [ iter: 63,100 ] [ performance: 2.695 it/s ] [ lr: 1.00e-05 ] [ eta: 3 days, 7:33:41 ] [ l_g_mssim: 1.0822e-03 ] [ l_g_gan: 3.2074e+00 ] [ l_g_total: 3.2085e+00 ] [ l_d_real: 3.6776e-06 ] [ out_d_real: 1.2562e+01 ] [ l_d_fake: 2.9981e-05 ] [ out_d_fake: -1.0688e+01 ] [ l_d_total: 1.6829e-05 ] 
2025-07-09 20:22:39,415 INFO: [ epoch: 184 ] [ iter: 63,200 ] [ performance: 2.402 it/s ] [ lr: 1.00e-05 ] [ eta: 3 days, 7:09:07 ] [ l_g_mssim: 1.2337e-03 ] [ l_g_gan: 5.2676e+00 ] [ l_g_total: 5.2688e+00 ] [ l_d_real: 9.1221e-08 ] [ out_d_real: 1.6375e+01 ] [ l_d_fake: 0.0000e+00 ] [ out_d_fake: -1.7500e+01 ] [ l_d_total: 4.5610e-08 ] 
2025-07-09 20:23:18,389 INFO: [ epoch: 184 ] [ iter: 63,300 ] [ performance: 2.566 it/s ] [ lr: 1.00e-05 ] [ eta: 3 days, 6:40:57 ] [ l_g_mssim: 5.8540e-04 ] [ l_g_gan: 4.0172e+00 ] [ l_g_total: 4.0178e+00 ] [ l_d_real: 1.1298e-06 ] [ out_d_real: 1.4500e+01 ] [ l_d_fake: 2.2054e-06 ] [ out_d_fake: -1.3375e+01 ] [ l_d_total: 1.6676e-06 ] 
2025-07-09 20:23:58,317 INFO: [ epoch: 184 ] [ iter: 63,400 ] [ performance: 2.527 it/s ] [ lr: 1.00e-05 ] [ eta: 3 days, 6:14:10 ] [ l_g_mssim: 6.5984e-04 ] [ l_g_gan: 2.8993e+00 ] [ l_g_total: 2.8999e+00 ] [ l_d_real: 2.3929e-06 ] [ out_d_real: 1.3000e+01 ] [ l_d_fake: 1.7990e+00 ] [ out_d_fake: -7.8750e+00 ] [ l_d_total: 8.9951e-01 ] 
2025-07-09 20:24:36,380 INFO: [ epoch: 184 ] [ iter: 63,500 ] [ performance: 2.467 it/s ] [ lr: 1.00e-05 ] [ eta: 3 days, 5:46:35 ] [ l_g_mssim: 1.3365e-03 ] [ l_g_gan: 3.7688e+00 ] [ l_g_total: 3.7701e+00 ] [ l_d_real: 1.2389e-04 ] [ out_d_real: 1.1250e+01 ] [ l_d_fake: 3.7551e-06 ] [ out_d_fake: -1.2562e+01 ] [ l_d_total: 6.3824e-05 ] 
2025-07-09 20:25:18,901 INFO: [ epoch: 185 ] [ iter: 63,600 ] [ performance: 2.393 it/s ] [ lr: 1.00e-05 ] [ eta: 3 days, 5:22:58 ] [ l_g_mssim: 1.4989e-03 ] [ l_g_gan: 5.3004e+00 ] [ l_g_total: 5.3019e+00 ] [ l_d_real: 7.1840e-07 ] [ out_d_real: 1.4750e+01 ] [ l_d_fake: 0.0000e+00 ] [ out_d_fake: -1.7625e+01 ] [ l_d_total: 3.5920e-07 ] 
2025-07-09 20:25:59,469 INFO: [ epoch: 185 ] [ iter: 63,700 ] [ performance: 2.478 it/s ] [ lr: 1.00e-05 ] [ eta: 3 days, 4:58:26 ] [ l_g_mssim: 8.0627e-04 ] [ l_g_gan: 3.7289e+00 ] [ l_g_total: 3.7297e+00 ] [ l_d_real: 1.6480e-06 ] [ out_d_real: 1.3438e+01 ] [ l_d_fake: 7.5698e-06 ] [ out_d_fake: -1.2438e+01 ] [ l_d_total: 4.6089e-06 ] 
2025-07-09 20:26:40,684 INFO: [ epoch: 185 ] [ iter: 63,800 ] [ performance: 2.445 it/s ] [ lr: 1.00e-05 ] [ eta: 3 days, 4:34:54 ] [ l_g_mssim: 1.5279e-03 ] [ l_g_gan: 4.4543e+00 ] [ l_g_total: 4.4558e+00 ] [ l_d_real: 1.3501e-06 ] [ out_d_real: 1.3625e+01 ] [ l_d_fake: 2.3842e-07 ] [ out_d_fake: -1.4875e+01 ] [ l_d_total: 7.9426e-07 ] 
2025-07-09 20:27:23,957 INFO: [ epoch: 186 ] [ iter: 63,900 ] [ performance: 1.929 it/s ] [ lr: 1.00e-05 ] [ eta: 3 days, 4:13:23 ] [ l_g_mssim: 1.5366e-03 ] [ l_g_gan: 3.9902e+00 ] [ l_g_total: 3.9918e+00 ] [ l_d_real: 5.8833e-08 ] [ out_d_real: 1.6750e+01 ] [ l_d_fake: 1.6749e-05 ] [ out_d_fake: -1.3312e+01 ] [ l_d_total: 8.4039e-06 ] 
2025-07-09 20:28:01,923 INFO: [ epoch: 186 ] [ iter: 64,000 ] [ performance: 2.329 it/s ] [ lr: 1.00e-05 ] [ eta: 3 days, 3:48:32 ] [ l_g_mssim: 8.7045e-04 ] [ l_g_gan: 5.4469e+00 ] [ l_g_total: 5.4477e+00 ] [ l_d_real: 1.1356e+00 ] [ out_d_real: 1.1312e+01 ] [ l_d_fake: 0.0000e+00 ] [ out_d_fake: -1.8125e+01 ] [ l_d_total: 5.6780e-01 ] 
2025-07-09 20:28:40,455 INFO: [ epoch: 186 ] [ iter: 64,100 ] [ performance: 2.541 it/s ] [ lr: 1.00e-05 ] [ eta: 3 days, 3:24:37 ] [ l_g_mssim: 1.9676e-03 ] [ l_g_gan: 5.0016e+00 ] [ l_g_total: 5.0035e+00 ] [ l_d_real: 3.1484e+00 ] [ out_d_real: 7.0938e+00 ] [ l_d_fake: 1.1921e-07 ] [ out_d_fake: -1.6625e+01 ] [ l_d_total: 1.5742e+00 ] 
2025-07-09 20:29:15,115 INFO: [ epoch: 186 ] [ iter: 64,200 ] [ performance: 2.753 it/s ] [ lr: 1.00e-05 ] [ eta: 3 days, 2:58:30 ] [ l_g_mssim: 2.9651e-04 ] [ l_g_gan: 4.1789e+00 ] [ l_g_total: 4.1792e+00 ] [ l_d_real: 6.1505e-06 ] [ out_d_real: 1.2125e+01 ] [ l_d_fake: 1.0729e-06 ] [ out_d_fake: -1.3938e+01 ] [ l_d_total: 3.6117e-06 ] 
2025-07-09 20:30:01,283 INFO: [ epoch: 187 ] [ iter: 64,300 ] [ performance: 2.490 it/s ] [ lr: 1.00e-05 ] [ eta: 3 days, 2:40:53 ] [ l_g_mssim: 1.7124e-03 ] [ l_g_gan: 4.4613e+00 ] [ l_g_total: 4.4630e+00 ] [ l_d_real: 7.0756e-07 ] [ out_d_real: 1.4250e+01 ] [ l_d_fake: 2.3842e-07 ] [ out_d_fake: -1.4875e+01 ] [ l_d_total: 4.7299e-07 ] 
2025-07-09 20:30:40,359 INFO: [ epoch: 187 ] [ iter: 64,400 ] [ performance: 2.535 it/s ] [ lr: 1.00e-05 ] [ eta: 3 days, 2:18:47 ] [ l_g_mssim: 1.3879e-03 ] [ l_g_gan: 4.8059e+00 ] [ l_g_total: 4.8072e+00 ] [ l_d_real: 4.2929e-07 ] [ out_d_real: 1.4812e+01 ] [ l_d_fake: 0.0000e+00 ] [ out_d_fake: -1.6000e+01 ] [ l_d_total: 2.1465e-07 ] 
2025-07-09 20:31:19,510 INFO: [ epoch: 187 ] [ iter: 64,500 ] [ performance: 2.455 it/s ] [ lr: 1.00e-05 ] [ eta: 3 days, 1:57:11 ] [ l_g_mssim: 1.2576e-03 ] [ l_g_gan: 5.0918e+00 ] [ l_g_total: 5.0931e+00 ] [ l_d_real: 8.3121e-08 ] [ out_d_real: 1.6500e+01 ] [ l_d_fake: 0.0000e+00 ] [ out_d_fake: -1.7000e+01 ] [ l_d_total: 4.1561e-08 ] 
2025-07-09 20:32:03,708 INFO: [ epoch: 188 ] [ iter: 64,600 ] [ performance: 2.326 it/s ] [ lr: 1.00e-05 ] [ eta: 3 days, 1:39:23 ] [ l_g_mssim: 1.5774e-03 ] [ l_g_gan: 5.4891e+00 ] [ l_g_total: 5.4906e+00 ] [ l_d_real: 8.6357e-09 ] [ out_d_real: 1.8750e+01 ] [ l_d_fake: 0.0000e+00 ] [ out_d_fake: -1.8250e+01 ] [ l_d_total: 4.3178e-09 ] 
2025-07-09 20:32:45,959 INFO: [ epoch: 188 ] [ iter: 64,700 ] [ performance: 2.422 it/s ] [ lr: 1.00e-05 ] [ eta: 3 days, 1:20:40 ] [ l_g_mssim: 6.3248e-04 ] [ l_g_gan: 3.5051e+00 ] [ l_g_total: 3.5057e+00 ] [ l_d_real: 3.2129e-07 ] [ out_d_real: 1.5125e+01 ] [ l_d_fake: 9.0003e-06 ] [ out_d_fake: -1.1688e+01 ] [ l_d_total: 4.6608e-06 ] 
2025-07-09 20:33:23,092 INFO: [ epoch: 188 ] [ iter: 64,800 ] [ performance: 2.594 it/s ] [ lr: 1.00e-05 ] [ eta: 3 days, 0:58:57 ] [ l_g_mssim: 3.5774e-03 ] [ l_g_gan: 3.5121e+00 ] [ l_g_total: 3.5157e+00 ] [ l_d_real: 3.1799e-07 ] [ out_d_real: 1.5188e+01 ] [ l_d_fake: 1.7107e-05 ] [ out_d_fake: -1.1688e+01 ] [ l_d_total: 8.7123e-06 ] 
2025-07-09 20:34:03,984 INFO: [ epoch: 189 ] [ iter: 64,900 ] [ performance: 2.256 it/s ] [ lr: 1.00e-05 ] [ eta: 3 days, 0:40:06 ] [ l_g_mssim: 5.8266e-04 ] [ l_g_gan: 4.2105e+00 ] [ l_g_total: 4.2111e+00 ] [ l_d_real: 3.6808e-08 ] [ out_d_real: 1.7625e+01 ] [ l_d_fake: 1.2517e-06 ] [ out_d_fake: -1.4062e+01 ] [ l_d_total: 6.4425e-07 ] 
2025-07-09 20:34:43,883 INFO: [ epoch: 189 ] [ iter: 65,000 ] [ performance: 2.416 it/s ] [ lr: 1.00e-05 ] [ eta: 3 days, 0:20:59 ] [ l_g_mssim: 1.4765e-03 ] [ l_g_gan: 4.6582e+00 ] [ l_g_total: 4.6597e+00 ] [ l_d_real: 1.4473e-08 ] [ out_d_real: 1.9500e+01 ] [ l_d_fake: 5.9605e-07 ] [ out_d_fake: -1.5500e+01 ] [ l_d_total: 3.0526e-07 ] 
2025-07-09 20:34:43,884 INFO: [1;32mSaving models and training states.[0m
2025-07-09 21:12:42,576 INFO: Validation val

	 # psnr: 38.0168[1;32m........ Best: 38.0168 @ 65000 iter[0m
	 # ssim: 0.9594[1;32m........ Best: 0.9594 @ 65000 iter[0m

2025-07-09 21:13:09,130 INFO: [ epoch: 189 ] [ iter: 65,100 ] [ performance: 3.529 it/s ] [ lr: 1.00e-05 ] [ eta: 4 days, 0:01:12 ] [ l_g_mssim: 1.5484e-03 ] [ l_g_gan: 3.6563e+00 ] [ l_g_total: 3.6578e+00 ] [ l_d_real: 2.1218e-08 ] [ out_d_real: 1.8875e+01 ] [ l_d_fake: 7.7486e-06 ] [ out_d_fake: -1.2188e+01 ] [ l_d_total: 3.8849e-06 ] 
2025-07-09 21:13:34,581 INFO: [ epoch: 189 ] [ iter: 65,200 ] [ performance: 3.786 it/s ] [ lr: 1.00e-05 ] [ eta: 3 days, 23:19:14 ] [ l_g_mssim: 1.2371e-03 ] [ l_g_gan: 5.3672e+00 ] [ l_g_total: 5.3684e+00 ] [ l_d_real: 2.5859e+00 ] [ out_d_real: 1.5250e+01 ] [ l_d_fake: 0.0000e+00 ] [ out_d_fake: -1.7875e+01 ] [ l_d_total: 1.2930e+00 ] 
2025-07-09 21:14:14,663 INFO: [ epoch: 190 ] [ iter: 65,300 ] [ performance: 2.402 it/s ] [ lr: 1.00e-05 ] [ eta: 3 days, 22:47:11 ] [ l_g_mssim: 6.7477e-04 ] [ l_g_gan: 4.4824e+00 ] [ l_g_total: 4.4831e+00 ] [ l_d_real: 7.1742e-12 ] [ out_d_real: 2.6625e+01 ] [ l_d_fake: 1.7881e-07 ] [ out_d_fake: -1.4938e+01 ] [ l_d_total: 8.9411e-08 ] 
2025-07-09 21:14:57,161 INFO: [ epoch: 190 ] [ iter: 65,400 ] [ performance: 2.369 it/s ] [ lr: 1.00e-05 ] [ eta: 3 days, 22:17:13 ] [ l_g_mssim: 3.6978e-04 ] [ l_g_gan: 4.7625e+00 ] [ l_g_total: 4.7629e+00 ] [ l_d_real: 7.3627e-10 ] [ out_d_real: 2.1375e+01 ] [ l_d_fake: 0.0000e+00 ] [ out_d_fake: -1.5875e+01 ] [ l_d_total: 3.6814e-10 ] 
2025-07-09 21:15:40,434 INFO: [ epoch: 190 ] [ iter: 65,500 ] [ performance: 2.289 it/s ] [ lr: 1.00e-05 ] [ eta: 3 days, 21:48:18 ] [ l_g_mssim: 1.5667e-03 ] [ l_g_gan: 6.2180e+00 ] [ l_g_total: 6.2195e+00 ] [ l_d_real: 9.5267e-11 ] [ out_d_real: 2.3625e+01 ] [ l_d_fake: 0.0000e+00 ] [ out_d_fake: -2.0750e+01 ] [ l_d_total: 4.7634e-11 ] 
2025-07-09 21:16:31,213 INFO: [ epoch: 191 ] [ iter: 65,600 ] [ performance: 2.063 it/s ] [ lr: 1.00e-05 ] [ eta: 3 days, 21:24:26 ] [ l_g_mssim: 1.2183e-03 ] [ l_g_gan: 7.3945e+00 ] [ l_g_total: 7.3958e+00 ] [ l_d_real: 2.5645e-14 ] [ out_d_real: 3.3000e+01 ] [ l_d_fake: 0.0000e+00 ] [ out_d_fake: -2.4625e+01 ] [ l_d_total: 1.2823e-14 ] 
2025-07-09 21:17:15,829 INFO: [ epoch: 191 ] [ iter: 65,700 ] [ performance: 2.298 it/s ] [ lr: 1.00e-05 ] [ eta: 3 days, 20:57:19 ] [ l_g_mssim: 1.0209e-03 ] [ l_g_gan: 3.9938e+00 ] [ l_g_total: 3.9948e+00 ] [ l_d_real: 4.9254e-07 ] [ out_d_real: 1.5250e+01 ] [ l_d_fake: 4.1127e-06 ] [ out_d_fake: -1.3312e+01 ] [ l_d_total: 2.3026e-06 ] 
2025-07-09 21:17:57,840 INFO: [ epoch: 191 ] [ iter: 65,800 ] [ performance: 2.353 it/s ] [ lr: 1.00e-05 ] [ eta: 3 days, 20:29:09 ] [ l_g_mssim: 2.0795e-03 ] [ l_g_gan: 4.8398e+00 ] [ l_g_total: 4.8419e+00 ] [ l_d_real: 2.2280e-07 ] [ out_d_real: 1.6000e+01 ] [ l_d_fake: 5.9605e-08 ] [ out_d_fake: -1.6125e+01 ] [ l_d_total: 1.4120e-07 ] 
2025-07-09 21:18:36,872 INFO: [ epoch: 191 ] [ iter: 65,900 ] [ performance: 2.639 it/s ] [ lr: 1.00e-05 ] [ eta: 3 days, 19:59:43 ] [ l_g_mssim: 9.6323e-04 ] [ l_g_gan: 4.1672e+00 ] [ l_g_total: 4.1682e+00 ] [ l_d_real: 4.2016e-08 ] [ out_d_real: 1.7375e+01 ] [ l_d_fake: 1.1325e-06 ] [ out_d_fake: -1.3875e+01 ] [ l_d_total: 5.8725e-07 ] 
2025-07-09 21:19:26,186 INFO: [ epoch: 192 ] [ iter: 66,000 ] [ performance: 2.187 it/s ] [ lr: 1.00e-05 ] [ eta: 3 days, 19:36:49 ] [ l_g_mssim: 1.6096e-03 ] [ l_g_gan: 4.8738e+00 ] [ l_g_total: 4.8754e+00 ] [ l_d_real: 1.6095e-07 ] [ out_d_real: 1.5750e+01 ] [ l_d_fake: 0.0000e+00 ] [ out_d_fake: -1.6250e+01 ] [ l_d_total: 8.0473e-08 ] 
2025-07-09 21:20:06,231 INFO: [ epoch: 192 ] [ iter: 66,100 ] [ performance: 2.245 it/s ] [ lr: 1.00e-05 ] [ eta: 3 days, 19:08:57 ] [ l_g_mssim: 1.1965e-03 ] [ l_g_gan: 5.3086e+00 ] [ l_g_total: 5.3098e+00 ] [ l_d_real: 1.3609e-07 ] [ out_d_real: 1.5938e+01 ] [ l_d_fake: 0.0000e+00 ] [ out_d_fake: -1.7750e+01 ] [ l_d_total: 6.8044e-08 ] 
2025-07-09 21:20:48,803 INFO: [ epoch: 192 ] [ iter: 66,200 ] [ performance: 2.316 it/s ] [ lr: 1.00e-05 ] [ eta: 3 days, 18:43:01 ] [ l_g_mssim: 2.4259e-03 ] [ l_g_gan: 5.4797e+00 ] [ l_g_total: 5.4821e+00 ] [ l_d_real: 5.3335e-07 ] [ out_d_real: 1.5562e+01 ] [ l_d_fake: 0.0000e+00 ] [ out_d_fake: -1.8250e+01 ] [ l_d_total: 2.6667e-07 ] 
2025-07-09 21:21:31,646 INFO: [ epoch: 193 ] [ iter: 66,300 ] [ performance: 2.582 it/s ] [ lr: 1.00e-05 ] [ eta: 3 days, 18:17:41 ] [ l_g_mssim: 8.9633e-04 ] [ l_g_gan: 5.7820e+00 ] [ l_g_total: 5.7829e+00 ] [ l_d_real: 6.3602e-08 ] [ out_d_real: 1.7125e+01 ] [ l_d_fake: 0.0000e+00 ] [ out_d_fake: -1.9250e+01 ] [ l_d_total: 3.1801e-08 ] 
2025-07-09 21:22:12,257 INFO: [ epoch: 193 ] [ iter: 66,400 ] [ performance: 2.498 it/s ] [ lr: 1.00e-05 ] [ eta: 3 days, 17:51:32 ] [ l_g_mssim: 8.5630e-04 ] [ l_g_gan: 3.5156e+00 ] [ l_g_total: 3.5165e+00 ] [ l_d_real: 3.0878e-08 ] [ out_d_real: 1.7625e+01 ] [ l_d_fake: 9.2387e-06 ] [ out_d_fake: -1.1750e+01 ] [ l_d_total: 4.6348e-06 ] 
2025-07-09 21:22:50,968 INFO: [ epoch: 193 ] [ iter: 66,500 ] [ performance: 2.451 it/s ] [ lr: 1.00e-05 ] [ eta: 3 days, 17:24:47 ] [ l_g_mssim: 2.6798e-04 ] [ l_g_gan: 4.7273e+00 ] [ l_g_total: 4.7276e+00 ] [ l_d_real: 5.6659e-09 ] [ out_d_real: 1.9875e+01 ] [ l_d_fake: 1.7881e-07 ] [ out_d_fake: -1.5750e+01 ] [ l_d_total: 9.2240e-08 ] 
2025-07-09 21:23:33,946 INFO: [ epoch: 194 ] [ iter: 66,600 ] [ performance: 2.363 it/s ] [ lr: 1.00e-05 ] [ eta: 3 days, 17:00:49 ] [ l_g_mssim: 8.7320e-04 ] [ l_g_gan: 4.3020e+00 ] [ l_g_total: 4.3028e+00 ] [ l_d_real: 1.0789e-05 ] [ out_d_real: 1.1625e+01 ] [ l_d_fake: 7.1526e-07 ] [ out_d_fake: -1.4312e+01 ] [ l_d_total: 5.7520e-06 ] 
2025-07-09 21:24:14,049 INFO: [ epoch: 194 ] [ iter: 66,700 ] [ performance: 2.557 it/s ] [ lr: 1.00e-05 ] [ eta: 3 days, 16:35:41 ] [ l_g_mssim: 2.0646e-03 ] [ l_g_gan: 3.7031e+00 ] [ l_g_total: 3.7052e+00 ] [ l_d_real: 5.3208e-06 ] [ out_d_real: 1.2438e+01 ] [ l_d_fake: 5.4836e-06 ] [ out_d_fake: -1.2375e+01 ] [ l_d_total: 5.4022e-06 ] 
2025-07-09 21:24:53,312 INFO: [ epoch: 194 ] [ iter: 66,800 ] [ performance: 2.550 it/s ] [ lr: 1.00e-05 ] [ eta: 3 days, 16:10:30 ] [ l_g_mssim: 1.3796e-03 ] [ l_g_gan: 5.3121e+00 ] [ l_g_total: 5.3135e+00 ] [ l_d_real: 2.3000e-06 ] [ out_d_real: 1.4125e+01 ] [ l_d_fake: 0.0000e+00 ] [ out_d_fake: -1.7750e+01 ] [ l_d_total: 1.1500e-06 ] 
2025-07-09 21:25:34,323 INFO: [ epoch: 194 ] [ iter: 66,900 ] [ performance: 2.402 it/s ] [ lr: 1.00e-05 ] [ eta: 3 days, 15:46:41 ] [ l_g_mssim: 1.0523e-03 ] [ l_g_gan: 5.6848e+00 ] [ l_g_total: 5.6858e+00 ] [ l_d_real: 8.7508e-09 ] [ out_d_real: 1.8750e+01 ] [ l_d_fake: 0.0000e+00 ] [ out_d_fake: -1.9000e+01 ] [ l_d_total: 4.3754e-09 ] 
2025-07-09 21:26:18,839 INFO: [ epoch: 195 ] [ iter: 67,000 ] [ performance: 2.290 it/s ] [ lr: 1.00e-05 ] [ eta: 3 days, 15:25:07 ] [ l_g_mssim: 9.2012e-04 ] [ l_g_gan: 5.2477e+00 ] [ l_g_total: 5.2486e+00 ] [ l_d_real: 5.0910e-07 ] [ out_d_real: 1.5000e+01 ] [ l_d_fake: 0.0000e+00 ] [ out_d_fake: -1.7500e+01 ] [ l_d_total: 2.5455e-07 ] 
2025-07-09 21:27:00,248 INFO: [ epoch: 195 ] [ iter: 67,100 ] [ performance: 2.447 it/s ] [ lr: 1.00e-05 ] [ eta: 3 days, 15:02:14 ] [ l_g_mssim: 1.2418e-03 ] [ l_g_gan: 5.3695e+00 ] [ l_g_total: 5.3708e+00 ] [ l_d_real: 1.4017e-06 ] [ out_d_real: 1.3625e+01 ] [ l_d_fake: 0.0000e+00 ] [ out_d_fake: -1.7875e+01 ] [ l_d_total: 7.0085e-07 ] 
2025-07-09 21:27:38,275 INFO: [ epoch: 195 ] [ iter: 67,200 ] [ performance: 2.575 it/s ] [ lr: 1.00e-05 ] [ eta: 3 days, 14:37:58 ] [ l_g_mssim: 1.2338e-03 ] [ l_g_gan: 4.8973e+00 ] [ l_g_total: 4.8985e+00 ] [ l_d_real: 3.8494e-05 ] [ out_d_real: 1.0375e+01 ] [ l_d_fake: 0.0000e+00 ] [ out_d_fake: -1.6375e+01 ] [ l_d_total: 1.9247e-05 ] 
2025-07-09 21:28:19,101 INFO: [ epoch: 196 ] [ iter: 67,300 ] [ performance: 2.024 it/s ] [ lr: 1.00e-05 ] [ eta: 3 days, 14:15:32 ] [ l_g_mssim: 6.1755e-04 ] [ l_g_gan: 5.6672e+00 ] [ l_g_total: 5.6678e+00 ] [ l_d_real: 6.7993e-06 ] [ out_d_real: 1.2312e+01 ] [ l_d_fake: 0.0000e+00 ] [ out_d_fake: -1.8875e+01 ] [ l_d_total: 3.3997e-06 ] 
2025-07-09 21:29:01,774 INFO: [ epoch: 196 ] [ iter: 67,400 ] [ performance: 2.244 it/s ] [ lr: 1.00e-05 ] [ eta: 3 days, 13:54:24 ] [ l_g_mssim: 1.0546e-03 ] [ l_g_gan: 5.9977e+00 ] [ l_g_total: 5.9987e+00 ] [ l_d_real: 2.1664e-07 ] [ out_d_real: 1.5438e+01 ] [ l_d_fake: 0.0000e+00 ] [ out_d_fake: -2.0000e+01 ] [ l_d_total: 1.0832e-07 ] 
2025-07-09 21:29:39,983 INFO: [ epoch: 196 ] [ iter: 67,500 ] [ performance: 2.604 it/s ] [ lr: 1.00e-05 ] [ eta: 3 days, 13:31:18 ] [ l_g_mssim: 8.1422e-04 ] [ l_g_gan: 6.8766e+00 ] [ l_g_total: 6.8774e+00 ] [ l_d_real: 1.2850e-06 ] [ out_d_real: 1.3688e+01 ] [ l_d_fake: 0.0000e+00 ] [ out_d_fake: -2.2875e+01 ] [ l_d_total: 6.4248e-07 ] 
2025-07-09 21:30:17,240 INFO: [ epoch: 196 ] [ iter: 67,600 ] [ performance: 2.662 it/s ] [ lr: 1.00e-05 ] [ eta: 3 days, 13:08:06 ] [ l_g_mssim: 2.7092e-04 ] [ l_g_gan: 6.5578e+00 ] [ l_g_total: 6.5581e+00 ] [ l_d_real: 7.4699e-07 ] [ out_d_real: 1.4375e+01 ] [ l_d_fake: 0.0000e+00 ] [ out_d_fake: -2.1875e+01 ] [ l_d_total: 3.7349e-07 ] 
2025-07-09 21:31:00,080 INFO: [ epoch: 197 ] [ iter: 67,700 ] [ performance: 2.504 it/s ] [ lr: 1.00e-05 ] [ eta: 3 days, 12:48:02 ] [ l_g_mssim: 1.4354e-03 ] [ l_g_gan: 4.4379e+00 ] [ l_g_total: 4.4393e+00 ] [ l_d_real: 2.0355e-06 ] [ out_d_real: 1.3625e+01 ] [ l_d_fake: 1.1921e-06 ] [ out_d_fake: -1.4812e+01 ] [ l_d_total: 1.6138e-06 ] 
2025-07-09 21:31:40,223 INFO: [ epoch: 197 ] [ iter: 67,800 ] [ performance: 2.495 it/s ] [ lr: 1.00e-05 ] [ eta: 3 days, 12:26:57 ] [ l_g_mssim: 1.9510e-03 ] [ l_g_gan: 4.7109e+00 ] [ l_g_total: 4.7129e+00 ] [ l_d_real: 1.1795e-05 ] [ out_d_real: 1.1562e+01 ] [ l_d_fake: 2.9802e-07 ] [ out_d_fake: -1.5688e+01 ] [ l_d_total: 6.0466e-06 ] 
2025-07-09 21:32:19,042 INFO: [ epoch: 197 ] [ iter: 67,900 ] [ performance: 2.739 it/s ] [ lr: 1.00e-05 ] [ eta: 3 days, 12:05:31 ] [ l_g_mssim: 6.9416e-04 ] [ l_g_gan: 4.9465e+00 ] [ l_g_total: 4.9472e+00 ] [ l_d_real: 2.6005e-06 ] [ out_d_real: 1.3062e+01 ] [ l_d_fake: 0.0000e+00 ] [ out_d_fake: -1.6500e+01 ] [ l_d_total: 1.3003e-06 ] 
2025-07-09 21:33:01,292 INFO: [ epoch: 198 ] [ iter: 68,000 ] [ performance: 2.455 it/s ] [ lr: 1.00e-05 ] [ eta: 3 days, 11:46:05 ] [ l_g_mssim: 1.4065e-03 ] [ l_g_gan: 5.4914e+00 ] [ l_g_total: 5.4928e+00 ] [ l_d_real: 7.2954e-07 ] [ out_d_real: 1.4312e+01 ] [ l_d_fake: 0.0000e+00 ] [ out_d_fake: -1.8250e+01 ] [ l_d_total: 3.6477e-07 ] 
2025-07-09 21:33:39,228 INFO: [ epoch: 198 ] [ iter: 68,100 ] [ performance: 2.624 it/s ] [ lr: 1.00e-05 ] [ eta: 3 days, 11:24:50 ] [ l_g_mssim: 2.0312e-03 ] [ l_g_gan: 4.4520e+00 ] [ l_g_total: 4.4540e+00 ] [ l_d_real: 3.7674e-06 ] [ out_d_real: 1.2625e+01 ] [ l_d_fake: 5.3644e-07 ] [ out_d_fake: -1.4812e+01 ] [ l_d_total: 2.1519e-06 ] 
2025-07-09 21:34:20,743 INFO: [ epoch: 198 ] [ iter: 68,200 ] [ performance: 2.461 it/s ] [ lr: 1.00e-05 ] [ eta: 3 days, 11:05:38 ] [ l_g_mssim: 6.8141e-04 ] [ l_g_gan: 5.0977e+00 ] [ l_g_total: 5.0983e+00 ] [ l_d_real: 6.5897e-07 ] [ out_d_real: 1.4438e+01 ] [ l_d_fake: 0.0000e+00 ] [ out_d_fake: -1.7000e+01 ] [ l_d_total: 3.2949e-07 ] 
2025-07-09 21:35:02,686 INFO: [ epoch: 199 ] [ iter: 68,300 ] [ performance: 2.076 it/s ] [ lr: 1.00e-05 ] [ eta: 3 days, 10:46:55 ] [ l_g_mssim: 2.0228e-03 ] [ l_g_gan: 4.6406e+00 ] [ l_g_total: 4.6426e+00 ] [ l_d_real: 3.8268e-05 ] [ out_d_real: 1.0438e+01 ] [ l_d_fake: 1.7881e-07 ] [ out_d_fake: -1.5500e+01 ] [ l_d_total: 1.9224e-05 ] 
2025-07-09 21:35:41,458 INFO: [ epoch: 199 ] [ iter: 68,400 ] [ performance: 2.430 it/s ] [ lr: 1.00e-05 ] [ eta: 3 days, 10:26:57 ] [ l_g_mssim: 8.7450e-04 ] [ l_g_gan: 5.2723e+00 ] [ l_g_total: 5.2731e+00 ] [ l_d_real: 2.9829e-06 ] [ out_d_real: 1.3500e+01 ] [ l_d_fake: 0.0000e+00 ] [ out_d_fake: -1.7625e+01 ] [ l_d_total: 1.4914e-06 ] 
2025-07-09 21:36:21,600 INFO: [ epoch: 199 ] [ iter: 68,500 ] [ performance: 2.543 it/s ] [ lr: 1.00e-05 ] [ eta: 3 days, 10:07:56 ] [ l_g_mssim: 1.8991e-03 ] [ l_g_gan: 6.7477e+00 ] [ l_g_total: 6.7496e+00 ] [ l_d_real: 3.9134e-08 ] [ out_d_real: 1.7375e+01 ] [ l_d_fake: 0.0000e+00 ] [ out_d_fake: -2.2500e+01 ] [ l_d_total: 1.9567e-08 ] 
2025-07-09 21:37:00,076 INFO: [ epoch: 199 ] [ iter: 68,600 ] [ performance: 2.585 it/s ] [ lr: 1.00e-05 ] [ eta: 3 days, 9:48:24 ] [ l_g_mssim: 1.4330e-03 ] [ l_g_gan: 5.3953e+00 ] [ l_g_total: 5.3967e+00 ] [ l_d_real: 9.1831e-06 ] [ out_d_real: 1.2250e+01 ] [ l_d_fake: 0.0000e+00 ] [ out_d_fake: -1.8000e+01 ] [ l_d_total: 4.5916e-06 ] 
2025-07-09 21:37:44,724 INFO: [ epoch: 200 ] [ iter: 68,700 ] [ performance: 2.548 it/s ] [ lr: 1.00e-05 ] [ eta: 3 days, 9:32:00 ] [ l_g_mssim: 1.2213e-03 ] [ l_g_gan: 5.6672e+00 ] [ l_g_total: 5.6684e+00 ] [ l_d_real: 3.6318e-07 ] [ out_d_real: 1.5875e+01 ] [ l_d_fake: 0.0000e+00 ] [ out_d_fake: -1.8875e+01 ] [ l_d_total: 1.8159e-07 ] 
2025-07-09 21:38:23,684 INFO: [ epoch: 200 ] [ iter: 68,800 ] [ performance: 2.562 it/s ] [ lr: 1.00e-05 ] [ eta: 3 days, 9:13:13 ] [ l_g_mssim: 6.4418e-04 ] [ l_g_gan: 7.5656e+00 ] [ l_g_total: 7.5663e+00 ] [ l_d_real: 1.2322e-09 ] [ out_d_real: 2.1875e+01 ] [ l_d_fake: 0.0000e+00 ] [ out_d_fake: -2.5250e+01 ] [ l_d_total: 6.1611e-10 ] 
2025-07-09 21:39:03,592 INFO: [ epoch: 200 ] [ iter: 68,900 ] [ performance: 2.568 it/s ] [ lr: 1.00e-05 ] [ eta: 3 days, 8:55:07 ] [ l_g_mssim: 2.5753e-04 ] [ l_g_gan: 7.5258e+00 ] [ l_g_total: 7.5260e+00 ] [ l_d_real: 6.1455e-10 ] [ out_d_real: 2.2750e+01 ] [ l_d_fake: 0.0000e+00 ] [ out_d_fake: -2.5125e+01 ] [ l_d_total: 3.0728e-10 ] 
2025-07-09 21:39:45,366 INFO: [ epoch: 201 ] [ iter: 69,000 ] [ performance: 2.433 it/s ] [ lr: 1.00e-05 ] [ eta: 3 days, 8:38:07 ] [ l_g_mssim: 9.6725e-04 ] [ l_g_gan: 8.0297e+00 ] [ l_g_total: 8.0307e+00 ] [ l_d_real: 3.5653e-10 ] [ out_d_real: 2.5125e+01 ] [ l_d_fake: 0.0000e+00 ] [ out_d_fake: -2.6750e+01 ] [ l_d_total: 1.7827e-10 ] 
2025-07-09 21:40:23,829 INFO: [ epoch: 201 ] [ iter: 69,100 ] [ performance: 2.412 it/s ] [ lr: 1.00e-05 ] [ eta: 3 days, 8:19:52 ] [ l_g_mssim: 5.1795e-04 ] [ l_g_gan: 7.4555e+00 ] [ l_g_total: 7.4560e+00 ] [ l_d_real: 3.8737e-09 ] [ out_d_real: 2.0125e+01 ] [ l_d_fake: 0.0000e+00 ] [ out_d_fake: -2.4875e+01 ] [ l_d_total: 1.9368e-09 ] 
2025-07-09 21:41:03,997 INFO: [ epoch: 201 ] [ iter: 69,200 ] [ performance: 2.471 it/s ] [ lr: 1.00e-05 ] [ eta: 3 days, 8:02:37 ] [ l_g_mssim: 5.2419e-04 ] [ l_g_gan: 6.8180e+00 ] [ l_g_total: 6.8185e+00 ] [ l_d_real: 1.8074e-08 ] [ out_d_real: 1.8125e+01 ] [ l_d_fake: 0.0000e+00 ] [ out_d_fake: -2.2750e+01 ] [ l_d_total: 9.0369e-09 ] 
2025-07-09 21:41:43,310 INFO: [ epoch: 201 ] [ iter: 69,300 ] [ performance: 3.052 it/s ] [ lr: 1.00e-05 ] [ eta: 3 days, 7:45:13 ] [ l_g_mssim: 1.1102e-03 ] [ l_g_gan: 5.1129e+00 ] [ l_g_total: 5.1140e+00 ] [ l_d_real: 1.6383e-07 ] [ out_d_real: 1.5875e+01 ] [ l_d_fake: 0.0000e+00 ] [ out_d_fake: -1.7000e+01 ] [ l_d_total: 8.1917e-08 ] 
2025-07-09 21:42:25,590 INFO: [ epoch: 202 ] [ iter: 69,400 ] [ performance: 2.491 it/s ] [ lr: 1.00e-05 ] [ eta: 3 days, 7:29:22 ] [ l_g_mssim: 9.2224e-04 ] [ l_g_gan: 5.2887e+00 ] [ l_g_total: 5.2896e+00 ] [ l_d_real: 1.4825e-06 ] [ out_d_real: 1.6500e+01 ] [ l_d_fake: 0.0000e+00 ] [ out_d_fake: -1.7625e+01 ] [ l_d_total: 7.4124e-07 ] 
2025-07-09 21:43:05,663 INFO: [ epoch: 202 ] [ iter: 69,500 ] [ performance: 2.635 it/s ] [ lr: 1.00e-05 ] [ eta: 3 days, 7:12:45 ] [ l_g_mssim: 3.8880e-04 ] [ l_g_gan: 5.8770e+00 ] [ l_g_total: 5.8773e+00 ] [ l_d_real: 3.5547e-10 ] [ out_d_real: 2.2000e+01 ] [ l_d_fake: 5.9605e-08 ] [ out_d_fake: -1.9625e+01 ] [ l_d_total: 2.9980e-08 ] 
2025-07-09 21:43:45,947 INFO: [ epoch: 202 ] [ iter: 69,600 ] [ performance: 2.514 it/s ] [ lr: 1.00e-05 ] [ eta: 3 days, 6:56:27 ] [ l_g_mssim: 2.0684e-03 ] [ l_g_gan: 6.7266e+00 ] [ l_g_total: 6.7286e+00 ] [ l_d_real: 8.2308e-10 ] [ out_d_real: 2.1625e+01 ] [ l_d_fake: 0.0000e+00 ] [ out_d_fake: -2.2375e+01 ] [ l_d_total: 4.1154e-10 ] 
2025-07-09 21:44:29,657 INFO: [ epoch: 203 ] [ iter: 69,700 ] [ performance: 2.503 it/s ] [ lr: 1.00e-05 ] [ eta: 3 days, 6:41:50 ] [ l_g_mssim: 1.0804e-03 ] [ l_g_gan: 6.0938e+00 ] [ l_g_total: 6.0948e+00 ] [ l_d_real: 2.2819e-07 ] [ out_d_real: 1.6125e+01 ] [ l_d_fake: 0.0000e+00 ] [ out_d_fake: -2.0250e+01 ] [ l_d_total: 1.1410e-07 ] 
2025-07-09 21:45:09,344 INFO: [ epoch: 203 ] [ iter: 69,800 ] [ performance: 2.516 it/s ] [ lr: 1.00e-05 ] [ eta: 3 days, 6:25:42 ] [ l_g_mssim: 1.2821e-03 ] [ l_g_gan: 6.8297e+00 ] [ l_g_total: 6.8310e+00 ] [ l_d_real: 1.0450e-08 ] [ out_d_real: 1.9125e+01 ] [ l_d_fake: 0.0000e+00 ] [ out_d_fake: -2.2750e+01 ] [ l_d_total: 5.2252e-09 ] 
2025-07-09 21:45:49,929 INFO: [ epoch: 203 ] [ iter: 69,900 ] [ performance: 2.610 it/s ] [ lr: 1.00e-05 ] [ eta: 3 days, 6:10:08 ] [ l_g_mssim: 1.1375e-03 ] [ l_g_gan: 5.6578e+00 ] [ l_g_total: 5.6590e+00 ] [ l_d_real: 3.4519e-05 ] [ out_d_real: 1.0562e+01 ] [ l_d_fake: 0.0000e+00 ] [ out_d_fake: -1.8875e+01 ] [ l_d_total: 1.7259e-05 ] 
2025-07-09 21:46:27,077 INFO: [ epoch: 203 ] [ iter: 70,000 ] [ performance: 2.675 it/s ] [ lr: 1.00e-05 ] [ eta: 3 days, 5:53:20 ] [ l_g_mssim: 4.5599e-04 ] [ l_g_gan: 5.7117e+00 ] [ l_g_total: 5.7122e+00 ] [ l_d_real: 3.9182e-06 ] [ out_d_real: 1.2625e+01 ] [ l_d_fake: 0.0000e+00 ] [ out_d_fake: -1.9000e+01 ] [ l_d_total: 1.9591e-06 ] 
2025-07-09 21:46:27,077 INFO: [1;32mSaving models and training states.[0m
2025-07-09 22:26:04,104 INFO: Validation val

	 # psnr: 38.0739[1;32m........ Best: 38.0739 @ 70000 iter[0m
	 # ssim: 0.9596[1;32m........ Best: 0.9596 @ 70000 iter[0m

2025-07-09 22:26:52,914 INFO: [ epoch: 204 ] [ iter: 70,100 ] [ performance: 2.383 it/s ] [ lr: 1.00e-05 ] [ eta: 3 days, 22:18:25 ] [ l_g_mssim: 1.8399e-03 ] [ l_g_gan: 5.5840e+00 ] [ l_g_total: 5.5858e+00 ] [ l_d_real: 4.3456e-04 ] [ out_d_real: 1.0250e+01 ] [ l_d_fake: 5.9605e-08 ] [ out_d_fake: -1.8625e+01 ] [ l_d_total: 2.1731e-04 ] 
2025-07-09 22:27:35,639 INFO: [ epoch: 204 ] [ iter: 70,200 ] [ performance: 2.349 it/s ] [ lr: 1.00e-05 ] [ eta: 3 days, 21:57:30 ] [ l_g_mssim: 9.5919e-04 ] [ l_g_gan: 4.2809e+00 ] [ l_g_total: 4.2818e+00 ] [ l_d_real: 3.9209e-05 ] [ out_d_real: 1.0562e+01 ] [ l_d_fake: 8.3447e-07 ] [ out_d_fake: -1.4250e+01 ] [ l_d_total: 2.0022e-05 ] 
2025-07-09 22:28:16,230 INFO: [ epoch: 204 ] [ iter: 70,300 ] [ performance: 2.721 it/s ] [ lr: 1.00e-05 ] [ eta: 3 days, 21:35:58 ] [ l_g_mssim: 7.3038e-04 ] [ l_g_gan: 4.1355e+00 ] [ l_g_total: 4.1363e+00 ] [ l_d_real: 5.9571e-06 ] [ out_d_real: 1.2312e+01 ] [ l_d_fake: 1.7881e-06 ] [ out_d_fake: -1.3812e+01 ] [ l_d_total: 3.8726e-06 ] 
2025-07-09 22:29:04,328 INFO: [ epoch: 205 ] [ iter: 70,400 ] [ performance: 2.179 it/s ] [ lr: 1.00e-05 ] [ eta: 3 days, 21:17:47 ] [ l_g_mssim: 1.6552e-03 ] [ l_g_gan: 4.1648e+00 ] [ l_g_total: 4.1665e+00 ] [ l_d_real: 1.1779e-06 ] [ out_d_real: 1.4062e+01 ] [ l_d_fake: 3.1590e-06 ] [ out_d_fake: -1.3875e+01 ] [ l_d_total: 2.1685e-06 ] 
2025-07-09 22:29:46,341 INFO: [ epoch: 205 ] [ iter: 70,500 ] [ performance: 2.362 it/s ] [ lr: 1.00e-05 ] [ eta: 3 days, 20:57:21 ] [ l_g_mssim: 1.1957e-03 ] [ l_g_gan: 4.9102e+00 ] [ l_g_total: 4.9114e+00 ] [ l_d_real: 4.1101e-07 ] [ out_d_real: 1.5438e+01 ] [ l_d_fake: 2.9802e-07 ] [ out_d_fake: -1.6375e+01 ] [ l_d_total: 3.5451e-07 ] 
2025-07-09 22:30:29,735 INFO: [ epoch: 205 ] [ iter: 70,600 ] [ performance: 2.315 it/s ] [ lr: 1.00e-05 ] [ eta: 3 days, 20:37:43 ] [ l_g_mssim: 9.0242e-04 ] [ l_g_gan: 6.5391e+00 ] [ l_g_total: 6.5400e+00 ] [ l_d_real: 9.8348e-09 ] [ out_d_real: 1.9000e+01 ] [ l_d_fake: 0.0000e+00 ] [ out_d_fake: -2.1750e+01 ] [ l_d_total: 4.9174e-09 ] 
2025-07-09 22:31:15,702 INFO: [ epoch: 206 ] [ iter: 70,700 ] [ performance: 1.419 it/s ] [ lr: 1.00e-05 ] [ eta: 3 days, 20:19:22 ] [ l_g_mssim: 2.4411e-03 ] [ l_g_gan: 5.6203e+00 ] [ l_g_total: 5.6228e+00 ] [ l_d_real: 3.7383e+00 ] [ out_d_real: 5.7500e+00 ] [ l_d_fake: 0.0000e+00 ] [ out_d_fake: -1.8750e+01 ] [ l_d_total: 1.8691e+00 ] 
2025-07-09 22:31:55,618 INFO: [ epoch: 206 ] [ iter: 70,800 ] [ performance: 2.201 it/s ] [ lr: 1.00e-05 ] [ eta: 3 days, 19:58:50 ] [ l_g_mssim: 9.5018e-04 ] [ l_g_gan: 3.7980e+00 ] [ l_g_total: 3.7990e+00 ] [ l_d_real: 2.0781e-04 ] [ out_d_real: 9.1250e+00 ] [ l_d_fake: 5.7817e-06 ] [ out_d_fake: -1.2688e+01 ] [ l_d_total: 1.0680e-04 ] 
2025-07-09 22:32:38,084 INFO: [ epoch: 206 ] [ iter: 70,900 ] [ performance: 2.890 it/s ] [ lr: 1.00e-05 ] [ eta: 3 days, 19:39:33 ] [ l_g_mssim: 1.0252e-03 ] [ l_g_gan: 2.8770e+00 ] [ l_g_total: 2.8780e+00 ] [ l_d_real: 1.3731e-04 ] [ out_d_real: 9.5000e+00 ] [ l_d_fake: 7.3576e-01 ] [ out_d_fake: -8.8750e+00 ] [ l_d_total: 3.6795e-01 ] 
2025-07-09 22:33:16,894 INFO: [ epoch: 206 ] [ iter: 71,000 ] [ performance: 2.626 it/s ] [ lr: 1.00e-05 ] [ eta: 3 days, 19:19:03 ] [ l_g_mssim: 8.6518e-04 ] [ l_g_gan: 4.7309e+00 ] [ l_g_total: 4.7317e+00 ] [ l_d_real: 3.7999e-05 ] [ out_d_real: 1.2688e+01 ] [ l_d_fake: 0.0000e+00 ] [ out_d_fake: -1.5750e+01 ] [ l_d_total: 1.8999e-05 ] 
2025-07-09 22:33:59,324 INFO: [ epoch: 207 ] [ iter: 71,100 ] [ performance: 2.659 it/s ] [ lr: 1.00e-05 ] [ eta: 3 days, 19:00:14 ] [ l_g_mssim: 5.5881e-04 ] [ l_g_gan: 4.9371e+00 ] [ l_g_total: 4.9377e+00 ] [ l_d_real: 1.7132e-06 ] [ out_d_real: 1.3875e+01 ] [ l_d_fake: 0.0000e+00 ] [ out_d_fake: -1.6500e+01 ] [ l_d_total: 8.5661e-07 ] 
2025-07-09 22:34:38,563 INFO: [ epoch: 207 ] [ iter: 71,200 ] [ performance: 2.566 it/s ] [ lr: 1.00e-05 ] [ eta: 3 days, 18:40:23 ] [ l_g_mssim: 2.7933e-03 ] [ l_g_gan: 4.9184e+00 ] [ l_g_total: 4.9212e+00 ] [ l_d_real: 3.1669e-06 ] [ out_d_real: 1.4062e+01 ] [ l_d_fake: 0.0000e+00 ] [ out_d_fake: -1.6375e+01 ] [ l_d_total: 1.5834e-06 ] 
2025-07-09 22:35:17,415 INFO: [ epoch: 207 ] [ iter: 71,300 ] [ performance: 2.601 it/s ] [ lr: 1.00e-05 ] [ eta: 3 days, 18:20:37 ] [ l_g_mssim: 7.0867e-04 ] [ l_g_gan: 6.6445e+00 ] [ l_g_total: 6.6452e+00 ] [ l_d_real: 3.6311e-07 ] [ out_d_real: 1.5375e+01 ] [ l_d_fake: 0.0000e+00 ] [ out_d_fake: -2.2125e+01 ] [ l_d_total: 1.8156e-07 ] 
2025-07-09 22:36:01,759 INFO: [ epoch: 208 ] [ iter: 71,400 ] [ performance: 2.304 it/s ] [ lr: 1.00e-05 ] [ eta: 3 days, 18:03:12 ] [ l_g_mssim: 8.7447e-04 ] [ l_g_gan: 4.2023e+00 ] [ l_g_total: 4.2032e+00 ] [ l_d_real: 4.0182e-05 ] [ out_d_real: 1.0438e+01 ] [ l_d_fake: 1.4901e-06 ] [ out_d_fake: -1.4000e+01 ] [ l_d_total: 2.0836e-05 ] 
2025-07-09 22:36:40,923 INFO: [ epoch: 208 ] [ iter: 71,500 ] [ performance: 2.587 it/s ] [ lr: 1.00e-05 ] [ eta: 3 days, 17:44:01 ] [ l_g_mssim: 1.0687e-03 ] [ l_g_gan: 4.1004e+00 ] [ l_g_total: 4.1015e+00 ] [ l_d_real: 1.7942e-05 ] [ out_d_real: 1.2125e+01 ] [ l_d_fake: 1.4901e-06 ] [ out_d_fake: -1.3688e+01 ] [ l_d_total: 9.7160e-06 ] 
2025-07-09 22:37:20,354 INFO: [ epoch: 208 ] [ iter: 71,600 ] [ performance: 2.544 it/s ] [ lr: 1.00e-05 ] [ eta: 3 days, 17:25:09 ] [ l_g_mssim: 8.0901e-04 ] [ l_g_gan: 4.2984e+00 ] [ l_g_total: 4.2992e+00 ] [ l_d_real: 9.6723e-07 ] [ out_d_real: 1.4000e+01 ] [ l_d_fake: 7.7486e-07 ] [ out_d_fake: -1.4312e+01 ] [ l_d_total: 8.7105e-07 ] 
2025-07-09 22:37:57,963 INFO: [ epoch: 208 ] [ iter: 71,700 ] [ performance: 3.559 it/s ] [ lr: 1.00e-05 ] [ eta: 3 days, 17:05:48 ] [ l_g_mssim: 8.0994e-04 ] [ l_g_gan: 5.0379e+00 ] [ l_g_total: 5.0387e+00 ] [ l_d_real: 2.0682e-07 ] [ out_d_real: 1.5688e+01 ] [ l_d_fake: 0.0000e+00 ] [ out_d_fake: -1.6750e+01 ] [ l_d_total: 1.0341e-07 ] 
2025-07-09 22:38:42,849 INFO: [ epoch: 209 ] [ iter: 71,800 ] [ performance: 2.356 it/s ] [ lr: 1.00e-05 ] [ eta: 3 days, 16:49:25 ] [ l_g_mssim: 5.7632e-04 ] [ l_g_gan: 5.0414e+00 ] [ l_g_total: 5.0420e+00 ] [ l_d_real: 6.0684e-08 ] [ out_d_real: 1.6625e+01 ] [ l_d_fake: 0.0000e+00 ] [ out_d_fake: -1.6750e+01 ] [ l_d_total: 3.0342e-08 ] 
2025-07-09 22:39:23,609 INFO: [ epoch: 209 ] [ iter: 71,900 ] [ performance: 1.713 it/s ] [ lr: 1.00e-05 ] [ eta: 3 days, 16:31:41 ] [ l_g_mssim: 1.4778e-03 ] [ l_g_gan: 4.5762e+00 ] [ l_g_total: 4.5776e+00 ] [ l_d_real: 1.2589e-05 ] [ out_d_real: 1.2125e+01 ] [ l_d_fake: 4.1723e-07 ] [ out_d_fake: -1.5250e+01 ] [ l_d_total: 6.5033e-06 ] 
2025-07-09 22:40:05,795 INFO: [ epoch: 209 ] [ iter: 72,000 ] [ performance: 2.251 it/s ] [ lr: 1.00e-05 ] [ eta: 3 days, 16:14:40 ] [ l_g_mssim: 6.2453e-04 ] [ l_g_gan: 5.4773e+00 ] [ l_g_total: 5.4780e+00 ] [ l_d_real: 8.6305e-08 ] [ out_d_real: 1.6500e+01 ] [ l_d_fake: 0.0000e+00 ] [ out_d_fake: -1.8250e+01 ] [ l_d_total: 4.3153e-08 ] 
2025-07-09 22:40:46,153 INFO: [ epoch: 210 ] [ iter: 72,100 ] [ performance: 2.702 it/s ] [ lr: 1.00e-05 ] [ eta: 3 days, 15:57:11 ] [ l_g_mssim: 3.3337e-03 ] [ l_g_gan: 4.2855e+00 ] [ l_g_total: 4.2889e+00 ] [ l_d_real: 1.8967e-05 ] [ out_d_real: 1.2875e+01 ] [ l_d_fake: 1.1325e-06 ] [ out_d_fake: -1.4312e+01 ] [ l_d_total: 1.0050e-05 ] 
2025-07-09 22:41:26,006 INFO: [ epoch: 210 ] [ iter: 72,200 ] [ performance: 2.533 it/s ] [ lr: 1.00e-05 ] [ eta: 3 days, 15:39:42 ] [ l_g_mssim: 1.8501e-03 ] [ l_g_gan: 4.7238e+00 ] [ l_g_total: 4.7257e+00 ] [ l_d_real: 3.3894e-08 ] [ out_d_real: 1.8500e+01 ] [ l_d_fake: 0.0000e+00 ] [ out_d_fake: -1.5750e+01 ] [ l_d_total: 1.6947e-08 ] 
2025-07-09 22:42:05,031 INFO: [ epoch: 210 ] [ iter: 72,300 ] [ performance: 2.444 it/s ] [ lr: 1.00e-05 ] [ eta: 3 days, 15:22:07 ] [ l_g_mssim: 1.5998e-03 ] [ l_g_gan: 4.4039e+00 ] [ l_g_total: 4.4055e+00 ] [ l_d_real: 9.3867e-05 ] [ out_d_real: 1.1750e+01 ] [ l_d_fake: 1.3590e-05 ] [ out_d_fake: -1.4688e+01 ] [ l_d_total: 5.3728e-05 ] 
2025-07-09 22:42:48,816 INFO: [ epoch: 211 ] [ iter: 72,400 ] [ performance: 2.303 it/s ] [ lr: 1.00e-05 ] [ eta: 3 days, 15:06:26 ] [ l_g_mssim: 1.0320e-03 ] [ l_g_gan: 5.2219e+00 ] [ l_g_total: 5.2229e+00 ] [ l_d_real: 2.8027e-07 ] [ out_d_real: 1.5562e+01 ] [ l_d_fake: 0.0000e+00 ] [ out_d_fake: -1.7375e+01 ] [ l_d_total: 1.4014e-07 ] 
2025-07-09 22:43:27,433 INFO: [ epoch: 211 ] [ iter: 72,500 ] [ performance: 2.537 it/s ] [ lr: 1.00e-05 ] [ eta: 3 days, 14:49:05 ] [ l_g_mssim: 8.5000e-04 ] [ l_g_gan: 6.0281e+00 ] [ l_g_total: 6.0290e+00 ] [ l_d_real: 4.0365e-07 ] [ out_d_real: 1.5000e+01 ] [ l_d_fake: 0.0000e+00 ] [ out_d_fake: -2.0125e+01 ] [ l_d_total: 2.0183e-07 ] 
2025-07-09 22:44:06,615 INFO: [ epoch: 211 ] [ iter: 72,600 ] [ performance: 2.551 it/s ] [ lr: 1.00e-05 ] [ eta: 3 days, 14:32:07 ] [ l_g_mssim: 1.7214e-03 ] [ l_g_gan: 6.7711e+00 ] [ l_g_total: 6.7728e+00 ] [ l_d_real: 1.7053e-08 ] [ out_d_real: 1.8125e+01 ] [ l_d_fake: 0.0000e+00 ] [ out_d_fake: -2.2625e+01 ] [ l_d_total: 8.5266e-09 ] 
2025-07-09 22:44:47,710 INFO: [ epoch: 211 ] [ iter: 72,700 ] [ performance: 2.226 it/s ] [ lr: 1.00e-05 ] [ eta: 3 days, 14:16:01 ] [ l_g_mssim: 1.8564e-03 ] [ l_g_gan: 4.3570e+00 ] [ l_g_total: 4.3589e+00 ] [ l_d_real: 3.1303e-07 ] [ out_d_real: 1.5375e+01 ] [ l_d_fake: 7.1526e-07 ] [ out_d_fake: -1.4500e+01 ] [ l_d_total: 5.1414e-07 ] 
2025-07-09 22:45:30,393 INFO: [ epoch: 212 ] [ iter: 72,800 ] [ performance: 2.330 it/s ] [ lr: 1.00e-05 ] [ eta: 3 days, 14:00:38 ] [ l_g_mssim: 8.0990e-04 ] [ l_g_gan: 4.7648e+00 ] [ l_g_total: 4.7657e+00 ] [ l_d_real: 7.0673e-08 ] [ out_d_real: 1.7125e+01 ] [ l_d_fake: 1.7881e-07 ] [ out_d_fake: -1.5875e+01 ] [ l_d_total: 1.2474e-07 ] 
2025-07-09 22:46:10,766 INFO: [ epoch: 212 ] [ iter: 72,900 ] [ performance: 2.382 it/s ] [ lr: 1.00e-05 ] [ eta: 3 days, 13:44:38 ] [ l_g_mssim: 1.2087e-03 ] [ l_g_gan: 5.2477e+00 ] [ l_g_total: 5.2489e+00 ] [ l_d_real: 1.9126e-06 ] [ out_d_real: 1.3938e+01 ] [ l_d_fake: 0.0000e+00 ] [ out_d_fake: -1.7500e+01 ] [ l_d_total: 9.5632e-07 ] 
2025-07-09 22:46:53,228 INFO: [ epoch: 212 ] [ iter: 73,000 ] [ performance: 2.358 it/s ] [ lr: 1.00e-05 ] [ eta: 3 days, 13:29:31 ] [ l_g_mssim: 1.6877e-03 ] [ l_g_gan: 4.3969e+00 ] [ l_g_total: 4.3986e+00 ] [ l_d_real: 6.8860e-07 ] [ out_d_real: 1.4375e+01 ] [ l_d_fake: 8.9407e-07 ] [ out_d_fake: -1.4625e+01 ] [ l_d_total: 7.9134e-07 ] 
2025-07-09 22:47:34,192 INFO: [ epoch: 213 ] [ iter: 73,100 ] [ performance: 2.757 it/s ] [ lr: 1.00e-05 ] [ eta: 3 days, 13:14:02 ] [ l_g_mssim: 1.5948e-03 ] [ l_g_gan: 5.4504e+00 ] [ l_g_total: 5.4520e+00 ] [ l_d_real: 3.0015e-08 ] [ out_d_real: 1.8250e+01 ] [ l_d_fake: 0.0000e+00 ] [ out_d_fake: -1.8125e+01 ] [ l_d_total: 1.5007e-08 ] 
2025-07-09 22:48:11,487 INFO: [ epoch: 213 ] [ iter: 73,200 ] [ performance: 2.688 it/s ] [ lr: 1.00e-05 ] [ eta: 3 days, 12:57:27 ] [ l_g_mssim: 1.2976e-03 ] [ l_g_gan: 5.9402e+00 ] [ l_g_total: 5.9415e+00 ] [ l_d_real: 2.0165e-09 ] [ out_d_real: 2.1250e+01 ] [ l_d_fake: 5.9605e-08 ] [ out_d_fake: -1.9750e+01 ] [ l_d_total: 3.0811e-08 ] 
2025-07-09 22:48:51,425 INFO: [ epoch: 213 ] [ iter: 73,300 ] [ performance: 2.230 it/s ] [ lr: 1.00e-05 ] [ eta: 3 days, 12:41:57 ] [ l_g_mssim: 1.0769e-03 ] [ l_g_gan: 4.9102e+00 ] [ l_g_total: 4.9112e+00 ] [ l_d_real: 2.3398e-06 ] [ out_d_real: 1.3250e+01 ] [ l_d_fake: 5.9605e-08 ] [ out_d_fake: -1.6375e+01 ] [ l_d_total: 1.1997e-06 ] 
2025-07-09 22:49:31,698 INFO: [ epoch: 213 ] [ iter: 73,400 ] [ performance: 2.460 it/s ] [ lr: 1.00e-05 ] [ eta: 3 days, 12:26:44 ] [ l_g_mssim: 1.8544e-03 ] [ l_g_gan: 4.4039e+00 ] [ l_g_total: 4.4058e+00 ] [ l_d_real: 1.2125e-03 ] [ out_d_real: 1.0125e+01 ] [ l_d_fake: 7.1526e-07 ] [ out_d_fake: -1.4688e+01 ] [ l_d_total: 6.0662e-04 ] 
2025-07-09 22:50:15,669 INFO: [ epoch: 214 ] [ iter: 73,500 ] [ performance: 1.888 it/s ] [ lr: 1.00e-05 ] [ eta: 3 days, 12:12:55 ] [ l_g_mssim: 1.1560e-03 ] [ l_g_gan: 3.9715e+00 ] [ l_g_total: 3.9726e+00 ] [ l_d_real: 2.8646e-06 ] [ out_d_real: 1.3500e+01 ] [ l_d_fake: 4.5896e-06 ] [ out_d_fake: -1.3250e+01 ] [ l_d_total: 3.7271e-06 ] 
2025-07-09 22:50:54,708 INFO: [ epoch: 214 ] [ iter: 73,600 ] [ performance: 2.496 it/s ] [ lr: 1.00e-05 ] [ eta: 3 days, 11:57:35 ] [ l_g_mssim: 1.1546e-03 ] [ l_g_gan: 4.2891e+00 ] [ l_g_total: 4.2902e+00 ] [ l_d_real: 2.8135e-05 ] [ out_d_real: 1.1188e+01 ] [ l_d_fake: 8.3447e-07 ] [ out_d_fake: -1.4312e+01 ] [ l_d_total: 1.4485e-05 ] 
2025-07-09 22:51:32,004 INFO: [ epoch: 214 ] [ iter: 73,700 ] [ performance: 3.253 it/s ] [ lr: 1.00e-05 ] [ eta: 3 days, 11:41:49 ] [ l_g_mssim: 1.2152e-03 ] [ l_g_gan: 4.2480e+00 ] [ l_g_total: 4.2493e+00 ] [ l_d_real: 4.4448e-06 ] [ out_d_real: 1.2938e+01 ] [ l_d_fake: 1.0133e-06 ] [ out_d_fake: -1.4188e+01 ] [ l_d_total: 2.7290e-06 ] 
2025-07-09 22:52:17,906 INFO: [ epoch: 215 ] [ iter: 73,800 ] [ performance: 2.227 it/s ] [ lr: 1.00e-05 ] [ eta: 3 days, 11:29:05 ] [ l_g_mssim: 9.6925e-04 ] [ l_g_gan: 3.2438e+00 ] [ l_g_total: 3.2447e+00 ] [ l_d_real: 5.1642e-06 ] [ out_d_real: 1.2688e+01 ] [ l_d_fake: 7.2241e-05 ] [ out_d_fake: -1.0812e+01 ] [ l_d_total: 3.8703e-05 ] 
2025-07-09 22:52:58,222 INFO: [ epoch: 215 ] [ iter: 73,900 ] [ performance: 1.871 it/s ] [ lr: 1.00e-05 ] [ eta: 3 days, 11:14:38 ] [ l_g_mssim: 4.9907e-04 ] [ l_g_gan: 3.5039e+00 ] [ l_g_total: 3.5044e+00 ] [ l_d_real: 1.1743e-06 ] [ out_d_real: 1.4125e+01 ] [ l_d_fake: 8.5831e-06 ] [ out_d_fake: -1.1688e+01 ] [ l_d_total: 4.8787e-06 ] 
2025-07-09 22:53:39,330 INFO: [ epoch: 215 ] [ iter: 74,000 ] [ performance: 2.392 it/s ] [ lr: 1.00e-05 ] [ eta: 3 days, 11:00:35 ] [ l_g_mssim: 1.4745e-03 ] [ l_g_gan: 3.7699e+00 ] [ l_g_total: 3.7714e+00 ] [ l_d_real: 3.2050e-06 ] [ out_d_real: 1.2938e+01 ] [ l_d_fake: 4.1127e-06 ] [ out_d_fake: -1.2562e+01 ] [ l_d_total: 3.6589e-06 ] 
2025-07-09 22:54:22,584 INFO: [ epoch: 216 ] [ iter: 74,100 ] [ performance: 0.551 it/s ] [ lr: 1.00e-05 ] [ eta: 3 days, 10:47:22 ] [ l_g_mssim: 2.2355e-03 ] [ l_g_gan: 4.0066e+00 ] [ l_g_total: 4.0089e+00 ] [ l_d_real: 1.3776e-07 ] [ out_d_real: 1.6000e+01 ] [ l_d_fake: 1.2994e-05 ] [ out_d_fake: -1.3375e+01 ] [ l_d_total: 6.5658e-06 ] 
2025-07-09 22:55:01,487 INFO: [ epoch: 216 ] [ iter: 74,200 ] [ performance: 2.189 it/s ] [ lr: 1.00e-05 ] [ eta: 3 days, 10:32:53 ] [ l_g_mssim: 7.5558e-04 ] [ l_g_gan: 4.2762e+00 ] [ l_g_total: 4.2769e+00 ] [ l_d_real: 3.0755e-06 ] [ out_d_real: 1.3188e+01 ] [ l_d_fake: 6.5565e-07 ] [ out_d_fake: -1.4250e+01 ] [ l_d_total: 1.8656e-06 ] 
2025-07-09 22:55:40,752 INFO: [ epoch: 216 ] [ iter: 74,300 ] [ performance: 2.768 it/s ] [ lr: 1.00e-05 ] [ eta: 3 days, 10:18:39 ] [ l_g_mssim: 1.1329e-03 ] [ l_g_gan: 3.9938e+00 ] [ l_g_total: 3.9949e+00 ] [ l_d_real: 3.7872e-06 ] [ out_d_real: 1.4938e+01 ] [ l_d_fake: 9.7752e-06 ] [ out_d_fake: -1.3312e+01 ] [ l_d_total: 6.7812e-06 ] 
2025-07-09 22:56:23,143 INFO: [ epoch: 216 ] [ iter: 74,400 ] [ performance: 2.373 it/s ] [ lr: 1.00e-05 ] [ eta: 3 days, 10:05:33 ] [ l_g_mssim: 1.6862e-03 ] [ l_g_gan: 4.3969e+00 ] [ l_g_total: 4.3986e+00 ] [ l_d_real: 8.8447e-07 ] [ out_d_real: 1.4500e+01 ] [ l_d_fake: 2.9802e-07 ] [ out_d_fake: -1.4625e+01 ] [ l_d_total: 5.9125e-07 ] 
2025-07-09 22:57:04,304 INFO: [ epoch: 217 ] [ iter: 74,500 ] [ performance: 3.796 it/s ] [ lr: 1.00e-05 ] [ eta: 3 days, 9:52:12 ] [ l_g_mssim: 2.1708e-03 ] [ l_g_gan: 4.8422e+00 ] [ l_g_total: 4.8444e+00 ] [ l_d_real: 2.5962e-06 ] [ out_d_real: 1.3312e+01 ] [ l_d_fake: 0.0000e+00 ] [ out_d_fake: -1.6125e+01 ] [ l_d_total: 1.2981e-06 ] 
2025-07-09 22:57:42,521 INFO: [ epoch: 217 ] [ iter: 74,600 ] [ performance: 2.641 it/s ] [ lr: 1.00e-05 ] [ eta: 3 days, 9:38:02 ] [ l_g_mssim: 6.0594e-04 ] [ l_g_gan: 5.4797e+00 ] [ l_g_total: 5.4803e+00 ] [ l_d_real: 2.7279e-07 ] [ out_d_real: 1.5438e+01 ] [ l_d_fake: 0.0000e+00 ] [ out_d_fake: -1.8250e+01 ] [ l_d_total: 1.3640e-07 ] 
2025-07-09 22:58:22,376 INFO: [ epoch: 217 ] [ iter: 74,700 ] [ performance: 2.488 it/s ] [ lr: 1.00e-05 ] [ eta: 3 days, 9:24:32 ] [ l_g_mssim: 9.9425e-04 ] [ l_g_gan: 5.5910e+00 ] [ l_g_total: 5.5920e+00 ] [ l_d_real: 8.3607e-08 ] [ out_d_real: 1.6625e+01 ] [ l_d_fake: 2.9802e-07 ] [ out_d_fake: -1.8625e+01 ] [ l_d_total: 1.9081e-07 ] 
2025-07-09 22:59:05,358 INFO: [ epoch: 218 ] [ iter: 74,800 ] [ performance: 2.330 it/s ] [ lr: 1.00e-05 ] [ eta: 3 days, 9:12:08 ] [ l_g_mssim: 1.4213e-03 ] [ l_g_gan: 3.5602e+00 ] [ l_g_total: 3.5616e+00 ] [ l_d_real: 5.4389e-06 ] [ out_d_real: 1.3062e+01 ] [ l_d_fake: 1.3351e-05 ] [ out_d_fake: -1.1875e+01 ] [ l_d_total: 9.3952e-06 ] 
2025-07-09 22:59:45,349 INFO: [ epoch: 218 ] [ iter: 74,900 ] [ performance: 3.306 it/s ] [ lr: 1.00e-05 ] [ eta: 3 days, 8:58:56 ] [ l_g_mssim: 8.6564e-04 ] [ l_g_gan: 3.7230e+00 ] [ l_g_total: 3.7239e+00 ] [ l_d_real: 8.0007e-07 ] [ out_d_real: 1.6250e+01 ] [ l_d_fake: 5.4240e-06 ] [ out_d_fake: -1.2438e+01 ] [ l_d_total: 3.1120e-06 ] 
2025-07-09 23:00:23,512 INFO: [ epoch: 218 ] [ iter: 75,000 ] [ performance: 2.626 it/s ] [ lr: 1.00e-05 ] [ eta: 3 days, 8:45:16 ] [ l_g_mssim: 5.2209e-04 ] [ l_g_gan: 4.6230e+00 ] [ l_g_total: 4.6236e+00 ] [ l_d_real: 9.8009e-08 ] [ out_d_real: 1.7750e+01 ] [ l_d_fake: 0.0000e+00 ] [ out_d_fake: -1.5438e+01 ] [ l_d_total: 4.9004e-08 ] 
2025-07-09 23:00:23,512 INFO: [1;32mSaving models and training states.[0m
